#
# There is insufficient memory for the Java Runtime Environment to continue.
# Native memory allocation (malloc) failed to allocate 995056 bytes for Chunk::new
# Possible reasons:
#   The system is out of physical RAM or swap space
#   The process is running with CompressedOops enabled, and the Java Heap may be blocking the growth of the native heap
# Possible solutions:
#   Reduce memory load on the system
#   Increase physical memory or swap space
#   Check if swap backing store is full
#   Decrease Java heap size (-Xmx/-Xms)
#   Decrease number of Java threads
#   Decrease Java thread stack sizes (-Xss)
#   Set larger code cache with -XX:ReservedCodeCacheSize=
#   JVM is running with Unscaled Compressed Oops mode in which the Java heap is
#     placed in the first 4GB address space. The Java Heap base address is the
#     maximum limit for the native heap growth. Please use -XX:HeapBaseMinAddress
#     to set the Java Heap base and to place the Java Heap above 4GB virtual address.
# This output file may be truncated or incomplete.
#
#  Out of Memory Error (./open/src/hotspot/share/memory/arena.cpp:197), pid=29856, tid=29760
#
# JRE version: Java(TM) SE Runtime Environment 18.9 (11.0.14+8) (build 11.0.14+8-LTS-263)
# Java VM: Java HotSpot(TM) 64-Bit Server VM 18.9 (11.0.14+8-LTS-263, mixed mode, tiered, compressed oops, g1 gc, windows-amd64)
# No core dump will be written. Minidumps are not enabled by default on client versions of Windows
#

---------------  S U M M A R Y ------------

Command Line: --add-opens=java.base/java.util=ALL-UNNAMED --add-opens=java.base/java.lang=ALL-UNNAMED --add-opens=java.base/java.lang.invoke=ALL-UNNAMED --add-opens=java.prefs/java.util.prefs=ALL-UNNAMED --add-opens=java.base/java.nio.charset=ALL-UNNAMED --add-opens=java.base/java.net=ALL-UNNAMED --add-opens=java.base/java.util.concurrent.atomic=ALL-UNNAMED -XX:MaxMetaspaceSize=384m -XX:+HeapDumpOnOutOfMemoryError -Xms256m -Xmx512m -Dfile.encoding=UTF-8 -Duser.country=KR -Duser.language=ko -Duser.variant -javaagent:C:\Users\josep\.gradle\wrapper\dists\gradle-8.8-bin\dl7vupf4psengwqhwktix4v1\gradle-8.8\lib\agents\gradle-instrumentation-agent-8.8.jar org.gradle.launcher.daemon.bootstrap.GradleDaemon 8.8

Host: Intel(R) Core(TM) i7-8750H CPU @ 2.20GHz, 12 cores, 15G,  Windows 10 , 64 bit Build 19041 (10.0.19041.4842)
Time: Thu Sep 19 00:46:16 2024 대한민국 표준시 elapsed time: 292.120462 seconds (0d 0h 4m 52s)

---------------  T H R E A D  ---------------

Current thread (0x00000253ad1d2800):  JavaThread "C2 CompilerThread0" daemon [_thread_in_native, id=29760, stack(0x0000009d9c000000,0x0000009d9c100000)]


Current CompileTask:
C2: 292120 3416       4       org.objectweb.asm.Frame::execute (2303 bytes)

Stack: [0x0000009d9c000000,0x0000009d9c100000]
Native frames: (J=compiled Java code, j=interpreted, Vv=VM code, C=native code)
V  [jvm.dll+0x6296da]
V  [jvm.dll+0x76323f]
V  [jvm.dll+0x7648e9]
V  [jvm.dll+0x764f73]
V  [jvm.dll+0x23d7c8]
V  [jvm.dll+0xb297c]
V  [jvm.dll+0xb2f3c]
V  [jvm.dll+0x2ae594]
V  [jvm.dll+0x53cec6]
V  [jvm.dll+0x20069d]
V  [jvm.dll+0x1fa44a]
V  [jvm.dll+0x1f742d]
V  [jvm.dll+0x177b21]
V  [jvm.dll+0x206e26]
V  [jvm.dll+0x204fbb]
V  [jvm.dll+0x729170]
V  [jvm.dll+0x721d44]
V  [jvm.dll+0x6285d6]
C  [ucrtbase.dll+0x21bb2]
C  [KERNEL32.DLL+0x17374]
C  [ntdll.dll+0x4cc91]


---------------  P R O C E S S  ---------------

Threads class SMR info:
_java_thread_list=0x00000253b1395630, length=32, elements={
0x0000025391ded000, 0x00000253ac953000, 0x00000253ac95d000, 0x00000253ad1ca000,
0x00000253ad1cc000, 0x00000253ad1cf800, 0x00000253ad1d2800, 0x00000253ad1d4000,
0x00000253ad1d5800, 0x00000253ac8ed000, 0x00000253af27f800, 0x00000253af266800,
0x00000253ae240800, 0x00000253af256800, 0x00000253af47d800, 0x00000253af48b800,
0x00000253ae887800, 0x00000253af4d8800, 0x00000253ae187000, 0x00000253af591000,
0x00000253af590000, 0x00000253af591800, 0x00000253af596800, 0x00000253af595000,
0x00000253af592800, 0x00000253af593000, 0x00000253af594000, 0x00000253af595800,
0x00000253ad45e800, 0x00000253ad460800, 0x00000253ad462000, 0x00000253ad461000
}

Java Threads: ( => current thread )
  0x0000025391ded000 JavaThread "main" [_thread_blocked, id=24460, stack(0x0000009d9b400000,0x0000009d9b500000)]
  0x00000253ac953000 JavaThread "Reference Handler" daemon [_thread_blocked, id=30680, stack(0x0000009d9bb00000,0x0000009d9bc00000)]
  0x00000253ac95d000 JavaThread "Finalizer" daemon [_thread_blocked, id=30688, stack(0x0000009d9bc00000,0x0000009d9bd00000)]
  0x00000253ad1ca000 JavaThread "Signal Dispatcher" daemon [_thread_blocked, id=30040, stack(0x0000009d9bd00000,0x0000009d9be00000)]
  0x00000253ad1cc000 JavaThread "Attach Listener" daemon [_thread_blocked, id=28132, stack(0x0000009d9be00000,0x0000009d9bf00000)]
  0x00000253ad1cf800 JavaThread "Service Thread" daemon [_thread_blocked, id=29908, stack(0x0000009d9bf00000,0x0000009d9c000000)]
=>0x00000253ad1d2800 JavaThread "C2 CompilerThread0" daemon [_thread_in_native, id=29760, stack(0x0000009d9c000000,0x0000009d9c100000)]
  0x00000253ad1d4000 JavaThread "C1 CompilerThread0" daemon [_thread_blocked, id=29756, stack(0x0000009d9c100000,0x0000009d9c200000)]
  0x00000253ad1d5800 JavaThread "Sweeper thread" daemon [_thread_blocked, id=27856, stack(0x0000009d9c200000,0x0000009d9c300000)]
  0x00000253ac8ed000 JavaThread "Common-Cleaner" daemon [_thread_blocked, id=29952, stack(0x0000009d9c300000,0x0000009d9c400000)]
  0x00000253af27f800 JavaThread "Daemon health stats" [_thread_blocked, id=31316, stack(0x0000009d9cb00000,0x0000009d9cc00000)]
  0x00000253af266800 JavaThread "Incoming local TCP Connector on port 61909" [_thread_in_native, id=31340, stack(0x0000009d9c500000,0x0000009d9c600000)]
  0x00000253ae240800 JavaThread "Daemon periodic checks" [_thread_blocked, id=31344, stack(0x0000009d9cc00000,0x0000009d9cd00000)]
  0x00000253af256800 JavaThread "Daemon" [_thread_blocked, id=31348, stack(0x0000009d9cd00000,0x0000009d9ce00000)]
  0x00000253af47d800 JavaThread "Handler for socket connection from /127.0.0.1:61909 to /127.0.0.1:61910" [_thread_in_native, id=31352, stack(0x0000009d9ce00000,0x0000009d9cf00000)]
  0x00000253af48b800 JavaThread "Cancel handler" [_thread_blocked, id=31356, stack(0x0000009d9cf00000,0x0000009d9d000000)]
  0x00000253ae887800 JavaThread "Daemon worker" [_thread_in_Java, id=31360, stack(0x0000009d9d000000,0x0000009d9d100000)]
  0x00000253af4d8800 JavaThread "Asynchronous log dispatcher for DefaultDaemonConnection: socket connection from /127.0.0.1:61909 to /127.0.0.1:61910" [_thread_blocked, id=31372, stack(0x0000009d9d100000,0x0000009d9d200000)]
  0x00000253ae187000 JavaThread "Stdin handler" [_thread_blocked, id=31376, stack(0x0000009d9d200000,0x0000009d9d300000)]
  0x00000253af591000 JavaThread "Daemon client event forwarder" [_thread_blocked, id=31380, stack(0x0000009d9d300000,0x0000009d9d400000)]
  0x00000253af590000 JavaThread "Cache worker for journal cache (C:\Users\josep\.gradle\caches\journal-1)" [_thread_blocked, id=31436, stack(0x0000009d9da00000,0x0000009d9db00000)]
  0x00000253af591800 JavaThread "File lock request listener" [_thread_in_native, id=31440, stack(0x0000009d9db00000,0x0000009d9dc00000)]
  0x00000253af596800 JavaThread "Cache worker for file hash cache (C:\Users\josep\.gradle\caches\8.8\fileHashes)" [_thread_blocked, id=31448, stack(0x0000009d9dc00000,0x0000009d9dd00000)]
  0x00000253af595000 JavaThread "Cache worker for file hash cache (D:\StudyGroups\BE Study\Spring\project\.gradle\8.8\fileHashes)" [_thread_blocked, id=31460, stack(0x0000009d9de00000,0x0000009d9df00000)]
  0x00000253af592800 JavaThread "Daemon Thread 2" [_thread_blocked, id=31116, stack(0x0000009d9e100000,0x0000009d9e200000)]
  0x00000253af593000 JavaThread "File lock release action executor Thread 2" [_thread_blocked, id=36304, stack(0x0000009d9b100000,0x0000009d9b200000)]
  0x00000253af594000 JavaThread "File watcher server" daemon [_thread_in_native, id=35436, stack(0x0000009d9b200000,0x0000009d9b300000)]
  0x00000253af595800 JavaThread "File watcher consumer" daemon [_thread_blocked, id=35756, stack(0x0000009d9b300000,0x0000009d9b400000)]
  0x00000253ad45e800 JavaThread "Cache worker for checksums cache (D:\StudyGroups\BE Study\Spring\project\.gradle\8.8\checksums)" [_thread_blocked, id=31636, stack(0x0000009d9dd00000,0x0000009d9de00000)]
  0x00000253ad460800 JavaThread "Cache worker for file content cache (C:\Users\josep\.gradle\caches\8.8\fileContent)" [_thread_blocked, id=35572, stack(0x0000009d9df00000,0x0000009d9e000000)]
  0x00000253ad462000 JavaThread "Cache worker for cache directory md-rule (C:\Users\josep\.gradle\caches\8.8\md-rule)" [_thread_blocked, id=35148, stack(0x0000009d9e000000,0x0000009d9e100000)]
  0x00000253ad461000 JavaThread "Cache worker for cache directory md-supplier (C:\Users\josep\.gradle\caches\8.8\md-supplier)" [_thread_blocked, id=35636, stack(0x0000009d9e200000,0x0000009d9e300000)]

Other Threads:
  0x00000253ac92f800 VMThread "VM Thread" [stack: 0x0000009d9ba00000,0x0000009d9bb00000] [id=30664]
  0x00000253ad484800 WatcherThread [stack: 0x0000009d9c400000,0x0000009d9c500000] [id=29348]
  0x0000025391e02800 GCTaskThread "GC Thread#0" [stack: 0x0000009d9b500000,0x0000009d9b600000] [id=6840]
  0x00000253adce5800 GCTaskThread "GC Thread#1" [stack: 0x0000009d9c600000,0x0000009d9c700000] [id=4756]
  0x00000253adcb4800 GCTaskThread "GC Thread#2" [stack: 0x0000009d9c700000,0x0000009d9c800000] [id=29788]
  0x00000253adb3d000 GCTaskThread "GC Thread#3" [stack: 0x0000009d9c800000,0x0000009d9c900000] [id=27788]
  0x00000253ad5b2000 GCTaskThread "GC Thread#4" [stack: 0x0000009d9c900000,0x0000009d9ca00000] [id=30636]
  0x00000253ae13e800 GCTaskThread "GC Thread#5" [stack: 0x0000009d9ca00000,0x0000009d9cb00000] [id=29904]
  0x00000253af706000 GCTaskThread "GC Thread#6" [stack: 0x0000009d9d400000,0x0000009d9d500000] [id=31412]
  0x00000253af70f000 GCTaskThread "GC Thread#7" [stack: 0x0000009d9d500000,0x0000009d9d600000] [id=31416]
  0x00000253af4c6800 GCTaskThread "GC Thread#8" [stack: 0x0000009d9d600000,0x0000009d9d700000] [id=31420]
  0x00000253af5d2800 GCTaskThread "GC Thread#9" [stack: 0x0000009d9d700000,0x0000009d9d800000] [id=31424]
  0x0000025391e15800 ConcurrentGCThread "G1 Main Marker" [stack: 0x0000009d9b600000,0x0000009d9b700000] [id=28796]
  0x0000025391e19000 ConcurrentGCThread "G1 Conc#0" [stack: 0x0000009d9b700000,0x0000009d9b800000] [id=14216]
  0x00000253af7bc000 ConcurrentGCThread "G1 Conc#1" [stack: 0x0000009d9d800000,0x0000009d9d900000] [id=31428]
  0x00000253af7c1000 ConcurrentGCThread "G1 Conc#2" [stack: 0x0000009d9d900000,0x0000009d9da00000] [id=31432]
  0x0000025391ecd800 ConcurrentGCThread "G1 Refine#0" [stack: 0x0000009d9b800000,0x0000009d9b900000] [id=30404]
  0x00000253ac7c8800 ConcurrentGCThread "G1 Young RemSet Sampling" [stack: 0x0000009d9b900000,0x0000009d9ba00000] [id=30408]

Threads with active compile tasks:
C2 CompilerThread0 292274 3416       4       org.objectweb.asm.Frame::execute (2303 bytes)

VM state:not at safepoint (normal execution)

VM Mutex/Monitor currently owned by a thread: None

Heap address: 0x00000000e0000000, size: 512 MB, Compressed Oops mode: 32-bit
Narrow klass base: 0x0000000000000000, Narrow klass shift: 3
Compressed class space size: 394264576 Address: 0x0000000100000000

Heap:
 garbage-first heap   total 262144K, used 101788K [0x00000000e0000000, 0x0000000100000000)
  region size 1024K, 82 young (83968K), 4 survivors (4096K)
 Metaspace       used 34406K, capacity 35368K, committed 35632K, reserved 415744K
  class space    used 4608K, capacity 4968K, committed 4992K, reserved 385024K
Heap Regions: E=young(eden), S=young(survivor), O=old, HS=humongous(starts), HC=humongous(continues), CS=collection set, F=free, A=archive, TAMS=top-at-mark-start (previous, next)
|   0|0x00000000e0000000, 0x00000000e0100000, 0x00000000e0100000|100%|HS|  |TAMS 0x00000000e0100000, 0x00000000e0000000| Complete 
|   1|0x00000000e0100000, 0x00000000e0200000, 0x00000000e0200000|100%|HC|  |TAMS 0x00000000e0200000, 0x00000000e0100000| Complete 
|   2|0x00000000e0200000, 0x00000000e0300000, 0x00000000e0300000|100%|HC|  |TAMS 0x00000000e0300000, 0x00000000e0200000| Complete 
|   3|0x00000000e0300000, 0x00000000e0400000, 0x00000000e0400000|100%|HC|  |TAMS 0x00000000e0400000, 0x00000000e0300000| Complete 
|   4|0x00000000e0400000, 0x00000000e0500000, 0x00000000e0500000|100%| O|  |TAMS 0x00000000e0500000, 0x00000000e0400000| Untracked 
|   5|0x00000000e0500000, 0x00000000e0600000, 0x00000000e0600000|100%| O|  |TAMS 0x00000000e0600000, 0x00000000e0500000| Untracked 
|   6|0x00000000e0600000, 0x00000000e0700000, 0x00000000e0700000|100%| O|  |TAMS 0x00000000e0700000, 0x00000000e0600000| Untracked 
|   7|0x00000000e0700000, 0x00000000e0800000, 0x00000000e0800000|100%| O|  |TAMS 0x00000000e074d400, 0x00000000e0700000| Untracked 
|   8|0x00000000e0800000, 0x00000000e0900000, 0x00000000e0900000|100%|HS|  |TAMS 0x00000000e0900000, 0x00000000e0800000| Complete 
|   9|0x00000000e0900000, 0x00000000e0a00000, 0x00000000e0a00000|100%| O|  |TAMS 0x00000000e0900000, 0x00000000e0900000| Untracked 
|  10|0x00000000e0a00000, 0x00000000e0b00000, 0x00000000e0b00000|100%| O|  |TAMS 0x00000000e0a00000, 0x00000000e0a00000| Untracked 
|  11|0x00000000e0b00000, 0x00000000e0c00000, 0x00000000e0c00000|100%| O|  |TAMS 0x00000000e0b00000, 0x00000000e0b00000| Untracked 
|  12|0x00000000e0c00000, 0x00000000e0d00000, 0x00000000e0d00000|100%| O|  |TAMS 0x00000000e0c00000, 0x00000000e0c00000| Untracked 
|  13|0x00000000e0d00000, 0x00000000e0e00000, 0x00000000e0e00000|100%| O|  |TAMS 0x00000000e0d00000, 0x00000000e0d00000| Untracked 
|  14|0x00000000e0e00000, 0x00000000e0f00000, 0x00000000e0f00000|100%| O|  |TAMS 0x00000000e0e00000, 0x00000000e0e00000| Untracked 
|  15|0x00000000e0f00000, 0x00000000e1000000, 0x00000000e1000000|100%| O|  |TAMS 0x00000000e0f00000, 0x00000000e0f00000| Untracked 
|  16|0x00000000e1000000, 0x00000000e1100000, 0x00000000e1100000|100%| O|  |TAMS 0x00000000e1000000, 0x00000000e1000000| Untracked 
|  17|0x00000000e1100000, 0x00000000e1200000, 0x00000000e1200000|100%| O|  |TAMS 0x00000000e1100000, 0x00000000e1100000| Untracked 
|  18|0x00000000e1200000, 0x00000000e1300000, 0x00000000e1300000|100%| O|  |TAMS 0x00000000e1200000, 0x00000000e1200000| Untracked 
|  19|0x00000000e1300000, 0x00000000e1318e00, 0x00000000e1400000|  9%| O|  |TAMS 0x00000000e1300000, 0x00000000e1300000| Untracked 
|  20|0x00000000e1400000, 0x00000000e1400000, 0x00000000e1500000|  0%| F|  |TAMS 0x00000000e1400000, 0x00000000e1400000| Untracked 
|  21|0x00000000e1500000, 0x00000000e1500000, 0x00000000e1600000|  0%| F|  |TAMS 0x00000000e1500000, 0x00000000e1500000| Untracked 
|  22|0x00000000e1600000, 0x00000000e1600000, 0x00000000e1700000|  0%| F|  |TAMS 0x00000000e1600000, 0x00000000e1600000| Untracked 
|  23|0x00000000e1700000, 0x00000000e1700000, 0x00000000e1800000|  0%| F|  |TAMS 0x00000000e1700000, 0x00000000e1700000| Untracked 
|  24|0x00000000e1800000, 0x00000000e1800000, 0x00000000e1900000|  0%| F|  |TAMS 0x00000000e1800000, 0x00000000e1800000| Untracked 
|  25|0x00000000e1900000, 0x00000000e1900000, 0x00000000e1a00000|  0%| F|  |TAMS 0x00000000e1900000, 0x00000000e1900000| Untracked 
|  26|0x00000000e1a00000, 0x00000000e1a00000, 0x00000000e1b00000|  0%| F|  |TAMS 0x00000000e1a00000, 0x00000000e1a00000| Untracked 
|  27|0x00000000e1b00000, 0x00000000e1b00000, 0x00000000e1c00000|  0%| F|  |TAMS 0x00000000e1b00000, 0x00000000e1b00000| Untracked 
|  28|0x00000000e1c00000, 0x00000000e1c00000, 0x00000000e1d00000|  0%| F|  |TAMS 0x00000000e1c00000, 0x00000000e1c00000| Untracked 
|  29|0x00000000e1d00000, 0x00000000e1d00000, 0x00000000e1e00000|  0%| F|  |TAMS 0x00000000e1d00000, 0x00000000e1d00000| Untracked 
|  30|0x00000000e1e00000, 0x00000000e1e00000, 0x00000000e1f00000|  0%| F|  |TAMS 0x00000000e1e00000, 0x00000000e1e00000| Untracked 
|  31|0x00000000e1f00000, 0x00000000e1f00000, 0x00000000e2000000|  0%| F|  |TAMS 0x00000000e1f00000, 0x00000000e1f00000| Untracked 
|  32|0x00000000e2000000, 0x00000000e2000000, 0x00000000e2100000|  0%| F|  |TAMS 0x00000000e2000000, 0x00000000e2000000| Untracked 
|  33|0x00000000e2100000, 0x00000000e2100000, 0x00000000e2200000|  0%| F|  |TAMS 0x00000000e2100000, 0x00000000e2100000| Untracked 
|  34|0x00000000e2200000, 0x00000000e2200000, 0x00000000e2300000|  0%| F|  |TAMS 0x00000000e2200000, 0x00000000e2200000| Untracked 
|  35|0x00000000e2300000, 0x00000000e2300000, 0x00000000e2400000|  0%| F|  |TAMS 0x00000000e2300000, 0x00000000e2300000| Untracked 
|  36|0x00000000e2400000, 0x00000000e2400000, 0x00000000e2500000|  0%| F|  |TAMS 0x00000000e2400000, 0x00000000e2400000| Untracked 
|  37|0x00000000e2500000, 0x00000000e2500000, 0x00000000e2600000|  0%| F|  |TAMS 0x00000000e2500000, 0x00000000e2500000| Untracked 
|  38|0x00000000e2600000, 0x00000000e2600000, 0x00000000e2700000|  0%| F|  |TAMS 0x00000000e2600000, 0x00000000e2600000| Untracked 
|  39|0x00000000e2700000, 0x00000000e2700000, 0x00000000e2800000|  0%| F|  |TAMS 0x00000000e2700000, 0x00000000e2700000| Untracked 
|  40|0x00000000e2800000, 0x00000000e2800000, 0x00000000e2900000|  0%| F|  |TAMS 0x00000000e2800000, 0x00000000e2800000| Untracked 
|  41|0x00000000e2900000, 0x00000000e2900000, 0x00000000e2a00000|  0%| F|  |TAMS 0x00000000e2900000, 0x00000000e2900000| Untracked 
|  42|0x00000000e2a00000, 0x00000000e2a00000, 0x00000000e2b00000|  0%| F|  |TAMS 0x00000000e2a00000, 0x00000000e2a00000| Untracked 
|  43|0x00000000e2b00000, 0x00000000e2b00000, 0x00000000e2c00000|  0%| F|  |TAMS 0x00000000e2b00000, 0x00000000e2b00000| Untracked 
|  44|0x00000000e2c00000, 0x00000000e2c00000, 0x00000000e2d00000|  0%| F|  |TAMS 0x00000000e2c00000, 0x00000000e2c00000| Untracked 
|  45|0x00000000e2d00000, 0x00000000e2d00000, 0x00000000e2e00000|  0%| F|  |TAMS 0x00000000e2d00000, 0x00000000e2d00000| Untracked 
|  46|0x00000000e2e00000, 0x00000000e2e00000, 0x00000000e2f00000|  0%| F|  |TAMS 0x00000000e2e00000, 0x00000000e2e00000| Untracked 
|  47|0x00000000e2f00000, 0x00000000e2f00000, 0x00000000e3000000|  0%| F|  |TAMS 0x00000000e2f00000, 0x00000000e2f00000| Untracked 
|  48|0x00000000e3000000, 0x00000000e3000000, 0x00000000e3100000|  0%| F|  |TAMS 0x00000000e3000000, 0x00000000e3000000| Untracked 
|  49|0x00000000e3100000, 0x00000000e3100000, 0x00000000e3200000|  0%| F|  |TAMS 0x00000000e3100000, 0x00000000e3100000| Untracked 
|  50|0x00000000e3200000, 0x00000000e3200000, 0x00000000e3300000|  0%| F|  |TAMS 0x00000000e3200000, 0x00000000e3200000| Untracked 
|  51|0x00000000e3300000, 0x00000000e3300000, 0x00000000e3400000|  0%| F|  |TAMS 0x00000000e3300000, 0x00000000e3300000| Untracked 
|  52|0x00000000e3400000, 0x00000000e3400000, 0x00000000e3500000|  0%| F|  |TAMS 0x00000000e3400000, 0x00000000e3400000| Untracked 
|  53|0x00000000e3500000, 0x00000000e3500000, 0x00000000e3600000|  0%| F|  |TAMS 0x00000000e3500000, 0x00000000e3500000| Untracked 
|  54|0x00000000e3600000, 0x00000000e3600000, 0x00000000e3700000|  0%| F|  |TAMS 0x00000000e3600000, 0x00000000e3600000| Untracked 
|  55|0x00000000e3700000, 0x00000000e3700000, 0x00000000e3800000|  0%| F|  |TAMS 0x00000000e3700000, 0x00000000e3700000| Untracked 
|  56|0x00000000e3800000, 0x00000000e3800000, 0x00000000e3900000|  0%| F|  |TAMS 0x00000000e3800000, 0x00000000e3800000| Untracked 
|  57|0x00000000e3900000, 0x00000000e3900000, 0x00000000e3a00000|  0%| F|  |TAMS 0x00000000e3900000, 0x00000000e3900000| Untracked 
|  58|0x00000000e3a00000, 0x00000000e3a00000, 0x00000000e3b00000|  0%| F|  |TAMS 0x00000000e3a00000, 0x00000000e3a00000| Untracked 
|  59|0x00000000e3b00000, 0x00000000e3b00000, 0x00000000e3c00000|  0%| F|  |TAMS 0x00000000e3b00000, 0x00000000e3b00000| Untracked 
|  60|0x00000000e3c00000, 0x00000000e3c00000, 0x00000000e3d00000|  0%| F|  |TAMS 0x00000000e3c00000, 0x00000000e3c00000| Untracked 
|  61|0x00000000e3d00000, 0x00000000e3d00000, 0x00000000e3e00000|  0%| F|  |TAMS 0x00000000e3d00000, 0x00000000e3d00000| Untracked 
|  62|0x00000000e3e00000, 0x00000000e3e00000, 0x00000000e3f00000|  0%| F|  |TAMS 0x00000000e3e00000, 0x00000000e3e00000| Untracked 
|  63|0x00000000e3f00000, 0x00000000e3f00000, 0x00000000e4000000|  0%| F|  |TAMS 0x00000000e3f00000, 0x00000000e3f00000| Untracked 
|  64|0x00000000e4000000, 0x00000000e4000000, 0x00000000e4100000|  0%| F|  |TAMS 0x00000000e4000000, 0x00000000e4000000| Untracked 
|  65|0x00000000e4100000, 0x00000000e4100000, 0x00000000e4200000|  0%| F|  |TAMS 0x00000000e4100000, 0x00000000e4100000| Untracked 
|  66|0x00000000e4200000, 0x00000000e4200000, 0x00000000e4300000|  0%| F|  |TAMS 0x00000000e4200000, 0x00000000e4200000| Untracked 
|  67|0x00000000e4300000, 0x00000000e4300000, 0x00000000e4400000|  0%| F|  |TAMS 0x00000000e4300000, 0x00000000e4300000| Untracked 
|  68|0x00000000e4400000, 0x00000000e4400000, 0x00000000e4500000|  0%| F|  |TAMS 0x00000000e4400000, 0x00000000e4400000| Untracked 
|  69|0x00000000e4500000, 0x00000000e4500000, 0x00000000e4600000|  0%| F|  |TAMS 0x00000000e4500000, 0x00000000e4500000| Untracked 
|  70|0x00000000e4600000, 0x00000000e4600000, 0x00000000e4700000|  0%| F|  |TAMS 0x00000000e4600000, 0x00000000e4600000| Untracked 
|  71|0x00000000e4700000, 0x00000000e4700000, 0x00000000e4800000|  0%| F|  |TAMS 0x00000000e4700000, 0x00000000e4700000| Untracked 
|  72|0x00000000e4800000, 0x00000000e4800000, 0x00000000e4900000|  0%| F|  |TAMS 0x00000000e4800000, 0x00000000e4800000| Untracked 
|  73|0x00000000e4900000, 0x00000000e4900000, 0x00000000e4a00000|  0%| F|  |TAMS 0x00000000e4900000, 0x00000000e4900000| Untracked 
|  74|0x00000000e4a00000, 0x00000000e4a00000, 0x00000000e4b00000|  0%| F|  |TAMS 0x00000000e4a00000, 0x00000000e4a00000| Untracked 
|  75|0x00000000e4b00000, 0x00000000e4b00000, 0x00000000e4c00000|  0%| F|  |TAMS 0x00000000e4b00000, 0x00000000e4b00000| Untracked 
|  76|0x00000000e4c00000, 0x00000000e4c00000, 0x00000000e4d00000|  0%| F|  |TAMS 0x00000000e4c00000, 0x00000000e4c00000| Untracked 
|  77|0x00000000e4d00000, 0x00000000e4d00000, 0x00000000e4e00000|  0%| F|  |TAMS 0x00000000e4d00000, 0x00000000e4d00000| Untracked 
|  78|0x00000000e4e00000, 0x00000000e4e00000, 0x00000000e4f00000|  0%| F|  |TAMS 0x00000000e4e00000, 0x00000000e4e00000| Untracked 
|  79|0x00000000e4f00000, 0x00000000e4f00000, 0x00000000e5000000|  0%| F|  |TAMS 0x00000000e4f00000, 0x00000000e4f00000| Untracked 
|  80|0x00000000e5000000, 0x00000000e5000000, 0x00000000e5100000|  0%| F|  |TAMS 0x00000000e5000000, 0x00000000e5000000| Untracked 
|  81|0x00000000e5100000, 0x00000000e5100000, 0x00000000e5200000|  0%| F|  |TAMS 0x00000000e5100000, 0x00000000e5100000| Untracked 
|  82|0x00000000e5200000, 0x00000000e5200000, 0x00000000e5300000|  0%| F|  |TAMS 0x00000000e5200000, 0x00000000e5200000| Untracked 
|  83|0x00000000e5300000, 0x00000000e5300000, 0x00000000e5400000|  0%| F|  |TAMS 0x00000000e5300000, 0x00000000e5300000| Untracked 
|  84|0x00000000e5400000, 0x00000000e5400000, 0x00000000e5500000|  0%| F|  |TAMS 0x00000000e5400000, 0x00000000e5400000| Untracked 
|  85|0x00000000e5500000, 0x00000000e5500000, 0x00000000e5600000|  0%| F|  |TAMS 0x00000000e5500000, 0x00000000e5500000| Untracked 
|  86|0x00000000e5600000, 0x00000000e5600000, 0x00000000e5700000|  0%| F|  |TAMS 0x00000000e5600000, 0x00000000e5600000| Untracked 
|  87|0x00000000e5700000, 0x00000000e5700000, 0x00000000e5800000|  0%| F|  |TAMS 0x00000000e5700000, 0x00000000e5700000| Untracked 
|  88|0x00000000e5800000, 0x00000000e5800000, 0x00000000e5900000|  0%| F|  |TAMS 0x00000000e5800000, 0x00000000e5800000| Untracked 
|  89|0x00000000e5900000, 0x00000000e5900000, 0x00000000e5a00000|  0%| F|  |TAMS 0x00000000e5900000, 0x00000000e5900000| Untracked 
|  90|0x00000000e5a00000, 0x00000000e5a00000, 0x00000000e5b00000|  0%| F|  |TAMS 0x00000000e5a00000, 0x00000000e5a00000| Untracked 
|  91|0x00000000e5b00000, 0x00000000e5b00000, 0x00000000e5c00000|  0%| F|  |TAMS 0x00000000e5b00000, 0x00000000e5b00000| Untracked 
|  92|0x00000000e5c00000, 0x00000000e5c00000, 0x00000000e5d00000|  0%| F|  |TAMS 0x00000000e5c00000, 0x00000000e5c00000| Untracked 
|  93|0x00000000e5d00000, 0x00000000e5d00000, 0x00000000e5e00000|  0%| F|  |TAMS 0x00000000e5d00000, 0x00000000e5d00000| Untracked 
|  94|0x00000000e5e00000, 0x00000000e5e00000, 0x00000000e5f00000|  0%| F|  |TAMS 0x00000000e5e00000, 0x00000000e5e00000| Untracked 
|  95|0x00000000e5f00000, 0x00000000e5f00000, 0x00000000e6000000|  0%| F|  |TAMS 0x00000000e5f00000, 0x00000000e5f00000| Untracked 
|  96|0x00000000e6000000, 0x00000000e6000000, 0x00000000e6100000|  0%| F|  |TAMS 0x00000000e6000000, 0x00000000e6000000| Untracked 
|  97|0x00000000e6100000, 0x00000000e6100000, 0x00000000e6200000|  0%| F|  |TAMS 0x00000000e6100000, 0x00000000e6100000| Untracked 
|  98|0x00000000e6200000, 0x00000000e6200000, 0x00000000e6300000|  0%| F|  |TAMS 0x00000000e6200000, 0x00000000e6200000| Untracked 
|  99|0x00000000e6300000, 0x00000000e6300000, 0x00000000e6400000|  0%| F|  |TAMS 0x00000000e6300000, 0x00000000e6300000| Untracked 
| 100|0x00000000e6400000, 0x00000000e6400000, 0x00000000e6500000|  0%| F|  |TAMS 0x00000000e6400000, 0x00000000e6400000| Untracked 
| 101|0x00000000e6500000, 0x00000000e6500000, 0x00000000e6600000|  0%| F|  |TAMS 0x00000000e6500000, 0x00000000e6500000| Untracked 
| 102|0x00000000e6600000, 0x00000000e6600000, 0x00000000e6700000|  0%| F|  |TAMS 0x00000000e6600000, 0x00000000e6600000| Untracked 
| 103|0x00000000e6700000, 0x00000000e6700000, 0x00000000e6800000|  0%| F|  |TAMS 0x00000000e6700000, 0x00000000e6700000| Untracked 
| 104|0x00000000e6800000, 0x00000000e6800000, 0x00000000e6900000|  0%| F|  |TAMS 0x00000000e6800000, 0x00000000e6800000| Untracked 
| 105|0x00000000e6900000, 0x00000000e6900000, 0x00000000e6a00000|  0%| F|  |TAMS 0x00000000e6900000, 0x00000000e6900000| Untracked 
| 106|0x00000000e6a00000, 0x00000000e6a00000, 0x00000000e6b00000|  0%| F|  |TAMS 0x00000000e6a00000, 0x00000000e6a00000| Untracked 
| 107|0x00000000e6b00000, 0x00000000e6b00000, 0x00000000e6c00000|  0%| F|  |TAMS 0x00000000e6b00000, 0x00000000e6b00000| Untracked 
| 108|0x00000000e6c00000, 0x00000000e6c00000, 0x00000000e6d00000|  0%| F|  |TAMS 0x00000000e6c00000, 0x00000000e6c00000| Untracked 
| 109|0x00000000e6d00000, 0x00000000e6d00000, 0x00000000e6e00000|  0%| F|  |TAMS 0x00000000e6d00000, 0x00000000e6d00000| Untracked 
| 110|0x00000000e6e00000, 0x00000000e6e00000, 0x00000000e6f00000|  0%| F|  |TAMS 0x00000000e6e00000, 0x00000000e6e00000| Untracked 
| 111|0x00000000e6f00000, 0x00000000e6f00000, 0x00000000e7000000|  0%| F|  |TAMS 0x00000000e6f00000, 0x00000000e6f00000| Untracked 
| 112|0x00000000e7000000, 0x00000000e7000000, 0x00000000e7100000|  0%| F|  |TAMS 0x00000000e7000000, 0x00000000e7000000| Untracked 
| 113|0x00000000e7100000, 0x00000000e7100000, 0x00000000e7200000|  0%| F|  |TAMS 0x00000000e7100000, 0x00000000e7100000| Untracked 
| 114|0x00000000e7200000, 0x00000000e7200000, 0x00000000e7300000|  0%| F|  |TAMS 0x00000000e7200000, 0x00000000e7200000| Untracked 
| 115|0x00000000e7300000, 0x00000000e7300000, 0x00000000e7400000|  0%| F|  |TAMS 0x00000000e7300000, 0x00000000e7300000| Untracked 
| 116|0x00000000e7400000, 0x00000000e7400000, 0x00000000e7500000|  0%| F|  |TAMS 0x00000000e7400000, 0x00000000e7400000| Untracked 
| 117|0x00000000e7500000, 0x00000000e7500000, 0x00000000e7600000|  0%| F|  |TAMS 0x00000000e7500000, 0x00000000e7500000| Untracked 
| 118|0x00000000e7600000, 0x00000000e7600000, 0x00000000e7700000|  0%| F|  |TAMS 0x00000000e7600000, 0x00000000e7600000| Untracked 
| 119|0x00000000e7700000, 0x00000000e7700000, 0x00000000e7800000|  0%| F|  |TAMS 0x00000000e7700000, 0x00000000e7700000| Untracked 
| 120|0x00000000e7800000, 0x00000000e7800000, 0x00000000e7900000|  0%| F|  |TAMS 0x00000000e7800000, 0x00000000e7800000| Untracked 
| 121|0x00000000e7900000, 0x00000000e7900000, 0x00000000e7a00000|  0%| F|  |TAMS 0x00000000e7900000, 0x00000000e7900000| Untracked 
| 122|0x00000000e7a00000, 0x00000000e7a00000, 0x00000000e7b00000|  0%| F|  |TAMS 0x00000000e7a00000, 0x00000000e7a00000| Untracked 
| 123|0x00000000e7b00000, 0x00000000e7b00000, 0x00000000e7c00000|  0%| F|  |TAMS 0x00000000e7b00000, 0x00000000e7b00000| Untracked 
| 124|0x00000000e7c00000, 0x00000000e7c00000, 0x00000000e7d00000|  0%| F|  |TAMS 0x00000000e7c00000, 0x00000000e7c00000| Untracked 
| 125|0x00000000e7d00000, 0x00000000e7d00000, 0x00000000e7e00000|  0%| F|  |TAMS 0x00000000e7d00000, 0x00000000e7d00000| Untracked 
| 126|0x00000000e7e00000, 0x00000000e7e00000, 0x00000000e7f00000|  0%| F|  |TAMS 0x00000000e7e00000, 0x00000000e7e00000| Untracked 
| 127|0x00000000e7f00000, 0x00000000e7f00000, 0x00000000e8000000|  0%| F|  |TAMS 0x00000000e7f00000, 0x00000000e7f00000| Untracked 
| 128|0x00000000e8000000, 0x00000000e8000000, 0x00000000e8100000|  0%| F|  |TAMS 0x00000000e8000000, 0x00000000e8000000| Untracked 
| 129|0x00000000e8100000, 0x00000000e8100000, 0x00000000e8200000|  0%| F|  |TAMS 0x00000000e8100000, 0x00000000e8100000| Untracked 
| 130|0x00000000e8200000, 0x00000000e8200000, 0x00000000e8300000|  0%| F|  |TAMS 0x00000000e8200000, 0x00000000e8200000| Untracked 
| 131|0x00000000e8300000, 0x00000000e8300000, 0x00000000e8400000|  0%| F|  |TAMS 0x00000000e8300000, 0x00000000e8300000| Untracked 
| 132|0x00000000e8400000, 0x00000000e8400000, 0x00000000e8500000|  0%| F|  |TAMS 0x00000000e8400000, 0x00000000e8400000| Untracked 
| 133|0x00000000e8500000, 0x00000000e8500000, 0x00000000e8600000|  0%| F|  |TAMS 0x00000000e8500000, 0x00000000e8500000| Untracked 
| 134|0x00000000e8600000, 0x00000000e8600000, 0x00000000e8700000|  0%| F|  |TAMS 0x00000000e8600000, 0x00000000e8600000| Untracked 
| 135|0x00000000e8700000, 0x00000000e8700000, 0x00000000e8800000|  0%| F|  |TAMS 0x00000000e8700000, 0x00000000e8700000| Untracked 
| 136|0x00000000e8800000, 0x00000000e8800000, 0x00000000e8900000|  0%| F|  |TAMS 0x00000000e8800000, 0x00000000e8800000| Untracked 
| 137|0x00000000e8900000, 0x00000000e8900000, 0x00000000e8a00000|  0%| F|  |TAMS 0x00000000e8900000, 0x00000000e8900000| Untracked 
| 138|0x00000000e8a00000, 0x00000000e8a00000, 0x00000000e8b00000|  0%| F|  |TAMS 0x00000000e8a00000, 0x00000000e8a00000| Untracked 
| 139|0x00000000e8b00000, 0x00000000e8b00000, 0x00000000e8c00000|  0%| F|  |TAMS 0x00000000e8b00000, 0x00000000e8b00000| Untracked 
| 140|0x00000000e8c00000, 0x00000000e8c00000, 0x00000000e8d00000|  0%| F|  |TAMS 0x00000000e8c00000, 0x00000000e8c00000| Untracked 
| 141|0x00000000e8d00000, 0x00000000e8d00000, 0x00000000e8e00000|  0%| F|  |TAMS 0x00000000e8d00000, 0x00000000e8d00000| Untracked 
| 142|0x00000000e8e00000, 0x00000000e8e00000, 0x00000000e8f00000|  0%| F|  |TAMS 0x00000000e8e00000, 0x00000000e8e00000| Untracked 
| 143|0x00000000e8f00000, 0x00000000e8f00000, 0x00000000e9000000|  0%| F|  |TAMS 0x00000000e8f00000, 0x00000000e8f00000| Untracked 
| 144|0x00000000e9000000, 0x00000000e9000000, 0x00000000e9100000|  0%| F|  |TAMS 0x00000000e9000000, 0x00000000e9000000| Untracked 
| 145|0x00000000e9100000, 0x00000000e9100000, 0x00000000e9200000|  0%| F|  |TAMS 0x00000000e9100000, 0x00000000e9100000| Untracked 
| 146|0x00000000e9200000, 0x00000000e9200000, 0x00000000e9300000|  0%| F|  |TAMS 0x00000000e9200000, 0x00000000e9200000| Untracked 
| 147|0x00000000e9300000, 0x00000000e9300000, 0x00000000e9400000|  0%| F|  |TAMS 0x00000000e9300000, 0x00000000e9300000| Untracked 
| 148|0x00000000e9400000, 0x00000000e9400000, 0x00000000e9500000|  0%| F|  |TAMS 0x00000000e9400000, 0x00000000e9400000| Untracked 
| 149|0x00000000e9500000, 0x00000000e9500000, 0x00000000e9600000|  0%| F|  |TAMS 0x00000000e9500000, 0x00000000e9500000| Untracked 
| 150|0x00000000e9600000, 0x00000000e9600000, 0x00000000e9700000|  0%| F|  |TAMS 0x00000000e9600000, 0x00000000e9600000| Untracked 
| 151|0x00000000e9700000, 0x00000000e9700000, 0x00000000e9800000|  0%| F|  |TAMS 0x00000000e9700000, 0x00000000e9700000| Untracked 
| 152|0x00000000e9800000, 0x00000000e9800000, 0x00000000e9900000|  0%| F|  |TAMS 0x00000000e9800000, 0x00000000e9800000| Untracked 
| 153|0x00000000e9900000, 0x00000000e9900000, 0x00000000e9a00000|  0%| F|  |TAMS 0x00000000e9900000, 0x00000000e9900000| Untracked 
| 154|0x00000000e9a00000, 0x00000000e9a00000, 0x00000000e9b00000|  0%| F|  |TAMS 0x00000000e9a00000, 0x00000000e9a00000| Untracked 
| 155|0x00000000e9b00000, 0x00000000e9b00000, 0x00000000e9c00000|  0%| F|  |TAMS 0x00000000e9b00000, 0x00000000e9b00000| Untracked 
| 156|0x00000000e9c00000, 0x00000000e9c00000, 0x00000000e9d00000|  0%| F|  |TAMS 0x00000000e9c00000, 0x00000000e9c00000| Untracked 
| 157|0x00000000e9d00000, 0x00000000e9d4e380, 0x00000000e9e00000| 30%| S|CS|TAMS 0x00000000e9d00000, 0x00000000e9d00000| Complete 
| 158|0x00000000e9e00000, 0x00000000e9f00000, 0x00000000e9f00000|100%| S|CS|TAMS 0x00000000e9e00000, 0x00000000e9e00000| Complete 
| 159|0x00000000e9f00000, 0x00000000ea000000, 0x00000000ea000000|100%| S|CS|TAMS 0x00000000e9f00000, 0x00000000e9f00000| Complete 
| 160|0x00000000ea000000, 0x00000000ea100000, 0x00000000ea100000|100%| S|CS|TAMS 0x00000000ea000000, 0x00000000ea000000| Complete 
| 161|0x00000000ea100000, 0x00000000ea100000, 0x00000000ea200000|  0%| F|  |TAMS 0x00000000ea100000, 0x00000000ea100000| Untracked 
| 162|0x00000000ea200000, 0x00000000ea200000, 0x00000000ea300000|  0%| F|  |TAMS 0x00000000ea200000, 0x00000000ea200000| Untracked 
| 163|0x00000000ea300000, 0x00000000ea300000, 0x00000000ea400000|  0%| F|  |TAMS 0x00000000ea300000, 0x00000000ea300000| Untracked 
| 164|0x00000000ea400000, 0x00000000ea400000, 0x00000000ea500000|  0%| F|  |TAMS 0x00000000ea400000, 0x00000000ea400000| Untracked 
| 165|0x00000000ea500000, 0x00000000ea500000, 0x00000000ea600000|  0%| F|  |TAMS 0x00000000ea500000, 0x00000000ea500000| Untracked 
| 166|0x00000000ea600000, 0x00000000ea600000, 0x00000000ea700000|  0%| F|  |TAMS 0x00000000ea600000, 0x00000000ea600000| Untracked 
| 167|0x00000000ea700000, 0x00000000ea700000, 0x00000000ea800000|  0%| F|  |TAMS 0x00000000ea700000, 0x00000000ea700000| Untracked 
| 168|0x00000000ea800000, 0x00000000ea800000, 0x00000000ea900000|  0%| F|  |TAMS 0x00000000ea800000, 0x00000000ea800000| Untracked 
| 169|0x00000000ea900000, 0x00000000ea900000, 0x00000000eaa00000|  0%| F|  |TAMS 0x00000000ea900000, 0x00000000ea900000| Untracked 
| 170|0x00000000eaa00000, 0x00000000eaa00000, 0x00000000eab00000|  0%| F|  |TAMS 0x00000000eaa00000, 0x00000000eaa00000| Untracked 
| 171|0x00000000eab00000, 0x00000000eab00000, 0x00000000eac00000|  0%| F|  |TAMS 0x00000000eab00000, 0x00000000eab00000| Untracked 
| 172|0x00000000eac00000, 0x00000000eac00000, 0x00000000ead00000|  0%| F|  |TAMS 0x00000000eac00000, 0x00000000eac00000| Untracked 
| 173|0x00000000ead00000, 0x00000000ead00000, 0x00000000eae00000|  0%| F|  |TAMS 0x00000000ead00000, 0x00000000ead00000| Untracked 
| 174|0x00000000eae00000, 0x00000000eae00000, 0x00000000eaf00000|  0%| F|  |TAMS 0x00000000eae00000, 0x00000000eae00000| Untracked 
| 175|0x00000000eaf00000, 0x00000000eaf00000, 0x00000000eb000000|  0%| F|  |TAMS 0x00000000eaf00000, 0x00000000eaf00000| Untracked 
| 176|0x00000000eb000000, 0x00000000eb000000, 0x00000000eb100000|  0%| F|  |TAMS 0x00000000eb000000, 0x00000000eb000000| Untracked 
| 177|0x00000000eb100000, 0x00000000eb100000, 0x00000000eb200000|  0%| F|  |TAMS 0x00000000eb100000, 0x00000000eb100000| Untracked 
| 178|0x00000000eb200000, 0x00000000eb280800, 0x00000000eb300000| 50%| E|  |TAMS 0x00000000eb200000, 0x00000000eb200000| Complete 
| 179|0x00000000eb300000, 0x00000000eb400000, 0x00000000eb400000|100%| E|CS|TAMS 0x00000000eb300000, 0x00000000eb300000| Complete 
| 180|0x00000000eb400000, 0x00000000eb500000, 0x00000000eb500000|100%| E|CS|TAMS 0x00000000eb400000, 0x00000000eb400000| Complete 
| 181|0x00000000eb500000, 0x00000000eb600000, 0x00000000eb600000|100%| E|CS|TAMS 0x00000000eb500000, 0x00000000eb500000| Complete 
| 182|0x00000000eb600000, 0x00000000eb700000, 0x00000000eb700000|100%| E|CS|TAMS 0x00000000eb600000, 0x00000000eb600000| Complete 
| 183|0x00000000eb700000, 0x00000000eb800000, 0x00000000eb800000|100%| E|CS|TAMS 0x00000000eb700000, 0x00000000eb700000| Complete 
| 184|0x00000000eb800000, 0x00000000eb900000, 0x00000000eb900000|100%| E|CS|TAMS 0x00000000eb800000, 0x00000000eb800000| Complete 
| 185|0x00000000eb900000, 0x00000000eba00000, 0x00000000eba00000|100%| E|CS|TAMS 0x00000000eb900000, 0x00000000eb900000| Complete 
| 186|0x00000000eba00000, 0x00000000ebb00000, 0x00000000ebb00000|100%| E|CS|TAMS 0x00000000eba00000, 0x00000000eba00000| Complete 
| 187|0x00000000ebb00000, 0x00000000ebc00000, 0x00000000ebc00000|100%| E|CS|TAMS 0x00000000ebb00000, 0x00000000ebb00000| Complete 
| 188|0x00000000ebc00000, 0x00000000ebd00000, 0x00000000ebd00000|100%| E|CS|TAMS 0x00000000ebc00000, 0x00000000ebc00000| Complete 
| 189|0x00000000ebd00000, 0x00000000ebe00000, 0x00000000ebe00000|100%| E|CS|TAMS 0x00000000ebd00000, 0x00000000ebd00000| Complete 
| 190|0x00000000ebe00000, 0x00000000ebf00000, 0x00000000ebf00000|100%| E|CS|TAMS 0x00000000ebe00000, 0x00000000ebe00000| Complete 
| 191|0x00000000ebf00000, 0x00000000ec000000, 0x00000000ec000000|100%| E|CS|TAMS 0x00000000ebf00000, 0x00000000ebf00000| Complete 
| 192|0x00000000ec000000, 0x00000000ec100000, 0x00000000ec100000|100%| E|CS|TAMS 0x00000000ec000000, 0x00000000ec000000| Complete 
| 193|0x00000000ec100000, 0x00000000ec200000, 0x00000000ec200000|100%| E|CS|TAMS 0x00000000ec100000, 0x00000000ec100000| Complete 
| 194|0x00000000ec200000, 0x00000000ec300000, 0x00000000ec300000|100%| E|CS|TAMS 0x00000000ec200000, 0x00000000ec200000| Complete 
| 195|0x00000000ec300000, 0x00000000ec400000, 0x00000000ec400000|100%| E|CS|TAMS 0x00000000ec300000, 0x00000000ec300000| Complete 
| 196|0x00000000ec400000, 0x00000000ec500000, 0x00000000ec500000|100%| E|CS|TAMS 0x00000000ec400000, 0x00000000ec400000| Complete 
| 197|0x00000000ec500000, 0x00000000ec600000, 0x00000000ec600000|100%| E|CS|TAMS 0x00000000ec500000, 0x00000000ec500000| Complete 
| 198|0x00000000ec600000, 0x00000000ec700000, 0x00000000ec700000|100%| E|CS|TAMS 0x00000000ec600000, 0x00000000ec600000| Complete 
| 199|0x00000000ec700000, 0x00000000ec800000, 0x00000000ec800000|100%| E|CS|TAMS 0x00000000ec700000, 0x00000000ec700000| Complete 
| 200|0x00000000ec800000, 0x00000000ec900000, 0x00000000ec900000|100%| E|CS|TAMS 0x00000000ec800000, 0x00000000ec800000| Complete 
| 201|0x00000000ec900000, 0x00000000eca00000, 0x00000000eca00000|100%| E|CS|TAMS 0x00000000ec900000, 0x00000000ec900000| Complete 
| 202|0x00000000eca00000, 0x00000000ecb00000, 0x00000000ecb00000|100%| E|CS|TAMS 0x00000000eca00000, 0x00000000eca00000| Complete 
| 203|0x00000000ecb00000, 0x00000000ecc00000, 0x00000000ecc00000|100%| E|CS|TAMS 0x00000000ecb00000, 0x00000000ecb00000| Complete 
| 204|0x00000000ecc00000, 0x00000000ecd00000, 0x00000000ecd00000|100%| E|CS|TAMS 0x00000000ecc00000, 0x00000000ecc00000| Complete 
| 205|0x00000000ecd00000, 0x00000000ece00000, 0x00000000ece00000|100%| E|CS|TAMS 0x00000000ecd00000, 0x00000000ecd00000| Complete 
| 206|0x00000000ece00000, 0x00000000ecf00000, 0x00000000ecf00000|100%| E|CS|TAMS 0x00000000ece00000, 0x00000000ece00000| Complete 
| 207|0x00000000ecf00000, 0x00000000ed000000, 0x00000000ed000000|100%| E|CS|TAMS 0x00000000ecf00000, 0x00000000ecf00000| Complete 
| 208|0x00000000ed000000, 0x00000000ed100000, 0x00000000ed100000|100%| E|CS|TAMS 0x00000000ed000000, 0x00000000ed000000| Complete 
| 209|0x00000000ed100000, 0x00000000ed200000, 0x00000000ed200000|100%| E|CS|TAMS 0x00000000ed100000, 0x00000000ed100000| Complete 
| 210|0x00000000ed200000, 0x00000000ed300000, 0x00000000ed300000|100%| E|CS|TAMS 0x00000000ed200000, 0x00000000ed200000| Complete 
| 211|0x00000000ed300000, 0x00000000ed400000, 0x00000000ed400000|100%| E|CS|TAMS 0x00000000ed300000, 0x00000000ed300000| Complete 
| 212|0x00000000ed400000, 0x00000000ed500000, 0x00000000ed500000|100%| E|CS|TAMS 0x00000000ed400000, 0x00000000ed400000| Complete 
| 213|0x00000000ed500000, 0x00000000ed600000, 0x00000000ed600000|100%| E|CS|TAMS 0x00000000ed500000, 0x00000000ed500000| Complete 
| 214|0x00000000ed600000, 0x00000000ed700000, 0x00000000ed700000|100%| E|CS|TAMS 0x00000000ed600000, 0x00000000ed600000| Complete 
| 215|0x00000000ed700000, 0x00000000ed800000, 0x00000000ed800000|100%| E|CS|TAMS 0x00000000ed700000, 0x00000000ed700000| Complete 
| 216|0x00000000ed800000, 0x00000000ed900000, 0x00000000ed900000|100%| E|CS|TAMS 0x00000000ed800000, 0x00000000ed800000| Complete 
| 217|0x00000000ed900000, 0x00000000eda00000, 0x00000000eda00000|100%| E|CS|TAMS 0x00000000ed900000, 0x00000000ed900000| Complete 
| 218|0x00000000eda00000, 0x00000000edb00000, 0x00000000edb00000|100%| E|CS|TAMS 0x00000000eda00000, 0x00000000eda00000| Complete 
| 219|0x00000000edb00000, 0x00000000edc00000, 0x00000000edc00000|100%| E|CS|TAMS 0x00000000edb00000, 0x00000000edb00000| Complete 
| 220|0x00000000edc00000, 0x00000000edd00000, 0x00000000edd00000|100%| E|CS|TAMS 0x00000000edc00000, 0x00000000edc00000| Complete 
| 221|0x00000000edd00000, 0x00000000ede00000, 0x00000000ede00000|100%| E|CS|TAMS 0x00000000edd00000, 0x00000000edd00000| Complete 
| 222|0x00000000ede00000, 0x00000000edf00000, 0x00000000edf00000|100%| E|CS|TAMS 0x00000000ede00000, 0x00000000ede00000| Complete 
| 223|0x00000000edf00000, 0x00000000ee000000, 0x00000000ee000000|100%| E|CS|TAMS 0x00000000edf00000, 0x00000000edf00000| Complete 
| 224|0x00000000ee000000, 0x00000000ee100000, 0x00000000ee100000|100%| E|CS|TAMS 0x00000000ee000000, 0x00000000ee000000| Complete 
| 225|0x00000000ee100000, 0x00000000ee200000, 0x00000000ee200000|100%| E|CS|TAMS 0x00000000ee100000, 0x00000000ee100000| Complete 
| 226|0x00000000ee200000, 0x00000000ee300000, 0x00000000ee300000|100%| E|CS|TAMS 0x00000000ee200000, 0x00000000ee200000| Complete 
| 227|0x00000000ee300000, 0x00000000ee400000, 0x00000000ee400000|100%| E|CS|TAMS 0x00000000ee300000, 0x00000000ee300000| Complete 
| 228|0x00000000ee400000, 0x00000000ee500000, 0x00000000ee500000|100%| E|CS|TAMS 0x00000000ee400000, 0x00000000ee400000| Complete 
| 229|0x00000000ee500000, 0x00000000ee600000, 0x00000000ee600000|100%| E|CS|TAMS 0x00000000ee500000, 0x00000000ee500000| Complete 
| 230|0x00000000ee600000, 0x00000000ee700000, 0x00000000ee700000|100%| E|CS|TAMS 0x00000000ee600000, 0x00000000ee600000| Complete 
| 231|0x00000000ee700000, 0x00000000ee800000, 0x00000000ee800000|100%| E|CS|TAMS 0x00000000ee700000, 0x00000000ee700000| Complete 
| 232|0x00000000ee800000, 0x00000000ee900000, 0x00000000ee900000|100%| E|CS|TAMS 0x00000000ee800000, 0x00000000ee800000| Complete 
| 233|0x00000000ee900000, 0x00000000eea00000, 0x00000000eea00000|100%| E|CS|TAMS 0x00000000ee900000, 0x00000000ee900000| Complete 
| 234|0x00000000eea00000, 0x00000000eeb00000, 0x00000000eeb00000|100%| E|CS|TAMS 0x00000000eea00000, 0x00000000eea00000| Complete 
| 235|0x00000000eeb00000, 0x00000000eec00000, 0x00000000eec00000|100%| E|CS|TAMS 0x00000000eeb00000, 0x00000000eeb00000| Complete 
| 236|0x00000000eec00000, 0x00000000eed00000, 0x00000000eed00000|100%| E|CS|TAMS 0x00000000eec00000, 0x00000000eec00000| Complete 
| 237|0x00000000eed00000, 0x00000000eee00000, 0x00000000eee00000|100%| E|CS|TAMS 0x00000000eed00000, 0x00000000eed00000| Complete 
| 238|0x00000000eee00000, 0x00000000eef00000, 0x00000000eef00000|100%| E|CS|TAMS 0x00000000eee00000, 0x00000000eee00000| Complete 
| 239|0x00000000eef00000, 0x00000000ef000000, 0x00000000ef000000|100%| E|CS|TAMS 0x00000000eef00000, 0x00000000eef00000| Complete 
| 240|0x00000000ef000000, 0x00000000ef100000, 0x00000000ef100000|100%| E|CS|TAMS 0x00000000ef000000, 0x00000000ef000000| Complete 
| 241|0x00000000ef100000, 0x00000000ef200000, 0x00000000ef200000|100%| E|CS|TAMS 0x00000000ef100000, 0x00000000ef100000| Complete 
| 242|0x00000000ef200000, 0x00000000ef300000, 0x00000000ef300000|100%| E|CS|TAMS 0x00000000ef200000, 0x00000000ef200000| Complete 
| 243|0x00000000ef300000, 0x00000000ef400000, 0x00000000ef400000|100%| E|CS|TAMS 0x00000000ef300000, 0x00000000ef300000| Complete 
| 244|0x00000000ef400000, 0x00000000ef500000, 0x00000000ef500000|100%| E|CS|TAMS 0x00000000ef400000, 0x00000000ef400000| Complete 
| 245|0x00000000ef500000, 0x00000000ef600000, 0x00000000ef600000|100%| E|CS|TAMS 0x00000000ef500000, 0x00000000ef500000| Complete 
| 246|0x00000000ef600000, 0x00000000ef700000, 0x00000000ef700000|100%| E|CS|TAMS 0x00000000ef600000, 0x00000000ef600000| Complete 
| 247|0x00000000ef700000, 0x00000000ef800000, 0x00000000ef800000|100%| E|CS|TAMS 0x00000000ef700000, 0x00000000ef700000| Complete 
| 248|0x00000000ef800000, 0x00000000ef900000, 0x00000000ef900000|100%| E|CS|TAMS 0x00000000ef800000, 0x00000000ef800000| Complete 
| 249|0x00000000ef900000, 0x00000000efa00000, 0x00000000efa00000|100%| E|CS|TAMS 0x00000000ef900000, 0x00000000ef900000| Complete 
| 250|0x00000000efa00000, 0x00000000efb00000, 0x00000000efb00000|100%| E|CS|TAMS 0x00000000efa00000, 0x00000000efa00000| Complete 
| 251|0x00000000efb00000, 0x00000000efc00000, 0x00000000efc00000|100%| E|CS|TAMS 0x00000000efb00000, 0x00000000efb00000| Complete 
| 252|0x00000000efc00000, 0x00000000efd00000, 0x00000000efd00000|100%| E|CS|TAMS 0x00000000efc00000, 0x00000000efc00000| Complete 
| 253|0x00000000efd00000, 0x00000000efe00000, 0x00000000efe00000|100%| E|CS|TAMS 0x00000000efd00000, 0x00000000efd00000| Complete 
| 254|0x00000000efe00000, 0x00000000eff00000, 0x00000000eff00000|100%| E|CS|TAMS 0x00000000efe00000, 0x00000000efe00000| Complete 
| 255|0x00000000eff00000, 0x00000000f0000000, 0x00000000f0000000|100%| E|CS|TAMS 0x00000000eff00000, 0x00000000eff00000| Complete 

Card table byte_map: [0x00000253a8ac0000,0x00000253a8bc0000] _byte_map_base: 0x00000253a83c0000

Marking Bits (Prev, Next): (CMBitMap*) 0x0000025391e12a30, (CMBitMap*) 0x0000025391e129f8
 Prev Bits: [0x00000253a94c0000, 0x00000253a9cc0000)
 Next Bits: [0x00000253a8cc0000, 0x00000253a94c0000)

Polling page: 0x000002538fd90000

Metaspace:

Usage:
  Non-class:     29.69 MB capacity,    29.13 MB ( 98%) used,   485.77 KB (  2%) free+waste,    87.44 KB ( <1%) overhead. 
      Class:      4.85 MB capacity,     4.51 MB ( 93%) used,   308.71 KB (  6%) free+waste,    44.94 KB ( <1%) overhead. 
       Both:     34.54 MB capacity,    33.63 MB ( 97%) used,   794.48 KB (  2%) free+waste,   132.38 KB ( <1%) overhead. 

Virtual space:
  Non-class space:       30.00 MB reserved,      29.92 MB (>99%) committed 
      Class space:      376.00 MB reserved,       4.88 MB (  1%) committed 
             Both:      406.00 MB reserved,      34.80 MB (  9%) committed 

Chunk freelists:
   Non-Class:  6.00 KB
       Class:  3.00 KB
        Both:  9.00 KB

CodeHeap 'non-profiled nmethods': size=120000Kb used=1682Kb max_used=1682Kb free=118317Kb
 bounds [0x00000253a0f40000, 0x00000253a11b0000, 0x00000253a8470000]
CodeHeap 'profiled nmethods': size=120000Kb used=7297Kb max_used=7297Kb free=112702Kb
 bounds [0x0000025399a10000, 0x000002539a140000, 0x00000253a0f40000]
CodeHeap 'non-nmethods': size=5760Kb used=1181Kb max_used=1212Kb free=4579Kb
 bounds [0x0000025399470000, 0x00000253996e0000, 0x0000025399a10000]
 total_blobs=3947 nmethods=3416 adapters=442
 compilation: enabled
              stopped_count=0, restarted_count=0
 full_count=0

Compilation events (10 events):
Event: 291.966 Thread 0x00000253ad1d4000 nmethod 3415 0x000002539a12d310 code [0x000002539a12d4c0, 0x000002539a12d728]
Event: 291.966 Thread 0x00000253ad1d2800 3416       4       org.objectweb.asm.Frame::execute (2303 bytes)
Event: 291.988 Thread 0x00000253ad1d4000 3417       3       java.lang.invoke.BoundMethodHandle::rebind (14 bytes)
Event: 291.988 Thread 0x00000253ad1d4000 nmethod 3417 0x000002539a12d810 code [0x000002539a12da40, 0x000002539a12e388]
Event: 291.988 Thread 0x00000253ad1d4000 3418       3       java.lang.invoke.BoundMethodHandle::tooComplex (27 bytes)
Event: 291.989 Thread 0x00000253ad1d4000 nmethod 3418 0x000002539a12e690 code [0x000002539a12e860, 0x000002539a12ecb8]
Event: 291.989 Thread 0x00000253ad1d4000 3419       3       java.lang.invoke.BoundMethodHandle::editor (8 bytes)
Event: 291.989 Thread 0x00000253ad1d4000 nmethod 3419 0x000002539a12ee90 code [0x000002539a12f060, 0x000002539a12f3e8]
Event: 292.039 Thread 0x00000253ad1d4000 3420       3       com.google.common.collect.ImmutableCollection::<init> (5 bytes)
Event: 292.039 Thread 0x00000253ad1d4000 nmethod 3420 0x000002539a12f590 code [0x000002539a12f740, 0x000002539a12f8f8]

GC Heap History (8 events):
Event: 1.190 GC heap before
{Heap before GC invocations=0 (full 0):
 garbage-first heap   total 262144K, used 27648K [0x00000000e0000000, 0x0000000100000000)
  region size 1024K, 24 young (24576K), 0 survivors (0K)
 Metaspace       used 7784K, capacity 7952K, committed 8192K, reserved 393216K
  class space    used 707K, capacity 761K, committed 768K, reserved 385024K
}
Event: 1.196 GC heap after
{Heap after GC invocations=1 (full 0):
 garbage-first heap   total 262144K, used 10549K [0x00000000e0000000, 0x0000000100000000)
  region size 1024K, 3 young (3072K), 3 survivors (3072K)
 Metaspace       used 7784K, capacity 7952K, committed 8192K, reserved 393216K
  class space    used 707K, capacity 761K, committed 768K, reserved 385024K
}
Event: 5.125 GC heap before
{Heap before GC invocations=1 (full 0):
 garbage-first heap   total 262144K, used 138549K [0x00000000e0000000, 0x0000000100000000)
  region size 1024K, 127 young (130048K), 3 survivors (3072K)
 Metaspace       used 20754K, capacity 21225K, committed 21296K, reserved 405504K
  class space    used 2490K, capacity 2668K, committed 2688K, reserved 385024K
}
Event: 5.132 GC heap after
{Heap after GC invocations=2 (full 0):
 garbage-first heap   total 262144K, used 19713K [0x00000000e0000000, 0x0000000100000000)
  region size 1024K, 11 young (11264K), 11 survivors (11264K)
 Metaspace       used 20754K, capacity 21225K, committed 21296K, reserved 405504K
  class space    used 2490K, capacity 2668K, committed 2688K, reserved 385024K
}
Event: 5.545 GC heap before
{Heap before GC invocations=3 (full 0):
 garbage-first heap   total 262144K, used 66817K [0x00000000e0000000, 0x0000000100000000)
  region size 1024K, 57 young (58368K), 11 survivors (11264K)
 Metaspace       used 24141K, capacity 24763K, committed 25008K, reserved 407552K
  class space    used 3035K, capacity 3283K, committed 3328K, reserved 385024K
}
Event: 5.552 GC heap after
{Heap after GC invocations=4 (full 0):
 garbage-first heap   total 262144K, used 21084K [0x00000000e0000000, 0x0000000100000000)
  region size 1024K, 2 young (2048K), 2 survivors (2048K)
 Metaspace       used 24141K, capacity 24763K, committed 25008K, reserved 407552K
  class space    used 3035K, capacity 3283K, committed 3328K, reserved 385024K
}
Event: 286.276 GC heap before
{Heap before GC invocations=4 (full 0):
 garbage-first heap   total 262144K, used 116316K [0x00000000e0000000, 0x0000000100000000)
  region size 1024K, 95 young (97280K), 2 survivors (2048K)
 Metaspace       used 28726K, capacity 29514K, committed 29616K, reserved 411648K
  class space    used 3725K, capacity 4029K, committed 4096K, reserved 385024K
}
Event: 286.368 GC heap after
{Heap after GC invocations=5 (full 0):
 garbage-first heap   total 262144K, used 22940K [0x00000000e0000000, 0x0000000100000000)
  region size 1024K, 4 young (4096K), 4 survivors (4096K)
 Metaspace       used 28726K, capacity 29514K, committed 29616K, reserved 411648K
  class space    used 3725K, capacity 4029K, committed 4096K, reserved 385024K
}

Deoptimization events (10 events):
Event: 287.100 Thread 0x00000253ae887800 Uncommon trap: reason=predicate action=maybe_recompile pc=0x00000253a105d070 method=com.google.common.base.CharMatcher.indexIn(Ljava/lang/CharSequence;I)I @ 19 c2
Event: 287.837 Thread 0x00000253af4d8800 Uncommon trap: reason=unstable_if action=reinterpret pc=0x00000253a109ebec method=java.util.concurrent.ConcurrentLinkedQueue.poll()Ljava/lang/Object; @ 60 c2
Event: 289.426 Thread 0x00000253ad45e800 Uncommon trap: reason=class_check action=maybe_recompile pc=0x00000253a108e2b0 method=java.util.concurrent.locks.AbstractQueuedSynchronizer$ConditionObject.addConditionWaiter()Ljava/util/concurrent/locks/AbstractQueuedSynchronizer$Node; @ 4 c2
Event: 289.868 Thread 0x00000253ad460800 Uncommon trap: reason=class_check action=maybe_recompile pc=0x00000253a108e2b0 method=java.util.concurrent.locks.AbstractQueuedSynchronizer$ConditionObject.addConditionWaiter()Ljava/util/concurrent/locks/AbstractQueuedSynchronizer$Node; @ 4 c2
Event: 290.187 Thread 0x00000253ae887800 Uncommon trap: reason=unstable_if action=reinterpret pc=0x00000253a0fff524 method=java.util.HashMap.hash(Ljava/lang/Object;)I @ 1 c2
Event: 290.187 Thread 0x00000253ae887800 Uncommon trap: reason=unstable_if action=reinterpret pc=0x00000253a1017c2c method=java.util.HashMap.hash(Ljava/lang/Object;)I @ 1 c2
Event: 290.657 Thread 0x00000253ad462000 Uncommon trap: reason=class_check action=maybe_recompile pc=0x00000253a108e2b0 method=java.util.concurrent.locks.AbstractQueuedSynchronizer$ConditionObject.addConditionWaiter()Ljava/util/concurrent/locks/AbstractQueuedSynchronizer$Node; @ 4 c2
Event: 290.778 Thread 0x00000253ae887800 Uncommon trap: reason=unstable_if action=reinterpret pc=0x00000253a0f7ded0 method=java.util.zip.ZipFile$Source.getEntryPos([BZ)I @ 68 c2
Event: 291.531 Thread 0x00000253ad461000 Uncommon trap: reason=class_check action=maybe_recompile pc=0x00000253a108e2b0 method=java.util.concurrent.locks.AbstractQueuedSynchronizer$ConditionObject.addConditionWaiter()Ljava/util/concurrent/locks/AbstractQueuedSynchronizer$Node; @ 4 c2
Event: 291.593 Thread 0x00000253ae887800 Uncommon trap: reason=unstable_if action=reinterpret pc=0x00000253a10c66e4 method=java.util.regex.Pattern$BmpCharProperty.match(Ljava/util/regex/Matcher;ILjava/lang/CharSequence;)Z @ 39 c2

Classes redefined (0 events):
No events

Internal exceptions (10 events):
Event: 284.662 Thread 0x00000253ae887800 Exception <a 'java/lang/NoSuchMethodError'{0x00000000ea439878}: java.lang.invoke.DirectMethodHandle$Holder.invokeStatic(Ljava/lang/Object;Ljava/lang/Object;Ljava/lang/Object;Ljava/lang/Object;)V> (0x00000000ea439878) thrown at [./open/src/hotspot/share/in
Event: 287.561 Thread 0x00000253ae887800 Exception <a 'java/lang/NoSuchMethodError'{0x00000000ef7cc5f8}: java.lang.invoke.DirectMethodHandle$Holder.invokeVirtual(Ljava/lang/Object;Ljava/lang/Object;)I> (0x00000000ef7cc5f8) thrown at [./open/src/hotspot/share/interpreter/linkResolver.cpp, line 77
Event: 288.811 Thread 0x00000253ae887800 Exception <a 'java/lang/NoSuchMethodError'{0x00000000ee065720}: java.lang.invoke.Invokers$Holder.linkToTargetMethod(Ljava/lang/Object;IILjava/lang/Object;)Ljava/lang/Object;> (0x00000000ee065720) thrown at [./open/src/hotspot/share/interpreter/linkResolve
Event: 288.836 Thread 0x00000253ae887800 Exception <a 'java/lang/NoSuchMethodError'{0x00000000ee081fc8}: java.lang.invoke.DirectMethodHandle$Holder.invokeStatic(Ljava/lang/Object;Ljava/lang/Object;IILjava/lang/Object;Ljava/lang/Object;)Ljava/lang/Object;> (0x00000000ee081fc8) thrown at [./open/s
Event: 289.461 Thread 0x00000253ae887800 Exception <a 'java/lang/NoSuchMethodError'{0x00000000eda5fcf0}: java.lang.invoke.DirectMethodHandle$Holder.invokeSpecialIFC(Ljava/lang/Object;Ljava/lang/Object;Ljava/lang/Object;Ljava/lang/Object;)Ljava/lang/Object;> (0x00000000eda5fcf0) thrown at [./open
Event: 289.498 Thread 0x00000253ae887800 Exception <a 'java/lang/NoSuchMethodError'{0x00000000edaf0130}: java.lang.invoke.Invokers$Holder.linkToTargetMethod(Ljava/lang/Object;Ljava/lang/Object;Ljava/lang/Object;Ljava/lang/Object;Ljava/lang/Object;Ljava/lang/Object;Ljava/lang/Object;Ljava/lang/Ob
Event: 290.187 Thread 0x00000253ae887800 Implicit null exception at 0x00000253a0fff355 to 0x00000253a0fff514
Event: 290.187 Thread 0x00000253ae887800 Implicit null exception at 0x00000253a1017baf to 0x00000253a1017c1d
Event: 291.496 Thread 0x00000253ae887800 Exception <a 'java/lang/NoSuchMethodError'{0x00000000ebde7828}: java.lang.invoke.DirectMethodHandle$Holder.invokeSpecial(Ljava/lang/Object;Ljava/lang/Object;Ljava/lang/Object;Ljava/lang/Object;Ljava/lang/Object;Ljava/lang/Object;Ljava/lang/Object;Ljava/la
Event: 291.497 Thread 0x00000253ae887800 Exception <a 'java/lang/NoSuchMethodError'{0x00000000ebdecbf8}: java.lang.invoke.Invokers$Holder.linkToTargetMethod(Ljava/lang/Object;Ljava/lang/Object;Ljava/lang/Object;Ljava/lang/Object;Ljava/lang/Object;Ljava/lang/Object;Ljava/lang/Object;Ljava/lang/Ob

Events (10 events):
Event: 292.058 loading class org/gradle/api/internal/initialization/DefaultScriptHandler_Decorated
Event: 292.058 loading class org/gradle/api/internal/initialization/DefaultScriptHandler_Decorated done
Event: 292.059 loading class org/gradle/configuration/DefaultScriptPluginFactory$ScriptPluginImpl
Event: 292.059 loading class org/gradle/configuration/DefaultScriptPluginFactory$ScriptPluginImpl done
Event: 292.060 loading class groovy/lang/Script
Event: 292.060 loading class groovy/lang/Script done
Event: 292.089 loading class org/gradle/groovy/scripts/BasicScript
Event: 292.089 loading class org/gradle/groovy/scripts/BasicScript done
Event: 292.090 loading class org/gradle/api/Script
Event: 292.090 loading class org/gradle/api/Script done


Dynamic libraries:
0x00007ff78d2f0000 - 0x00007ff78d2ff000 	D:\developementTools\jdk11\bin\java.exe
0x00007ffadfbb0000 - 0x00007ffadfda8000 	C:\Windows\SYSTEM32\ntdll.dll
0x00007ffadf2c0000 - 0x00007ffadf381000 	C:\Windows\System32\KERNEL32.DLL
0x00007ffadd6e0000 - 0x00007ffadd9dd000 	C:\Windows\System32\KERNELBASE.dll
0x00007ffadd5e0000 - 0x00007ffadd6e0000 	C:\Windows\System32\ucrtbase.dll
0x00007ffac3fe0000 - 0x00007ffac3ff8000 	D:\developementTools\jdk11\bin\jli.dll
0x00007ffadf6f0000 - 0x00007ffadf7a0000 	C:\Windows\System32\ADVAPI32.dll
0x00007ffac2d10000 - 0x00007ffac2d25000 	D:\developementTools\jdk11\bin\VCRUNTIME140.dll
0x00007ffadf980000 - 0x00007ffadfa1e000 	C:\Windows\System32\msvcrt.dll
0x00007ffadf5f0000 - 0x00007ffadf690000 	C:\Windows\System32\sechost.dll
0x00007ffadf0c0000 - 0x00007ffadf1e3000 	C:\Windows\System32\RPCRT4.dll
0x00007ffadd3b0000 - 0x00007ffadd3d7000 	C:\Windows\System32\bcrypt.dll
0x00007ffadf390000 - 0x00007ffadf52d000 	C:\Windows\System32\USER32.dll
0x00007ffaddb40000 - 0x00007ffaddb62000 	C:\Windows\System32\win32u.dll
0x00007ffacfd50000 - 0x00007ffacffea000 	C:\Windows\WinSxS\amd64_microsoft.windows.common-controls_6595b64144ccf1df_6.0.19041.4355_none_60b8b9eb71f62e16\COMCTL32.dll
0x00007ffadf690000 - 0x00007ffadf6bb000 	C:\Windows\System32\GDI32.dll
0x00007ffadd3e0000 - 0x00007ffadd4f7000 	C:\Windows\System32\gdi32full.dll
0x00007ffadd260000 - 0x00007ffadd2fd000 	C:\Windows\System32\msvcp_win.dll
0x00007ffad45b0000 - 0x00007ffad45ba000 	C:\Windows\SYSTEM32\VERSION.dll
0x00007ffadf6c0000 - 0x00007ffadf6ef000 	C:\Windows\System32\IMM32.DLL
0x00007ffabf300000 - 0x00007ffabf39b000 	D:\developementTools\jdk11\bin\msvcp140.dll
0x00007ffa85d00000 - 0x00007ffa86816000 	D:\developementTools\jdk11\bin\server\jvm.dll
0x00007ffadf970000 - 0x00007ffadf978000 	C:\Windows\System32\PSAPI.DLL
0x00007ffac5a00000 - 0x00007ffac5a09000 	C:\Windows\SYSTEM32\WSOCK32.dll
0x00007ffadeae0000 - 0x00007ffadeb4b000 	C:\Windows\System32\WS2_32.dll
0x00007ffad07e0000 - 0x00007ffad0807000 	C:\Windows\SYSTEM32\WINMM.dll
0x00007ffadba80000 - 0x00007ffadba92000 	C:\Windows\SYSTEM32\kernel.appcore.dll
0x00007ffad8df0000 - 0x00007ffad8e00000 	D:\developementTools\jdk11\bin\verify.dll
0x00007ffadae90000 - 0x00007ffadb074000 	C:\Windows\SYSTEM32\DBGHELP.DLL
0x00007ffac23b0000 - 0x00007ffac23e4000 	C:\Windows\SYSTEM32\dbgcore.DLL
0x00007ffadd550000 - 0x00007ffadd5d2000 	C:\Windows\System32\bcryptPrimitives.dll
0x00007ffac1bd0000 - 0x00007ffac1bf8000 	D:\developementTools\jdk11\bin\java.dll
0x00007ffacb2f0000 - 0x00007ffacb2fa000 	D:\developementTools\jdk11\bin\jimage.dll
0x00007ffac73e0000 - 0x00007ffac73ee000 	D:\developementTools\jdk11\bin\instrument.dll
0x00007ffac20a0000 - 0x00007ffac20b6000 	D:\developementTools\jdk11\bin\zip.dll
0x00007ffade230000 - 0x00007ffade99f000 	C:\Windows\System32\SHELL32.dll
0x00007ffadb2c0000 - 0x00007ffadba63000 	C:\Windows\SYSTEM32\windows.storage.dll
0x00007ffadeb50000 - 0x00007ffadeea3000 	C:\Windows\System32\combase.dll
0x00007ffadcc90000 - 0x00007ffadccbe000 	C:\Windows\SYSTEM32\Wldp.dll
0x00007ffadf1f0000 - 0x00007ffadf2bd000 	C:\Windows\System32\OLEAUT32.dll
0x00007ffadf530000 - 0x00007ffadf5dd000 	C:\Windows\System32\SHCORE.dll
0x00007ffaddd60000 - 0x00007ffadddb5000 	C:\Windows\System32\shlwapi.dll
0x00007ffadd190000 - 0x00007ffadd1b4000 	C:\Windows\SYSTEM32\profapi.dll
0x00007ffac1b10000 - 0x00007ffac1b29000 	D:\developementTools\jdk11\bin\net.dll
0x00007ffad45e0000 - 0x00007ffad46ed000 	C:\Windows\SYSTEM32\WINHTTP.dll
0x00007ffadc9f0000 - 0x00007ffadca5a000 	C:\Windows\system32\mswsock.dll
0x00007ffac0ac0000 - 0x00007ffac0ad2000 	D:\developementTools\jdk11\bin\nio.dll
0x00007ffac4030000 - 0x00007ffac4057000 	C:\Users\josep\.gradle\native\c067742578af261105cb4f569cf0c3c89f3d7b1fecec35dd04571415982c5e48\windows-amd64\native-platform.dll
0x00007ffab1240000 - 0x00007ffab1384000 	C:\Users\josep\.gradle\native\100fb08df4bc3b14c8652ba06237920a3bd2aa13389f12d3474272988ae205f9\windows-amd64\native-platform-file-events.dll
0x00007ffac6e90000 - 0x00007ffac6e99000 	D:\developementTools\jdk11\bin\management.dll
0x00007ffac5fe0000 - 0x00007ffac5feb000 	D:\developementTools\jdk11\bin\management_ext.dll
0x00007ffadcbf0000 - 0x00007ffadcc08000 	C:\Windows\SYSTEM32\CRYPTSP.dll
0x00007ffadc2a0000 - 0x00007ffadc2d4000 	C:\Windows\system32\rsaenh.dll
0x00007ffadd150000 - 0x00007ffadd17e000 	C:\Windows\SYSTEM32\USERENV.dll
0x00007ffadcbe0000 - 0x00007ffadcbec000 	C:\Windows\SYSTEM32\CRYPTBASE.dll
0x00007ffadc680000 - 0x00007ffadc6bb000 	C:\Windows\SYSTEM32\IPHLPAPI.DLL
0x00007ffadfb60000 - 0x00007ffadfb68000 	C:\Windows\System32\NSI.dll
0x00007ffad7280000 - 0x00007ffad7297000 	C:\Windows\SYSTEM32\dhcpcsvc6.DLL
0x00007ffad71d0000 - 0x00007ffad71ed000 	C:\Windows\SYSTEM32\dhcpcsvc.DLL
0x00007ffadc6c0000 - 0x00007ffadc78a000 	C:\Windows\SYSTEM32\DNSAPI.dll

dbghelp: loaded successfully - version: 4.0.5 - missing functions: none
symbol engine: initialized successfully - sym options: 0x614 - pdb path: .;D:\developementTools\jdk11\bin;C:\Windows\SYSTEM32;C:\Windows\WinSxS\amd64_microsoft.windows.common-controls_6595b64144ccf1df_6.0.19041.4355_none_60b8b9eb71f62e16;D:\developementTools\jdk11\bin\server;C:\Users\josep\.gradle\native\c067742578af261105cb4f569cf0c3c89f3d7b1fecec35dd04571415982c5e48\windows-amd64;C:\Users\josep\.gradle\native\100fb08df4bc3b14c8652ba06237920a3bd2aa13389f12d3474272988ae205f9\windows-amd64

VM Arguments:
jvm_args: --add-opens=java.base/java.util=ALL-UNNAMED --add-opens=java.base/java.lang=ALL-UNNAMED --add-opens=java.base/java.lang.invoke=ALL-UNNAMED --add-opens=java.prefs/java.util.prefs=ALL-UNNAMED --add-opens=java.base/java.nio.charset=ALL-UNNAMED --add-opens=java.base/java.net=ALL-UNNAMED --add-opens=java.base/java.util.concurrent.atomic=ALL-UNNAMED -XX:MaxMetaspaceSize=384m -XX:+HeapDumpOnOutOfMemoryError -Xms256m -Xmx512m -Dfile.encoding=UTF-8 -Duser.country=KR -Duser.language=ko -Duser.variant -javaagent:C:\Users\josep\.gradle\wrapper\dists\gradle-8.8-bin\dl7vupf4psengwqhwktix4v1\gradle-8.8\lib\agents\gradle-instrumentation-agent-8.8.jar 
java_command: org.gradle.launcher.daemon.bootstrap.GradleDaemon 8.8
java_class_path (initial): C:\Users\josep\.gradle\wrapper\dists\gradle-8.8-bin\dl7vupf4psengwqhwktix4v1\gradle-8.8\lib\gradle-launcher-8.8.jar
Launcher Type: SUN_STANDARD

[Global flags]
     intx CICompilerCount                          = 4                                         {product} {ergonomic}
   size_t CompressedClassSpaceSize                 = 394264576                                 {product} {ergonomic}
     uint ConcGCThreads                            = 3                                         {product} {ergonomic}
     uint G1ConcRefinementThreads                  = 10                                        {product} {ergonomic}
   size_t G1HeapRegionSize                         = 1048576                                   {product} {ergonomic}
    uintx GCDrainStackTargetSize                   = 64                                        {product} {ergonomic}
     bool HeapDumpOnOutOfMemoryError               = true                                   {manageable} {command line}
   size_t InitialHeapSize                          = 268435456                                 {product} {command line}
   size_t MarkStackSize                            = 4194304                                   {product} {ergonomic}
   size_t MaxHeapSize                              = 536870912                                 {product} {command line}
   size_t MaxMetaspaceSize                         = 402653184                                 {product} {command line}
   size_t MaxNewSize                               = 321912832                                 {product} {ergonomic}
   size_t MinHeapDeltaBytes                        = 1048576                                   {product} {ergonomic}
    uintx NonNMethodCodeHeapSize                   = 5836300                                {pd product} {ergonomic}
    uintx NonProfiledCodeHeapSize                  = 122910970                              {pd product} {ergonomic}
    uintx ProfiledCodeHeapSize                     = 122910970                              {pd product} {ergonomic}
    uintx ReservedCodeCacheSize                    = 251658240                              {pd product} {ergonomic}
     bool SegmentedCodeCache                       = true                                      {product} {ergonomic}
     bool UseCompressedClassPointers               = true                                 {lp64_product} {ergonomic}
     bool UseCompressedOops                        = true                                 {lp64_product} {ergonomic}
     bool UseG1GC                                  = true                                      {product} {ergonomic}
     bool UseLargePagesIndividualAllocation        = false                                  {pd product} {ergonomic}

Logging:
Log output configuration:
 #0: stdout all=warning uptime,level,tags
 #1: stderr all=off uptime,level,tags

Environment Variables:
JAVA_HOME=D:\developementTools\jdk11
CLASSPATH=D:\developementTools\jdk11\lib
PATH=C:\Python312\Scripts\;C:\Python312\;D:\app\josep\product\11.2.0\dbhome_1\bin;C:\oraclexe\app\oracle\product\11.2.0\server\bin;D:\developementTools\jdk11\bin;C:\Program Files\Common Files\Oracle\Java\javapath;C:\Windows\system32;C:\Windows;C:\Windows\System32\Wbem;C:\Windows\System32\WindowsPowerShell\v1.0\;C:\Windows\System32\OpenSSH\;C:\Program Files\NVIDIA Corporation\NVIDIA NvDLISR;C:\Program Files (x86)\NVIDIA Corporation\PhysX\Common;C:\Program Files\Git\cmd;C:\Program Files\Bandizip\;C:\ProgramData\chocolatey\bin;C:\Program Files\nodejs\;D:\developementTools\apache-maven-3.9.9\bin;C:\Program Files\MySQL\MySQL Server 8.0\bin;C:\Program Files\MariaDB 11.4\bin;C:\Users\josep\AppData\Local\Microsoft\WindowsApps;C:\Users\josep\AppData\Local\Programs\Microsoft VS Code\bin;C:\Users\josep\AppData\Roaming\npm
USERNAME=josep
OS=Windows_NT
PROCESSOR_IDENTIFIER=Intel64 Family 6 Model 158 Stepping 10, GenuineIntel



---------------  S Y S T E M  ---------------

OS: Windows 10 , 64 bit Build 19041 (10.0.19041.4842)

CPU:total 12 (initial active 12) (6 cores per cpu, 2 threads per core) family 6 model 158 stepping 10 microcode 0xde, cmov, cx8, fxsr, mmx, sse, sse2, sse3, ssse3, sse4.1, sse4.2, popcnt, avx, avx2, aes, clmul, erms, 3dnowpref, lzcnt, ht, tsc, tscinvbit, bmi1, bmi2, adx, fma

Memory: 4k page, system-wide physical 16257M (199M free)
TotalPageFile size 46633M (AvailPageFile size 3M)
current process WorkingSet (physical memory assigned to process): 185M, peak: 293M
current process commit charge ("private bytes"): 427M, peak: 446M

vm_info: Java HotSpot(TM) 64-Bit Server VM (11.0.14+8-LTS-263) for windows-amd64 JRE (11.0.14+8-LTS-263), built on Dec  7 2021 21:53:57 by "mach5one" with MS VC++ 15.9 (VS2017)

END.
