#
# There is insufficient memory for the Java Runtime Environment to continue.
# Native memory allocation (malloc) failed to allocate 1699216 bytes for Chunk::new
# Possible reasons:
#   The system is out of physical RAM or swap space
#   The process is running with CompressedOops enabled, and the Java Heap may be blocking the growth of the native heap
# Possible solutions:
#   Reduce memory load on the system
#   Increase physical memory or swap space
#   Check if swap backing store is full
#   Decrease Java heap size (-Xmx/-Xms)
#   Decrease number of Java threads
#   Decrease Java thread stack sizes (-Xss)
#   Set larger code cache with -XX:ReservedCodeCacheSize=
#   JVM is running with Unscaled Compressed Oops mode in which the Java heap is
#     placed in the first 4GB address space. The Java Heap base address is the
#     maximum limit for the native heap growth. Please use -XX:HeapBaseMinAddress
#     to set the Java Heap base and to place the Java Heap above 4GB virtual address.
# This output file may be truncated or incomplete.
#
#  Out of Memory Error (./open/src/hotspot/share/memory/arena.cpp:197), pid=18044, tid=8932
#
# JRE version: Java(TM) SE Runtime Environment 18.9 (11.0.14+8) (build 11.0.14+8-LTS-263)
# Java VM: Java HotSpot(TM) 64-Bit Server VM 18.9 (11.0.14+8-LTS-263, mixed mode, tiered, compressed oops, g1 gc, windows-amd64)
# No core dump will be written. Minidumps are not enabled by default on client versions of Windows
#

---------------  S U M M A R Y ------------

Command Line: --add-opens=java.base/java.util=ALL-UNNAMED --add-opens=java.base/java.lang=ALL-UNNAMED --add-opens=java.base/java.lang.invoke=ALL-UNNAMED --add-opens=java.prefs/java.util.prefs=ALL-UNNAMED --add-opens=java.base/java.nio.charset=ALL-UNNAMED --add-opens=java.base/java.net=ALL-UNNAMED --add-opens=java.base/java.util.concurrent.atomic=ALL-UNNAMED -XX:MaxMetaspaceSize=384m -XX:+HeapDumpOnOutOfMemoryError -Xms256m -Xmx512m -Dfile.encoding=UTF-8 -Duser.country=KR -Duser.language=ko -Duser.variant -javaagent:C:\Users\josep\.gradle\wrapper\dists\gradle-8.8-bin\dl7vupf4psengwqhwktix4v1\gradle-8.8\lib\agents\gradle-instrumentation-agent-8.8.jar org.gradle.launcher.daemon.bootstrap.GradleDaemon 8.8

Host: Intel(R) Core(TM) i7-8750H CPU @ 2.20GHz, 12 cores, 15G,  Windows 10 , 64 bit Build 19041 (10.0.19041.4842)
Time: Thu Sep 19 00:46:16 2024 대한민국 표준시 elapsed time: 340.035410 seconds (0d 0h 5m 40s)

---------------  T H R E A D  ---------------

Current thread (0x000001e4d5ff4000):  JavaThread "C2 CompilerThread0" daemon [_thread_in_native, id=8932, stack(0x0000001172800000,0x0000001172900000)]


Current CompileTask:
C2: 340035 3587       4       java.net.URLClassLoader$1::run (5 bytes)

Stack: [0x0000001172800000,0x0000001172900000]
Native frames: (J=compiled Java code, j=interpreted, Vv=VM code, C=native code)
V  [jvm.dll+0x6296da]
V  [jvm.dll+0x76323f]
V  [jvm.dll+0x7648e9]
V  [jvm.dll+0x764f73]
V  [jvm.dll+0x23d7c8]
V  [jvm.dll+0xb297c]
V  [jvm.dll+0xb2f3c]
V  [jvm.dll+0x340e97]
V  [jvm.dll+0x18cb61]
V  [jvm.dll+0x1f8472]
V  [jvm.dll+0x1f754d]
V  [jvm.dll+0x177b21]
V  [jvm.dll+0x206e26]
V  [jvm.dll+0x204fbb]
V  [jvm.dll+0x729170]
V  [jvm.dll+0x721d44]
V  [jvm.dll+0x6285d6]
C  [ucrtbase.dll+0x21bb2]
C  [KERNEL32.DLL+0x17374]
C  [ntdll.dll+0x4cc91]


---------------  P R O C E S S  ---------------

Threads class SMR info:
_java_thread_list=0x000001e4d656ac00, length=34, elements={
0x000001e4bab7f800, 0x000001e4d56e4000, 0x000001e4d56e5000, 0x000001e4d5fec000,
0x000001e4d5fed800, 0x000001e4d5ff1800, 0x000001e4d5ff4000, 0x000001e4d5ffa800,
0x000001e4d6028000, 0x000001e4d615e000, 0x000001e4d7433000, 0x000001e4d7a3a800,
0x000001e4d66ab800, 0x000001e4d6143000, 0x000001e4d841c800, 0x000001e4d8285800,
0x000001e4d67cc800, 0x000001e4d6234800, 0x000001e4d6749000, 0x000001e4d71b0000,
0x000001e4d71af000, 0x000001e4d71b3000, 0x000001e4d71b0800, 0x000001e4d71b4000,
0x000001e4d71b1800, 0x000001e4d71ad800, 0x000001e4d71ae000, 0x000001e4d71b2800,
0x000001e4d6923800, 0x000001e4d6928800, 0x000001e4d6926000, 0x000001e4d6925800,
0x000001e4d6929800, 0x000001e4d692a000
}

Java Threads: ( => current thread )
  0x000001e4bab7f800 JavaThread "main" [_thread_blocked, id=26148, stack(0x0000001171c00000,0x0000001171d00000)]
  0x000001e4d56e4000 JavaThread "Reference Handler" daemon [_thread_blocked, id=24540, stack(0x0000001172300000,0x0000001172400000)]
  0x000001e4d56e5000 JavaThread "Finalizer" daemon [_thread_blocked, id=12468, stack(0x0000001172400000,0x0000001172500000)]
  0x000001e4d5fec000 JavaThread "Signal Dispatcher" daemon [_thread_blocked, id=2992, stack(0x0000001172500000,0x0000001172600000)]
  0x000001e4d5fed800 JavaThread "Attach Listener" daemon [_thread_blocked, id=3608, stack(0x0000001172600000,0x0000001172700000)]
  0x000001e4d5ff1800 JavaThread "Service Thread" daemon [_thread_blocked, id=24244, stack(0x0000001172700000,0x0000001172800000)]
=>0x000001e4d5ff4000 JavaThread "C2 CompilerThread0" daemon [_thread_in_native, id=8932, stack(0x0000001172800000,0x0000001172900000)]
  0x000001e4d5ffa800 JavaThread "C1 CompilerThread0" daemon [_thread_blocked, id=14032, stack(0x0000001172900000,0x0000001172a00000)]
  0x000001e4d6028000 JavaThread "Sweeper thread" daemon [_thread_blocked, id=24080, stack(0x0000001172a00000,0x0000001172b00000)]
  0x000001e4d615e000 JavaThread "Common-Cleaner" daemon [_thread_blocked, id=21120, stack(0x0000001172b00000,0x0000001172c00000)]
  0x000001e4d7433000 JavaThread "Daemon health stats" [_thread_blocked, id=28656, stack(0x0000001172d00000,0x0000001172e00000)]
  0x000001e4d7a3a800 JavaThread "Incoming local TCP Connector on port 60913" [_thread_in_native, id=11392, stack(0x0000001172e00000,0x0000001172f00000)]
  0x000001e4d66ab800 JavaThread "Daemon periodic checks" [_thread_blocked, id=26524, stack(0x0000001173400000,0x0000001173500000)]
  0x000001e4d6143000 JavaThread "Daemon" [_thread_blocked, id=11516, stack(0x0000001173500000,0x0000001173600000)]
  0x000001e4d841c800 JavaThread "Handler for socket connection from /127.0.0.1:60913 to /127.0.0.1:60914" [_thread_in_native, id=27696, stack(0x0000001173600000,0x0000001173700000)]
  0x000001e4d8285800 JavaThread "Cancel handler" [_thread_blocked, id=27304, stack(0x0000001173700000,0x0000001173800000)]
  0x000001e4d67cc800 JavaThread "Daemon worker" [_thread_in_vm, id=22760, stack(0x0000001173800000,0x0000001173900000)]
  0x000001e4d6234800 JavaThread "Asynchronous log dispatcher for DefaultDaemonConnection: socket connection from /127.0.0.1:60913 to /127.0.0.1:60914" [_thread_blocked, id=15788, stack(0x0000001173900000,0x0000001173a00000)]
  0x000001e4d6749000 JavaThread "Stdin handler" [_thread_blocked, id=21856, stack(0x0000001173a00000,0x0000001173b00000)]
  0x000001e4d71b0000 JavaThread "Daemon client event forwarder" [_thread_blocked, id=21456, stack(0x0000001173b00000,0x0000001173c00000)]
  0x000001e4d71af000 JavaThread "Cache worker for journal cache (C:\Users\josep\.gradle\caches\journal-1)" [_thread_blocked, id=28036, stack(0x0000001174200000,0x0000001174300000)]
  0x000001e4d71b3000 JavaThread "File lock request listener" [_thread_in_native, id=27984, stack(0x0000001174300000,0x0000001174400000)]
  0x000001e4d71b0800 JavaThread "Cache worker for file hash cache (C:\Users\josep\.gradle\caches\8.8\fileHashes)" [_thread_blocked, id=27944, stack(0x0000001174500000,0x0000001174600000)]
  0x000001e4d71b4000 JavaThread "Cache worker for file hash cache (D:\StudyGroups\BE Study\Spring\project\.gradle\8.8\fileHashes)" [_thread_blocked, id=28284, stack(0x0000001174600000,0x0000001174700000)]
  0x000001e4d71b1800 JavaThread "Daemon Thread 2" [_thread_blocked, id=29224, stack(0x0000001174700000,0x0000001174800000)]
  0x000001e4d71ad800 JavaThread "File lock release action executor Thread 3" [_thread_blocked, id=36564, stack(0x0000001171a00000,0x0000001171b00000)]
  0x000001e4d71ae000 JavaThread "File watcher server" daemon [_thread_in_native, id=29064, stack(0x0000001171b00000,0x0000001171c00000)]
  0x000001e4d71b2800 JavaThread "File watcher consumer" daemon [_thread_blocked, id=35936, stack(0x0000001174400000,0x0000001174500000)]
  0x000001e4d6923800 JavaThread "Cache worker for checksums cache (D:\StudyGroups\BE Study\Spring\project\.gradle\8.8\checksums)" [_thread_blocked, id=35740, stack(0x0000001174800000,0x0000001174900000)]
  0x000001e4d6928800 JavaThread "Cache worker for file content cache (C:\Users\josep\.gradle\caches\8.8\fileContent)" [_thread_blocked, id=34824, stack(0x0000001174900000,0x0000001174a00000)]
  0x000001e4d6926000 JavaThread "Cache worker for cache directory md-rule (C:\Users\josep\.gradle\caches\8.8\md-rule)" [_thread_blocked, id=34984, stack(0x0000001174a00000,0x0000001174b00000)]
  0x000001e4d6925800 JavaThread "Cache worker for cache directory md-supplier (C:\Users\josep\.gradle\caches\8.8\md-supplier)" [_thread_blocked, id=35588, stack(0x0000001174b00000,0x0000001174c00000)]
  0x000001e4d6929800 JavaThread "jar transforms" [_thread_blocked, id=35776, stack(0x0000001174c00000,0x0000001174d00000)]
  0x000001e4d692a000 JavaThread "jar transforms Thread 2" [_thread_blocked, id=35772, stack(0x0000001174d00000,0x0000001174e00000)]

Other Threads:
  0x000001e4d56bf800 VMThread "VM Thread" [stack: 0x0000001172200000,0x0000001172300000] [id=2264]
  0x000001e4d6271000 WatcherThread [stack: 0x0000001172c00000,0x0000001172d00000] [id=22232]
  0x000001e4bab92800 GCTaskThread "GC Thread#0" [stack: 0x0000001171d00000,0x0000001171e00000] [id=26276]
  0x000001e4d68b2000 GCTaskThread "GC Thread#1" [stack: 0x0000001172f00000,0x0000001173000000] [id=17028]
  0x000001e4d650c000 GCTaskThread "GC Thread#2" [stack: 0x0000001173000000,0x0000001173100000] [id=9484]
  0x000001e4d650d000 GCTaskThread "GC Thread#3" [stack: 0x0000001173100000,0x0000001173200000] [id=21816]
  0x000001e4d6ff5800 GCTaskThread "GC Thread#4" [stack: 0x0000001173200000,0x0000001173300000] [id=27140]
  0x000001e4d6ff6000 GCTaskThread "GC Thread#5" [stack: 0x0000001173300000,0x0000001173400000] [id=6748]
  0x000001e4d7725800 GCTaskThread "GC Thread#6" [stack: 0x0000001173c00000,0x0000001173d00000] [id=16164]
  0x000001e4d7726800 GCTaskThread "GC Thread#7" [stack: 0x0000001173d00000,0x0000001173e00000] [id=22200]
  0x000001e4d6233800 GCTaskThread "GC Thread#8" [stack: 0x0000001173e00000,0x0000001173f00000] [id=21532]
  0x000001e4d6732800 GCTaskThread "GC Thread#9" [stack: 0x0000001173f00000,0x0000001174000000] [id=2796]
  0x000001e4baba7000 ConcurrentGCThread "G1 Main Marker" [stack: 0x0000001171e00000,0x0000001171f00000] [id=26280]
  0x000001e4babab800 ConcurrentGCThread "G1 Conc#0" [stack: 0x0000001171f00000,0x0000001172000000] [id=26420]
  0x000001e4d693d800 ConcurrentGCThread "G1 Conc#1" [stack: 0x0000001174000000,0x0000001174100000] [id=27716]
  0x000001e4d6a6b000 ConcurrentGCThread "G1 Conc#2" [stack: 0x0000001174100000,0x0000001174200000] [id=28056]
  0x000001e4d5552800 ConcurrentGCThread "G1 Refine#0" [stack: 0x0000001172000000,0x0000001172100000] [id=11576]
  0x000001e4d5553800 ConcurrentGCThread "G1 Young RemSet Sampling" [stack: 0x0000001172100000,0x0000001172200000] [id=10276]

Threads with active compile tasks:
C2 CompilerThread0 340332 3587       4       java.net.URLClassLoader$1::run (5 bytes)

VM state:not at safepoint (normal execution)

VM Mutex/Monitor currently owned by a thread: None

Heap address: 0x00000000e0000000, size: 512 MB, Compressed Oops mode: 32-bit
Narrow klass base: 0x0000000000000000, Narrow klass shift: 3
Compressed class space size: 394264576 Address: 0x0000000100000000

Heap:
 garbage-first heap   total 262144K, used 51507K [0x00000000e0000000, 0x0000000100000000)
  region size 1024K, 33 young (33792K), 6 survivors (6144K)
 Metaspace       used 38007K, capacity 39099K, committed 39248K, reserved 419840K
  class space    used 5087K, capacity 5506K, committed 5632K, reserved 385024K
Heap Regions: E=young(eden), S=young(survivor), O=old, HS=humongous(starts), HC=humongous(continues), CS=collection set, F=free, A=archive, TAMS=top-at-mark-start (previous, next)
|   0|0x00000000e0000000, 0x00000000e0100000, 0x00000000e0100000|100%|HS|  |TAMS 0x00000000e0100000, 0x00000000e0000000| Complete 
|   1|0x00000000e0100000, 0x00000000e0200000, 0x00000000e0200000|100%|HC|  |TAMS 0x00000000e0200000, 0x00000000e0100000| Complete 
|   2|0x00000000e0200000, 0x00000000e0300000, 0x00000000e0300000|100%|HC|  |TAMS 0x00000000e0300000, 0x00000000e0200000| Complete 
|   3|0x00000000e0300000, 0x00000000e0400000, 0x00000000e0400000|100%|HC|  |TAMS 0x00000000e0400000, 0x00000000e0300000| Complete 
|   4|0x00000000e0400000, 0x00000000e0500000, 0x00000000e0500000|100%| O|  |TAMS 0x00000000e0500000, 0x00000000e0400000| Untracked 
|   5|0x00000000e0500000, 0x00000000e0600000, 0x00000000e0600000|100%| O|  |TAMS 0x00000000e0600000, 0x00000000e0500000| Untracked 
|   6|0x00000000e0600000, 0x00000000e0700000, 0x00000000e0700000|100%| O|  |TAMS 0x00000000e0700000, 0x00000000e0600000| Untracked 
|   7|0x00000000e0700000, 0x00000000e0800000, 0x00000000e0800000|100%| O|  |TAMS 0x00000000e0800000, 0x00000000e0700000| Untracked 
|   8|0x00000000e0800000, 0x00000000e0900000, 0x00000000e0900000|100%|HS|  |TAMS 0x00000000e0900000, 0x00000000e0800000| Complete 
|   9|0x00000000e0900000, 0x00000000e0a00000, 0x00000000e0a00000|100%| O|  |TAMS 0x00000000e0a00000, 0x00000000e0900000| Untracked 
|  10|0x00000000e0a00000, 0x00000000e0b00000, 0x00000000e0b00000|100%| O|  |TAMS 0x00000000e0b00000, 0x00000000e0a00000| Untracked 
|  11|0x00000000e0b00000, 0x00000000e0c00000, 0x00000000e0c00000|100%| O|  |TAMS 0x00000000e0c00000, 0x00000000e0b00000| Untracked 
|  12|0x00000000e0c00000, 0x00000000e0d00000, 0x00000000e0d00000|100%| O|  |TAMS 0x00000000e0d00000, 0x00000000e0c00000| Untracked 
|  13|0x00000000e0d00000, 0x00000000e0e00000, 0x00000000e0e00000|100%| O|  |TAMS 0x00000000e0e00000, 0x00000000e0d00000| Untracked 
|  14|0x00000000e0e00000, 0x00000000e0f00000, 0x00000000e0f00000|100%| O|  |TAMS 0x00000000e0f00000, 0x00000000e0e00000| Untracked 
|  15|0x00000000e0f00000, 0x00000000e1000000, 0x00000000e1000000|100%| O|  |TAMS 0x00000000e1000000, 0x00000000e0f00000| Untracked 
|  16|0x00000000e1000000, 0x00000000e1100000, 0x00000000e1100000|100%| O|  |TAMS 0x00000000e1100000, 0x00000000e1000000| Untracked 
|  17|0x00000000e1100000, 0x00000000e1200000, 0x00000000e1200000|100%| O|  |TAMS 0x00000000e1200000, 0x00000000e1100000| Untracked 
|  18|0x00000000e1200000, 0x00000000e1300000, 0x00000000e1300000|100%| O|  |TAMS 0x00000000e1300000, 0x00000000e1200000| Untracked 
|  19|0x00000000e1300000, 0x00000000e1316000, 0x00000000e1400000|  8%| O|  |TAMS 0x00000000e1316000, 0x00000000e1300000| Untracked 
|  20|0x00000000e1400000, 0x00000000e1400000, 0x00000000e1500000|  0%| F|  |TAMS 0x00000000e1400000, 0x00000000e1400000| Untracked 
|  21|0x00000000e1500000, 0x00000000e1500000, 0x00000000e1600000|  0%| F|  |TAMS 0x00000000e1500000, 0x00000000e1500000| Untracked 
|  22|0x00000000e1600000, 0x00000000e1600000, 0x00000000e1700000|  0%| F|  |TAMS 0x00000000e1600000, 0x00000000e1600000| Untracked 
|  23|0x00000000e1700000, 0x00000000e1700000, 0x00000000e1800000|  0%| F|  |TAMS 0x00000000e1700000, 0x00000000e1700000| Untracked 
|  24|0x00000000e1800000, 0x00000000e1800000, 0x00000000e1900000|  0%| F|  |TAMS 0x00000000e1800000, 0x00000000e1800000| Untracked 
|  25|0x00000000e1900000, 0x00000000e1900000, 0x00000000e1a00000|  0%| F|  |TAMS 0x00000000e1900000, 0x00000000e1900000| Untracked 
|  26|0x00000000e1a00000, 0x00000000e1a00000, 0x00000000e1b00000|  0%| F|  |TAMS 0x00000000e1a00000, 0x00000000e1a00000| Untracked 
|  27|0x00000000e1b00000, 0x00000000e1b00000, 0x00000000e1c00000|  0%| F|  |TAMS 0x00000000e1b00000, 0x00000000e1b00000| Untracked 
|  28|0x00000000e1c00000, 0x00000000e1c00000, 0x00000000e1d00000|  0%| F|  |TAMS 0x00000000e1c00000, 0x00000000e1c00000| Untracked 
|  29|0x00000000e1d00000, 0x00000000e1d00000, 0x00000000e1e00000|  0%| F|  |TAMS 0x00000000e1d00000, 0x00000000e1d00000| Untracked 
|  30|0x00000000e1e00000, 0x00000000e1e00000, 0x00000000e1f00000|  0%| F|  |TAMS 0x00000000e1e00000, 0x00000000e1e00000| Untracked 
|  31|0x00000000e1f00000, 0x00000000e1f00000, 0x00000000e2000000|  0%| F|  |TAMS 0x00000000e1f00000, 0x00000000e1f00000| Untracked 
|  32|0x00000000e2000000, 0x00000000e2000000, 0x00000000e2100000|  0%| F|  |TAMS 0x00000000e2000000, 0x00000000e2000000| Untracked 
|  33|0x00000000e2100000, 0x00000000e2100000, 0x00000000e2200000|  0%| F|  |TAMS 0x00000000e2100000, 0x00000000e2100000| Untracked 
|  34|0x00000000e2200000, 0x00000000e2200000, 0x00000000e2300000|  0%| F|  |TAMS 0x00000000e2200000, 0x00000000e2200000| Untracked 
|  35|0x00000000e2300000, 0x00000000e2300000, 0x00000000e2400000|  0%| F|  |TAMS 0x00000000e2300000, 0x00000000e2300000| Untracked 
|  36|0x00000000e2400000, 0x00000000e2400000, 0x00000000e2500000|  0%| F|  |TAMS 0x00000000e2400000, 0x00000000e2400000| Untracked 
|  37|0x00000000e2500000, 0x00000000e2500000, 0x00000000e2600000|  0%| F|  |TAMS 0x00000000e2500000, 0x00000000e2500000| Untracked 
|  38|0x00000000e2600000, 0x00000000e2600000, 0x00000000e2700000|  0%| F|  |TAMS 0x00000000e2600000, 0x00000000e2600000| Untracked 
|  39|0x00000000e2700000, 0x00000000e2700000, 0x00000000e2800000|  0%| F|  |TAMS 0x00000000e2700000, 0x00000000e2700000| Untracked 
|  40|0x00000000e2800000, 0x00000000e2800000, 0x00000000e2900000|  0%| F|  |TAMS 0x00000000e2800000, 0x00000000e2800000| Untracked 
|  41|0x00000000e2900000, 0x00000000e2900000, 0x00000000e2a00000|  0%| F|  |TAMS 0x00000000e2900000, 0x00000000e2900000| Untracked 
|  42|0x00000000e2a00000, 0x00000000e2a00000, 0x00000000e2b00000|  0%| F|  |TAMS 0x00000000e2a00000, 0x00000000e2a00000| Untracked 
|  43|0x00000000e2b00000, 0x00000000e2b00000, 0x00000000e2c00000|  0%| F|  |TAMS 0x00000000e2b00000, 0x00000000e2b00000| Untracked 
|  44|0x00000000e2c00000, 0x00000000e2c00000, 0x00000000e2d00000|  0%| F|  |TAMS 0x00000000e2c00000, 0x00000000e2c00000| Untracked 
|  45|0x00000000e2d00000, 0x00000000e2d00000, 0x00000000e2e00000|  0%| F|  |TAMS 0x00000000e2d00000, 0x00000000e2d00000| Untracked 
|  46|0x00000000e2e00000, 0x00000000e2e00000, 0x00000000e2f00000|  0%| F|  |TAMS 0x00000000e2e00000, 0x00000000e2e00000| Untracked 
|  47|0x00000000e2f00000, 0x00000000e2f00000, 0x00000000e3000000|  0%| F|  |TAMS 0x00000000e2f00000, 0x00000000e2f00000| Untracked 
|  48|0x00000000e3000000, 0x00000000e3000000, 0x00000000e3100000|  0%| F|  |TAMS 0x00000000e3000000, 0x00000000e3000000| Untracked 
|  49|0x00000000e3100000, 0x00000000e3100000, 0x00000000e3200000|  0%| F|  |TAMS 0x00000000e3100000, 0x00000000e3100000| Untracked 
|  50|0x00000000e3200000, 0x00000000e3200000, 0x00000000e3300000|  0%| F|  |TAMS 0x00000000e3200000, 0x00000000e3200000| Untracked 
|  51|0x00000000e3300000, 0x00000000e3300000, 0x00000000e3400000|  0%| F|  |TAMS 0x00000000e3300000, 0x00000000e3300000| Untracked 
|  52|0x00000000e3400000, 0x00000000e3400000, 0x00000000e3500000|  0%| F|  |TAMS 0x00000000e3400000, 0x00000000e3400000| Untracked 
|  53|0x00000000e3500000, 0x00000000e3500000, 0x00000000e3600000|  0%| F|  |TAMS 0x00000000e3500000, 0x00000000e3500000| Untracked 
|  54|0x00000000e3600000, 0x00000000e3600000, 0x00000000e3700000|  0%| F|  |TAMS 0x00000000e3600000, 0x00000000e3600000| Untracked 
|  55|0x00000000e3700000, 0x00000000e3700000, 0x00000000e3800000|  0%| F|  |TAMS 0x00000000e3700000, 0x00000000e3700000| Untracked 
|  56|0x00000000e3800000, 0x00000000e3800000, 0x00000000e3900000|  0%| F|  |TAMS 0x00000000e3800000, 0x00000000e3800000| Untracked 
|  57|0x00000000e3900000, 0x00000000e3900000, 0x00000000e3a00000|  0%| F|  |TAMS 0x00000000e3900000, 0x00000000e3900000| Untracked 
|  58|0x00000000e3a00000, 0x00000000e3a00000, 0x00000000e3b00000|  0%| F|  |TAMS 0x00000000e3a00000, 0x00000000e3a00000| Untracked 
|  59|0x00000000e3b00000, 0x00000000e3b00000, 0x00000000e3c00000|  0%| F|  |TAMS 0x00000000e3b00000, 0x00000000e3b00000| Untracked 
|  60|0x00000000e3c00000, 0x00000000e3c00000, 0x00000000e3d00000|  0%| F|  |TAMS 0x00000000e3c00000, 0x00000000e3c00000| Untracked 
|  61|0x00000000e3d00000, 0x00000000e3d00000, 0x00000000e3e00000|  0%| F|  |TAMS 0x00000000e3d00000, 0x00000000e3d00000| Untracked 
|  62|0x00000000e3e00000, 0x00000000e3e00000, 0x00000000e3f00000|  0%| F|  |TAMS 0x00000000e3e00000, 0x00000000e3e00000| Untracked 
|  63|0x00000000e3f00000, 0x00000000e3f00000, 0x00000000e4000000|  0%| F|  |TAMS 0x00000000e3f00000, 0x00000000e3f00000| Untracked 
|  64|0x00000000e4000000, 0x00000000e4000000, 0x00000000e4100000|  0%| F|  |TAMS 0x00000000e4000000, 0x00000000e4000000| Untracked 
|  65|0x00000000e4100000, 0x00000000e4100000, 0x00000000e4200000|  0%| F|  |TAMS 0x00000000e4100000, 0x00000000e4100000| Untracked 
|  66|0x00000000e4200000, 0x00000000e4200000, 0x00000000e4300000|  0%| F|  |TAMS 0x00000000e4200000, 0x00000000e4200000| Untracked 
|  67|0x00000000e4300000, 0x00000000e4300000, 0x00000000e4400000|  0%| F|  |TAMS 0x00000000e4300000, 0x00000000e4300000| Untracked 
|  68|0x00000000e4400000, 0x00000000e4400000, 0x00000000e4500000|  0%| F|  |TAMS 0x00000000e4400000, 0x00000000e4400000| Untracked 
|  69|0x00000000e4500000, 0x00000000e4500000, 0x00000000e4600000|  0%| F|  |TAMS 0x00000000e4500000, 0x00000000e4500000| Untracked 
|  70|0x00000000e4600000, 0x00000000e4600000, 0x00000000e4700000|  0%| F|  |TAMS 0x00000000e4600000, 0x00000000e4600000| Untracked 
|  71|0x00000000e4700000, 0x00000000e4700000, 0x00000000e4800000|  0%| F|  |TAMS 0x00000000e4700000, 0x00000000e4700000| Untracked 
|  72|0x00000000e4800000, 0x00000000e4800000, 0x00000000e4900000|  0%| F|  |TAMS 0x00000000e4800000, 0x00000000e4800000| Untracked 
|  73|0x00000000e4900000, 0x00000000e4900000, 0x00000000e4a00000|  0%| F|  |TAMS 0x00000000e4900000, 0x00000000e4900000| Untracked 
|  74|0x00000000e4a00000, 0x00000000e4a00000, 0x00000000e4b00000|  0%| F|  |TAMS 0x00000000e4a00000, 0x00000000e4a00000| Untracked 
|  75|0x00000000e4b00000, 0x00000000e4b00000, 0x00000000e4c00000|  0%| F|  |TAMS 0x00000000e4b00000, 0x00000000e4b00000| Untracked 
|  76|0x00000000e4c00000, 0x00000000e4c00000, 0x00000000e4d00000|  0%| F|  |TAMS 0x00000000e4c00000, 0x00000000e4c00000| Untracked 
|  77|0x00000000e4d00000, 0x00000000e4d00000, 0x00000000e4e00000|  0%| F|  |TAMS 0x00000000e4d00000, 0x00000000e4d00000| Untracked 
|  78|0x00000000e4e00000, 0x00000000e4e00000, 0x00000000e4f00000|  0%| F|  |TAMS 0x00000000e4e00000, 0x00000000e4e00000| Untracked 
|  79|0x00000000e4f00000, 0x00000000e4f00000, 0x00000000e5000000|  0%| F|  |TAMS 0x00000000e4f00000, 0x00000000e4f00000| Untracked 
|  80|0x00000000e5000000, 0x00000000e5000000, 0x00000000e5100000|  0%| F|  |TAMS 0x00000000e5000000, 0x00000000e5000000| Untracked 
|  81|0x00000000e5100000, 0x00000000e5100000, 0x00000000e5200000|  0%| F|  |TAMS 0x00000000e5100000, 0x00000000e5100000| Untracked 
|  82|0x00000000e5200000, 0x00000000e5200000, 0x00000000e5300000|  0%| F|  |TAMS 0x00000000e5200000, 0x00000000e5200000| Untracked 
|  83|0x00000000e5300000, 0x00000000e5300000, 0x00000000e5400000|  0%| F|  |TAMS 0x00000000e5300000, 0x00000000e5300000| Untracked 
|  84|0x00000000e5400000, 0x00000000e5400000, 0x00000000e5500000|  0%| F|  |TAMS 0x00000000e5400000, 0x00000000e5400000| Untracked 
|  85|0x00000000e5500000, 0x00000000e5500000, 0x00000000e5600000|  0%| F|  |TAMS 0x00000000e5500000, 0x00000000e5500000| Untracked 
|  86|0x00000000e5600000, 0x00000000e5600000, 0x00000000e5700000|  0%| F|  |TAMS 0x00000000e5600000, 0x00000000e5600000| Untracked 
|  87|0x00000000e5700000, 0x00000000e5700000, 0x00000000e5800000|  0%| F|  |TAMS 0x00000000e5700000, 0x00000000e5700000| Untracked 
|  88|0x00000000e5800000, 0x00000000e5800000, 0x00000000e5900000|  0%| F|  |TAMS 0x00000000e5800000, 0x00000000e5800000| Untracked 
|  89|0x00000000e5900000, 0x00000000e5900000, 0x00000000e5a00000|  0%| F|  |TAMS 0x00000000e5900000, 0x00000000e5900000| Untracked 
|  90|0x00000000e5a00000, 0x00000000e5a00000, 0x00000000e5b00000|  0%| F|  |TAMS 0x00000000e5a00000, 0x00000000e5a00000| Untracked 
|  91|0x00000000e5b00000, 0x00000000e5b00000, 0x00000000e5c00000|  0%| F|  |TAMS 0x00000000e5b00000, 0x00000000e5b00000| Untracked 
|  92|0x00000000e5c00000, 0x00000000e5c00000, 0x00000000e5d00000|  0%| F|  |TAMS 0x00000000e5c00000, 0x00000000e5c00000| Untracked 
|  93|0x00000000e5d00000, 0x00000000e5d00000, 0x00000000e5e00000|  0%| F|  |TAMS 0x00000000e5d00000, 0x00000000e5d00000| Untracked 
|  94|0x00000000e5e00000, 0x00000000e5e00000, 0x00000000e5f00000|  0%| F|  |TAMS 0x00000000e5e00000, 0x00000000e5e00000| Untracked 
|  95|0x00000000e5f00000, 0x00000000e5f00000, 0x00000000e6000000|  0%| F|  |TAMS 0x00000000e5f00000, 0x00000000e5f00000| Untracked 
|  96|0x00000000e6000000, 0x00000000e6000000, 0x00000000e6100000|  0%| F|  |TAMS 0x00000000e6000000, 0x00000000e6000000| Untracked 
|  97|0x00000000e6100000, 0x00000000e6100000, 0x00000000e6200000|  0%| F|  |TAMS 0x00000000e6100000, 0x00000000e6100000| Untracked 
|  98|0x00000000e6200000, 0x00000000e6200000, 0x00000000e6300000|  0%| F|  |TAMS 0x00000000e6200000, 0x00000000e6200000| Untracked 
|  99|0x00000000e6300000, 0x00000000e6300000, 0x00000000e6400000|  0%| F|  |TAMS 0x00000000e6300000, 0x00000000e6300000| Untracked 
| 100|0x00000000e6400000, 0x00000000e6400000, 0x00000000e6500000|  0%| F|  |TAMS 0x00000000e6400000, 0x00000000e6400000| Untracked 
| 101|0x00000000e6500000, 0x00000000e6500000, 0x00000000e6600000|  0%| F|  |TAMS 0x00000000e6500000, 0x00000000e6500000| Untracked 
| 102|0x00000000e6600000, 0x00000000e6600000, 0x00000000e6700000|  0%| F|  |TAMS 0x00000000e6600000, 0x00000000e6600000| Untracked 
| 103|0x00000000e6700000, 0x00000000e6700000, 0x00000000e6800000|  0%| F|  |TAMS 0x00000000e6700000, 0x00000000e6700000| Untracked 
| 104|0x00000000e6800000, 0x00000000e6800000, 0x00000000e6900000|  0%| F|  |TAMS 0x00000000e6800000, 0x00000000e6800000| Untracked 
| 105|0x00000000e6900000, 0x00000000e6900000, 0x00000000e6a00000|  0%| F|  |TAMS 0x00000000e6900000, 0x00000000e6900000| Untracked 
| 106|0x00000000e6a00000, 0x00000000e6a00000, 0x00000000e6b00000|  0%| F|  |TAMS 0x00000000e6a00000, 0x00000000e6a00000| Untracked 
| 107|0x00000000e6b00000, 0x00000000e6b00000, 0x00000000e6c00000|  0%| F|  |TAMS 0x00000000e6b00000, 0x00000000e6b00000| Untracked 
| 108|0x00000000e6c00000, 0x00000000e6c00000, 0x00000000e6d00000|  0%| F|  |TAMS 0x00000000e6c00000, 0x00000000e6c00000| Untracked 
| 109|0x00000000e6d00000, 0x00000000e6d00000, 0x00000000e6e00000|  0%| F|  |TAMS 0x00000000e6d00000, 0x00000000e6d00000| Untracked 
| 110|0x00000000e6e00000, 0x00000000e6e00000, 0x00000000e6f00000|  0%| F|  |TAMS 0x00000000e6e00000, 0x00000000e6e00000| Untracked 
| 111|0x00000000e6f00000, 0x00000000e6f00000, 0x00000000e7000000|  0%| F|  |TAMS 0x00000000e6f00000, 0x00000000e6f00000| Untracked 
| 112|0x00000000e7000000, 0x00000000e7000000, 0x00000000e7100000|  0%| F|  |TAMS 0x00000000e7000000, 0x00000000e7000000| Untracked 
| 113|0x00000000e7100000, 0x00000000e7100000, 0x00000000e7200000|  0%| F|  |TAMS 0x00000000e7100000, 0x00000000e7100000| Untracked 
| 114|0x00000000e7200000, 0x00000000e7200000, 0x00000000e7300000|  0%| F|  |TAMS 0x00000000e7200000, 0x00000000e7200000| Untracked 
| 115|0x00000000e7300000, 0x00000000e7300000, 0x00000000e7400000|  0%| F|  |TAMS 0x00000000e7300000, 0x00000000e7300000| Untracked 
| 116|0x00000000e7400000, 0x00000000e7400000, 0x00000000e7500000|  0%| F|  |TAMS 0x00000000e7400000, 0x00000000e7400000| Untracked 
| 117|0x00000000e7500000, 0x00000000e7500000, 0x00000000e7600000|  0%| F|  |TAMS 0x00000000e7500000, 0x00000000e7500000| Untracked 
| 118|0x00000000e7600000, 0x00000000e7600000, 0x00000000e7700000|  0%| F|  |TAMS 0x00000000e7600000, 0x00000000e7600000| Untracked 
| 119|0x00000000e7700000, 0x00000000e7700000, 0x00000000e7800000|  0%| F|  |TAMS 0x00000000e7700000, 0x00000000e7700000| Untracked 
| 120|0x00000000e7800000, 0x00000000e7800000, 0x00000000e7900000|  0%| F|  |TAMS 0x00000000e7800000, 0x00000000e7800000| Untracked 
| 121|0x00000000e7900000, 0x00000000e7900000, 0x00000000e7a00000|  0%| F|  |TAMS 0x00000000e7900000, 0x00000000e7900000| Untracked 
| 122|0x00000000e7a00000, 0x00000000e7a00000, 0x00000000e7b00000|  0%| F|  |TAMS 0x00000000e7a00000, 0x00000000e7a00000| Untracked 
| 123|0x00000000e7b00000, 0x00000000e7b00000, 0x00000000e7c00000|  0%| F|  |TAMS 0x00000000e7b00000, 0x00000000e7b00000| Untracked 
| 124|0x00000000e7c00000, 0x00000000e7c00000, 0x00000000e7d00000|  0%| F|  |TAMS 0x00000000e7c00000, 0x00000000e7c00000| Untracked 
| 125|0x00000000e7d00000, 0x00000000e7d00000, 0x00000000e7e00000|  0%| F|  |TAMS 0x00000000e7d00000, 0x00000000e7d00000| Untracked 
| 126|0x00000000e7e00000, 0x00000000e7e00000, 0x00000000e7f00000|  0%| F|  |TAMS 0x00000000e7e00000, 0x00000000e7e00000| Untracked 
| 127|0x00000000e7f00000, 0x00000000e7f00000, 0x00000000e8000000|  0%| F|  |TAMS 0x00000000e7f00000, 0x00000000e7f00000| Untracked 
| 128|0x00000000e8000000, 0x00000000e8000000, 0x00000000e8100000|  0%| F|  |TAMS 0x00000000e8000000, 0x00000000e8000000| Untracked 
| 129|0x00000000e8100000, 0x00000000e8100000, 0x00000000e8200000|  0%| F|  |TAMS 0x00000000e8100000, 0x00000000e8100000| Untracked 
| 130|0x00000000e8200000, 0x00000000e8200000, 0x00000000e8300000|  0%| F|  |TAMS 0x00000000e8200000, 0x00000000e8200000| Untracked 
| 131|0x00000000e8300000, 0x00000000e8300000, 0x00000000e8400000|  0%| F|  |TAMS 0x00000000e8300000, 0x00000000e8300000| Untracked 
| 132|0x00000000e8400000, 0x00000000e8400000, 0x00000000e8500000|  0%| F|  |TAMS 0x00000000e8400000, 0x00000000e8400000| Untracked 
| 133|0x00000000e8500000, 0x00000000e8500000, 0x00000000e8600000|  0%| F|  |TAMS 0x00000000e8500000, 0x00000000e8500000| Untracked 
| 134|0x00000000e8600000, 0x00000000e8600000, 0x00000000e8700000|  0%| F|  |TAMS 0x00000000e8600000, 0x00000000e8600000| Untracked 
| 135|0x00000000e8700000, 0x00000000e8700000, 0x00000000e8800000|  0%| F|  |TAMS 0x00000000e8700000, 0x00000000e8700000| Untracked 
| 136|0x00000000e8800000, 0x00000000e8800000, 0x00000000e8900000|  0%| F|  |TAMS 0x00000000e8800000, 0x00000000e8800000| Untracked 
| 137|0x00000000e8900000, 0x00000000e8900000, 0x00000000e8a00000|  0%| F|  |TAMS 0x00000000e8900000, 0x00000000e8900000| Untracked 
| 138|0x00000000e8a00000, 0x00000000e8a00000, 0x00000000e8b00000|  0%| F|  |TAMS 0x00000000e8a00000, 0x00000000e8a00000| Untracked 
| 139|0x00000000e8b00000, 0x00000000e8b00000, 0x00000000e8c00000|  0%| F|  |TAMS 0x00000000e8b00000, 0x00000000e8b00000| Untracked 
| 140|0x00000000e8c00000, 0x00000000e8c00000, 0x00000000e8d00000|  0%| F|  |TAMS 0x00000000e8c00000, 0x00000000e8c00000| Untracked 
| 141|0x00000000e8d00000, 0x00000000e8d00000, 0x00000000e8e00000|  0%| F|  |TAMS 0x00000000e8d00000, 0x00000000e8d00000| Untracked 
| 142|0x00000000e8e00000, 0x00000000e8e00000, 0x00000000e8f00000|  0%| F|  |TAMS 0x00000000e8e00000, 0x00000000e8e00000| Untracked 
| 143|0x00000000e8f00000, 0x00000000e8f00000, 0x00000000e9000000|  0%| F|  |TAMS 0x00000000e8f00000, 0x00000000e8f00000| Untracked 
| 144|0x00000000e9000000, 0x00000000e9000000, 0x00000000e9100000|  0%| F|  |TAMS 0x00000000e9000000, 0x00000000e9000000| Untracked 
| 145|0x00000000e9100000, 0x00000000e9100000, 0x00000000e9200000|  0%| F|  |TAMS 0x00000000e9100000, 0x00000000e9100000| Untracked 
| 146|0x00000000e9200000, 0x00000000e9200000, 0x00000000e9300000|  0%| F|  |TAMS 0x00000000e9200000, 0x00000000e9200000| Untracked 
| 147|0x00000000e9300000, 0x00000000e9300000, 0x00000000e9400000|  0%| F|  |TAMS 0x00000000e9300000, 0x00000000e9300000| Untracked 
| 148|0x00000000e9400000, 0x00000000e9400000, 0x00000000e9500000|  0%| F|  |TAMS 0x00000000e9400000, 0x00000000e9400000| Untracked 
| 149|0x00000000e9500000, 0x00000000e9500000, 0x00000000e9600000|  0%| F|  |TAMS 0x00000000e9500000, 0x00000000e9500000| Untracked 
| 150|0x00000000e9600000, 0x00000000e9600000, 0x00000000e9700000|  0%| F|  |TAMS 0x00000000e9600000, 0x00000000e9600000| Untracked 
| 151|0x00000000e9700000, 0x00000000e9700000, 0x00000000e9800000|  0%| F|  |TAMS 0x00000000e9700000, 0x00000000e9700000| Untracked 
| 152|0x00000000e9800000, 0x00000000e9800000, 0x00000000e9900000|  0%| F|  |TAMS 0x00000000e9800000, 0x00000000e9800000| Untracked 
| 153|0x00000000e9900000, 0x00000000e9900000, 0x00000000e9a00000|  0%| F|  |TAMS 0x00000000e9900000, 0x00000000e9900000| Untracked 
| 154|0x00000000e9a00000, 0x00000000e9a00000, 0x00000000e9b00000|  0%| F|  |TAMS 0x00000000e9a00000, 0x00000000e9a00000| Untracked 
| 155|0x00000000e9b00000, 0x00000000e9b00000, 0x00000000e9c00000|  0%| F|  |TAMS 0x00000000e9b00000, 0x00000000e9b00000| Untracked 
| 156|0x00000000e9c00000, 0x00000000e9c00000, 0x00000000e9d00000|  0%| F|  |TAMS 0x00000000e9c00000, 0x00000000e9c00000| Untracked 
| 157|0x00000000e9d00000, 0x00000000e9d00000, 0x00000000e9e00000|  0%| F|  |TAMS 0x00000000e9d00000, 0x00000000e9d00000| Untracked 
| 158|0x00000000e9e00000, 0x00000000e9e00000, 0x00000000e9f00000|  0%| F|  |TAMS 0x00000000e9e00000, 0x00000000e9e00000| Untracked 
| 159|0x00000000e9f00000, 0x00000000e9f00000, 0x00000000ea000000|  0%| F|  |TAMS 0x00000000e9f00000, 0x00000000e9f00000| Untracked 
| 160|0x00000000ea000000, 0x00000000ea000000, 0x00000000ea100000|  0%| F|  |TAMS 0x00000000ea000000, 0x00000000ea000000| Untracked 
| 161|0x00000000ea100000, 0x00000000ea100000, 0x00000000ea200000|  0%| F|  |TAMS 0x00000000ea100000, 0x00000000ea100000| Untracked 
| 162|0x00000000ea200000, 0x00000000ea200000, 0x00000000ea300000|  0%| F|  |TAMS 0x00000000ea200000, 0x00000000ea200000| Untracked 
| 163|0x00000000ea300000, 0x00000000ea300000, 0x00000000ea400000|  0%| F|  |TAMS 0x00000000ea300000, 0x00000000ea300000| Untracked 
| 164|0x00000000ea400000, 0x00000000ea400000, 0x00000000ea500000|  0%| F|  |TAMS 0x00000000ea400000, 0x00000000ea400000| Untracked 
| 165|0x00000000ea500000, 0x00000000ea500000, 0x00000000ea600000|  0%| F|  |TAMS 0x00000000ea500000, 0x00000000ea500000| Untracked 
| 166|0x00000000ea600000, 0x00000000ea600000, 0x00000000ea700000|  0%| F|  |TAMS 0x00000000ea600000, 0x00000000ea600000| Untracked 
| 167|0x00000000ea700000, 0x00000000ea700000, 0x00000000ea800000|  0%| F|  |TAMS 0x00000000ea700000, 0x00000000ea700000| Untracked 
| 168|0x00000000ea800000, 0x00000000ea800000, 0x00000000ea900000|  0%| F|  |TAMS 0x00000000ea800000, 0x00000000ea800000| Untracked 
| 169|0x00000000ea900000, 0x00000000ea900000, 0x00000000eaa00000|  0%| F|  |TAMS 0x00000000ea900000, 0x00000000ea900000| Untracked 
| 170|0x00000000eaa00000, 0x00000000eaa00000, 0x00000000eab00000|  0%| F|  |TAMS 0x00000000eaa00000, 0x00000000eaa00000| Untracked 
| 171|0x00000000eab00000, 0x00000000eab00000, 0x00000000eac00000|  0%| F|  |TAMS 0x00000000eab00000, 0x00000000eab00000| Untracked 
| 172|0x00000000eac00000, 0x00000000eac00000, 0x00000000ead00000|  0%| F|  |TAMS 0x00000000eac00000, 0x00000000eac00000| Untracked 
| 173|0x00000000ead00000, 0x00000000ead00000, 0x00000000eae00000|  0%| F|  |TAMS 0x00000000ead00000, 0x00000000ead00000| Untracked 
| 174|0x00000000eae00000, 0x00000000eae00000, 0x00000000eaf00000|  0%| F|  |TAMS 0x00000000eae00000, 0x00000000eae00000| Untracked 
| 175|0x00000000eaf00000, 0x00000000eaf00000, 0x00000000eb000000|  0%| F|  |TAMS 0x00000000eaf00000, 0x00000000eaf00000| Untracked 
| 176|0x00000000eb000000, 0x00000000eb000000, 0x00000000eb100000|  0%| F|  |TAMS 0x00000000eb000000, 0x00000000eb000000| Untracked 
| 177|0x00000000eb100000, 0x00000000eb100000, 0x00000000eb200000|  0%| F|  |TAMS 0x00000000eb100000, 0x00000000eb100000| Untracked 
| 178|0x00000000eb200000, 0x00000000eb200000, 0x00000000eb300000|  0%| F|  |TAMS 0x00000000eb200000, 0x00000000eb200000| Untracked 
| 179|0x00000000eb300000, 0x00000000eb300000, 0x00000000eb400000|  0%| F|  |TAMS 0x00000000eb300000, 0x00000000eb300000| Untracked 
| 180|0x00000000eb400000, 0x00000000eb400000, 0x00000000eb500000|  0%| F|  |TAMS 0x00000000eb400000, 0x00000000eb400000| Untracked 
| 181|0x00000000eb500000, 0x00000000eb500000, 0x00000000eb600000|  0%| F|  |TAMS 0x00000000eb500000, 0x00000000eb500000| Untracked 
| 182|0x00000000eb600000, 0x00000000eb600000, 0x00000000eb700000|  0%| F|  |TAMS 0x00000000eb600000, 0x00000000eb600000| Untracked 
| 183|0x00000000eb700000, 0x00000000eb700000, 0x00000000eb800000|  0%| F|  |TAMS 0x00000000eb700000, 0x00000000eb700000| Untracked 
| 184|0x00000000eb800000, 0x00000000eb800000, 0x00000000eb900000|  0%| F|  |TAMS 0x00000000eb800000, 0x00000000eb800000| Untracked 
| 185|0x00000000eb900000, 0x00000000eb900000, 0x00000000eba00000|  0%| F|  |TAMS 0x00000000eb900000, 0x00000000eb900000| Untracked 
| 186|0x00000000eba00000, 0x00000000eba00000, 0x00000000ebb00000|  0%| F|  |TAMS 0x00000000eba00000, 0x00000000eba00000| Untracked 
| 187|0x00000000ebb00000, 0x00000000ebb00000, 0x00000000ebc00000|  0%| F|  |TAMS 0x00000000ebb00000, 0x00000000ebb00000| Untracked 
| 188|0x00000000ebc00000, 0x00000000ebc00000, 0x00000000ebd00000|  0%| F|  |TAMS 0x00000000ebc00000, 0x00000000ebc00000| Untracked 
| 189|0x00000000ebd00000, 0x00000000ebd00000, 0x00000000ebe00000|  0%| F|  |TAMS 0x00000000ebd00000, 0x00000000ebd00000| Untracked 
| 190|0x00000000ebe00000, 0x00000000ebe00000, 0x00000000ebf00000|  0%| F|  |TAMS 0x00000000ebe00000, 0x00000000ebe00000| Untracked 
| 191|0x00000000ebf00000, 0x00000000ebf00000, 0x00000000ec000000|  0%| F|  |TAMS 0x00000000ebf00000, 0x00000000ebf00000| Untracked 
| 192|0x00000000ec000000, 0x00000000ec000000, 0x00000000ec100000|  0%| F|  |TAMS 0x00000000ec000000, 0x00000000ec000000| Untracked 
| 193|0x00000000ec100000, 0x00000000ec100000, 0x00000000ec200000|  0%| F|  |TAMS 0x00000000ec100000, 0x00000000ec100000| Untracked 
| 194|0x00000000ec200000, 0x00000000ec200000, 0x00000000ec300000|  0%| F|  |TAMS 0x00000000ec200000, 0x00000000ec200000| Untracked 
| 195|0x00000000ec300000, 0x00000000ec300000, 0x00000000ec400000|  0%| F|  |TAMS 0x00000000ec300000, 0x00000000ec300000| Untracked 
| 196|0x00000000ec400000, 0x00000000ec400000, 0x00000000ec500000|  0%| F|  |TAMS 0x00000000ec400000, 0x00000000ec400000| Untracked 
| 197|0x00000000ec500000, 0x00000000ec500000, 0x00000000ec600000|  0%| F|  |TAMS 0x00000000ec500000, 0x00000000ec500000| Untracked 
| 198|0x00000000ec600000, 0x00000000ec600000, 0x00000000ec700000|  0%| F|  |TAMS 0x00000000ec600000, 0x00000000ec600000| Untracked 
| 199|0x00000000ec700000, 0x00000000ec700000, 0x00000000ec800000|  0%| F|  |TAMS 0x00000000ec700000, 0x00000000ec700000| Untracked 
| 200|0x00000000ec800000, 0x00000000ec800000, 0x00000000ec900000|  0%| F|  |TAMS 0x00000000ec800000, 0x00000000ec800000| Untracked 
| 201|0x00000000ec900000, 0x00000000ec900000, 0x00000000eca00000|  0%| F|  |TAMS 0x00000000ec900000, 0x00000000ec900000| Untracked 
| 202|0x00000000eca00000, 0x00000000eca00000, 0x00000000ecb00000|  0%| F|  |TAMS 0x00000000eca00000, 0x00000000eca00000| Untracked 
| 203|0x00000000ecb00000, 0x00000000ecb00000, 0x00000000ecc00000|  0%| F|  |TAMS 0x00000000ecb00000, 0x00000000ecb00000| Untracked 
| 204|0x00000000ecc00000, 0x00000000ecc00000, 0x00000000ecd00000|  0%| F|  |TAMS 0x00000000ecc00000, 0x00000000ecc00000| Untracked 
| 205|0x00000000ecd00000, 0x00000000ecd00000, 0x00000000ece00000|  0%| F|  |TAMS 0x00000000ecd00000, 0x00000000ecd00000| Untracked 
| 206|0x00000000ece00000, 0x00000000ece00000, 0x00000000ecf00000|  0%| F|  |TAMS 0x00000000ece00000, 0x00000000ece00000| Untracked 
| 207|0x00000000ecf00000, 0x00000000ecf00000, 0x00000000ed000000|  0%| F|  |TAMS 0x00000000ecf00000, 0x00000000ecf00000| Untracked 
| 208|0x00000000ed000000, 0x00000000ed000000, 0x00000000ed100000|  0%| F|  |TAMS 0x00000000ed000000, 0x00000000ed000000| Untracked 
| 209|0x00000000ed100000, 0x00000000ed100000, 0x00000000ed200000|  0%| F|  |TAMS 0x00000000ed100000, 0x00000000ed100000| Untracked 
| 210|0x00000000ed200000, 0x00000000ed200000, 0x00000000ed300000|  0%| F|  |TAMS 0x00000000ed200000, 0x00000000ed200000| Untracked 
| 211|0x00000000ed300000, 0x00000000ed300000, 0x00000000ed400000|  0%| F|  |TAMS 0x00000000ed300000, 0x00000000ed300000| Untracked 
| 212|0x00000000ed400000, 0x00000000ed400000, 0x00000000ed500000|  0%| F|  |TAMS 0x00000000ed400000, 0x00000000ed400000| Untracked 
| 213|0x00000000ed500000, 0x00000000ed500000, 0x00000000ed600000|  0%| F|  |TAMS 0x00000000ed500000, 0x00000000ed500000| Untracked 
| 214|0x00000000ed600000, 0x00000000ed600000, 0x00000000ed700000|  0%| F|  |TAMS 0x00000000ed600000, 0x00000000ed600000| Untracked 
| 215|0x00000000ed700000, 0x00000000ed736eb8, 0x00000000ed800000| 21%| S|CS|TAMS 0x00000000ed700000, 0x00000000ed700000| Complete 
| 216|0x00000000ed800000, 0x00000000ed900000, 0x00000000ed900000|100%| S|CS|TAMS 0x00000000ed800000, 0x00000000ed800000| Complete 
| 217|0x00000000ed900000, 0x00000000eda00000, 0x00000000eda00000|100%| S|CS|TAMS 0x00000000ed900000, 0x00000000ed900000| Complete 
| 218|0x00000000eda00000, 0x00000000edb00000, 0x00000000edb00000|100%| S|CS|TAMS 0x00000000eda00000, 0x00000000eda00000| Complete 
| 219|0x00000000edb00000, 0x00000000edc00000, 0x00000000edc00000|100%| S|CS|TAMS 0x00000000edb00000, 0x00000000edb00000| Complete 
| 220|0x00000000edc00000, 0x00000000edd00000, 0x00000000edd00000|100%| S|CS|TAMS 0x00000000edc00000, 0x00000000edc00000| Complete 
| 221|0x00000000edd00000, 0x00000000edd00000, 0x00000000ede00000|  0%| F|  |TAMS 0x00000000edd00000, 0x00000000edd00000| Untracked 
| 222|0x00000000ede00000, 0x00000000ede00000, 0x00000000edf00000|  0%| F|  |TAMS 0x00000000ede00000, 0x00000000ede00000| Untracked 
| 223|0x00000000edf00000, 0x00000000edf00000, 0x00000000ee000000|  0%| F|  |TAMS 0x00000000edf00000, 0x00000000edf00000| Untracked 
| 224|0x00000000ee000000, 0x00000000ee000000, 0x00000000ee100000|  0%| F|  |TAMS 0x00000000ee000000, 0x00000000ee000000| Untracked 
| 225|0x00000000ee100000, 0x00000000ee100000, 0x00000000ee200000|  0%| F|  |TAMS 0x00000000ee100000, 0x00000000ee100000| Untracked 
| 226|0x00000000ee200000, 0x00000000ee200000, 0x00000000ee300000|  0%| F|  |TAMS 0x00000000ee200000, 0x00000000ee200000| Untracked 
| 227|0x00000000ee300000, 0x00000000ee300000, 0x00000000ee400000|  0%| F|  |TAMS 0x00000000ee300000, 0x00000000ee300000| Untracked 
| 228|0x00000000ee400000, 0x00000000ee400000, 0x00000000ee500000|  0%| F|  |TAMS 0x00000000ee400000, 0x00000000ee400000| Untracked 
| 229|0x00000000ee500000, 0x00000000ee525ce8, 0x00000000ee600000| 14%| E|  |TAMS 0x00000000ee500000, 0x00000000ee500000| Complete 
| 230|0x00000000ee600000, 0x00000000ee700000, 0x00000000ee700000|100%| E|CS|TAMS 0x00000000ee600000, 0x00000000ee600000| Complete 
| 231|0x00000000ee700000, 0x00000000ee800000, 0x00000000ee800000|100%| E|CS|TAMS 0x00000000ee700000, 0x00000000ee700000| Complete 
| 232|0x00000000ee800000, 0x00000000ee900000, 0x00000000ee900000|100%| E|CS|TAMS 0x00000000ee800000, 0x00000000ee800000| Complete 
| 233|0x00000000ee900000, 0x00000000eea00000, 0x00000000eea00000|100%| E|CS|TAMS 0x00000000ee900000, 0x00000000ee900000| Complete 
| 234|0x00000000eea00000, 0x00000000eeb00000, 0x00000000eeb00000|100%| E|CS|TAMS 0x00000000eea00000, 0x00000000eea00000| Complete 
| 235|0x00000000eeb00000, 0x00000000eec00000, 0x00000000eec00000|100%| E|CS|TAMS 0x00000000eeb00000, 0x00000000eeb00000| Complete 
| 236|0x00000000eec00000, 0x00000000eed00000, 0x00000000eed00000|100%| E|CS|TAMS 0x00000000eec00000, 0x00000000eec00000| Complete 
| 237|0x00000000eed00000, 0x00000000eee00000, 0x00000000eee00000|100%| E|CS|TAMS 0x00000000eed00000, 0x00000000eed00000| Complete 
| 238|0x00000000eee00000, 0x00000000eef00000, 0x00000000eef00000|100%| E|CS|TAMS 0x00000000eee00000, 0x00000000eee00000| Complete 
| 239|0x00000000eef00000, 0x00000000ef000000, 0x00000000ef000000|100%| E|CS|TAMS 0x00000000eef00000, 0x00000000eef00000| Complete 
| 240|0x00000000ef000000, 0x00000000ef100000, 0x00000000ef100000|100%| E|CS|TAMS 0x00000000ef000000, 0x00000000ef000000| Complete 
| 241|0x00000000ef100000, 0x00000000ef200000, 0x00000000ef200000|100%| E|CS|TAMS 0x00000000ef100000, 0x00000000ef100000| Complete 
| 242|0x00000000ef200000, 0x00000000ef300000, 0x00000000ef300000|100%| E|CS|TAMS 0x00000000ef200000, 0x00000000ef200000| Complete 
| 243|0x00000000ef300000, 0x00000000ef400000, 0x00000000ef400000|100%| E|CS|TAMS 0x00000000ef300000, 0x00000000ef300000| Complete 
| 244|0x00000000ef400000, 0x00000000ef500000, 0x00000000ef500000|100%| E|CS|TAMS 0x00000000ef400000, 0x00000000ef400000| Complete 
| 245|0x00000000ef500000, 0x00000000ef600000, 0x00000000ef600000|100%| E|CS|TAMS 0x00000000ef500000, 0x00000000ef500000| Complete 
| 246|0x00000000ef600000, 0x00000000ef700000, 0x00000000ef700000|100%| E|CS|TAMS 0x00000000ef600000, 0x00000000ef600000| Complete 
| 247|0x00000000ef700000, 0x00000000ef800000, 0x00000000ef800000|100%| E|CS|TAMS 0x00000000ef700000, 0x00000000ef700000| Complete 
| 248|0x00000000ef800000, 0x00000000ef900000, 0x00000000ef900000|100%| E|CS|TAMS 0x00000000ef800000, 0x00000000ef800000| Complete 
| 249|0x00000000ef900000, 0x00000000efa00000, 0x00000000efa00000|100%| E|CS|TAMS 0x00000000ef900000, 0x00000000ef900000| Complete 
| 250|0x00000000efa00000, 0x00000000efb00000, 0x00000000efb00000|100%| E|CS|TAMS 0x00000000efa00000, 0x00000000efa00000| Complete 
| 251|0x00000000efb00000, 0x00000000efc00000, 0x00000000efc00000|100%| E|CS|TAMS 0x00000000efb00000, 0x00000000efb00000| Complete 
| 252|0x00000000efc00000, 0x00000000efd00000, 0x00000000efd00000|100%| E|CS|TAMS 0x00000000efc00000, 0x00000000efc00000| Complete 
| 253|0x00000000efd00000, 0x00000000efe00000, 0x00000000efe00000|100%| E|CS|TAMS 0x00000000efd00000, 0x00000000efd00000| Complete 
| 254|0x00000000efe00000, 0x00000000eff00000, 0x00000000eff00000|100%| E|CS|TAMS 0x00000000efe00000, 0x00000000efe00000| Complete 
| 255|0x00000000eff00000, 0x00000000f0000000, 0x00000000f0000000|100%| E|CS|TAMS 0x00000000eff00000, 0x00000000eff00000| Complete 

Card table byte_map: [0x000001e4d1850000,0x000001e4d1950000] _byte_map_base: 0x000001e4d1150000

Marking Bits (Prev, Next): (CMBitMap*) 0x000001e4baba45b8, (CMBitMap*) 0x000001e4baba45f0
 Prev Bits: [0x000001e4d1a50000, 0x000001e4d2250000)
 Next Bits: [0x000001e4d2250000, 0x000001e4d2a50000)

Polling page: 0x000001e4ba360000

Metaspace:

Usage:
  Non-class:     32.81 MB capacity,    32.15 MB ( 98%) used,   564.87 KB (  2%) free+waste,   108.13 KB ( <1%) overhead. 
      Class:      5.38 MB capacity,     4.97 MB ( 92%) used,   363.09 KB (  7%) free+waste,    55.25 KB (  1%) overhead. 
       Both:     38.18 MB capacity,    37.12 MB ( 97%) used,   927.96 KB (  2%) free+waste,   163.38 KB ( <1%) overhead. 

Virtual space:
  Non-class space:       34.00 MB reserved,      32.83 MB ( 97%) committed 
      Class space:      376.00 MB reserved,       5.50 MB (  1%) committed 
             Both:      410.00 MB reserved,      38.33 MB (  9%) committed 

Chunk freelists:
   Non-Class:  2.88 KB
       Class:  3.75 KB
        Both:  6.63 KB

CodeHeap 'non-profiled nmethods': size=120000Kb used=1936Kb max_used=1936Kb free=118063Kb
 bounds [0x000001e4c9cd0000, 0x000001e4c9f40000, 0x000001e4d1200000]
CodeHeap 'profiled nmethods': size=120000Kb used=7832Kb max_used=7832Kb free=112167Kb
 bounds [0x000001e4c27a0000, 0x000001e4c2f50000, 0x000001e4c9cd0000]
CodeHeap 'non-nmethods': size=5760Kb used=1183Kb max_used=1217Kb free=4576Kb
 bounds [0x000001e4c2200000, 0x000001e4c2470000, 0x000001e4c27a0000]
 total_blobs=4232 nmethods=3697 adapters=446
 compilation: enabled
              stopped_count=0, restarted_count=0
 full_count=0

Compilation events (10 events):
Event: 339.713 Thread 0x000001e4d5ffa800 3691       3       org.codehaus.groovy.util.LockableObject::tryRelease (45 bytes)
Event: 339.713 Thread 0x000001e4d5ffa800 nmethod 3691 0x000001e4c2f34f10 code [0x000001e4c2f350c0, 0x000001e4c2f35388]
Event: 339.718 Thread 0x000001e4d5ffa800 3693       3       java.lang.ClassValue$Entry::version (8 bytes)
Event: 339.718 Thread 0x000001e4d5ffa800 nmethod 3693 0x000001e4c2f35490 code [0x000001e4c2f35640, 0x000001e4c2f358d8]
Event: 339.727 Thread 0x000001e4d5ffa800 3694       3       org.codehaus.groovy.reflection.CachedClass::getInterfaces (11 bytes)
Event: 339.727 Thread 0x000001e4d5ffa800 nmethod 3694 0x000001e4c2f35990 code [0x000001e4c2f35b40, 0x000001e4c2f35de8]
Event: 339.727 Thread 0x000001e4d5ffa800 3695       3       org.codehaus.groovy.util.ReferenceType$1::createReference (11 bytes)
Event: 339.727 Thread 0x000001e4d5ffa800 nmethod 3695 0x000001e4c2f35f10 code [0x000001e4c2f360e0, 0x000001e4c2f36558]
Event: 339.727 Thread 0x000001e4d5ffa800 3696       3       org.codehaus.groovy.util.ReferenceType$SoftRef::<init> (12 bytes)
Event: 339.727 Thread 0x000001e4d5ffa800 nmethod 3696 0x000001e4c2f36710 code [0x000001e4c2f368c0, 0x000001e4c2f36c58]

GC Heap History (10 events):
Event: 2.716 GC heap before
{Heap before GC invocations=0 (full 0):
 garbage-first heap   total 262144K, used 27648K [0x00000000e0000000, 0x0000000100000000)
  region size 1024K, 24 young (24576K), 0 survivors (0K)
 Metaspace       used 7775K, capacity 7968K, committed 8192K, reserved 393216K
  class space    used 707K, capacity 761K, committed 768K, reserved 385024K
}
Event: 2.725 GC heap after
{Heap after GC invocations=1 (full 0):
 garbage-first heap   total 262144K, used 10942K [0x00000000e0000000, 0x0000000100000000)
  region size 1024K, 3 young (3072K), 3 survivors (3072K)
 Metaspace       used 7775K, capacity 7968K, committed 8192K, reserved 393216K
  class space    used 707K, capacity 761K, committed 768K, reserved 385024K
}
Event: 8.259 GC heap before
{Heap before GC invocations=1 (full 0):
 garbage-first heap   total 262144K, used 138942K [0x00000000e0000000, 0x0000000100000000)
  region size 1024K, 127 young (130048K), 3 survivors (3072K)
 Metaspace       used 20696K, capacity 21177K, committed 21296K, reserved 405504K
  class space    used 2480K, capacity 2668K, committed 2688K, reserved 385024K
}
Event: 8.270 GC heap after
{Heap after GC invocations=2 (full 0):
 garbage-first heap   total 262144K, used 19798K [0x00000000e0000000, 0x0000000100000000)
  region size 1024K, 11 young (11264K), 11 survivors (11264K)
 Metaspace       used 20696K, capacity 21177K, committed 21296K, reserved 405504K
  class space    used 2480K, capacity 2668K, committed 2688K, reserved 385024K
}
Event: 9.507 GC heap before
{Heap before GC invocations=3 (full 0):
 garbage-first heap   total 262144K, used 91478K [0x00000000e0000000, 0x0000000100000000)
  region size 1024K, 81 young (82944K), 11 survivors (11264K)
 Metaspace       used 25659K, capacity 26364K, committed 26544K, reserved 409600K
  class space    used 3294K, capacity 3553K, committed 3584K, reserved 385024K
}
Event: 9.516 GC heap after
{Heap after GC invocations=4 (full 0):
 garbage-first heap   total 262144K, used 22034K [0x00000000e0000000, 0x0000000100000000)
  region size 1024K, 3 young (3072K), 3 survivors (3072K)
 Metaspace       used 25659K, capacity 26364K, committed 26544K, reserved 409600K
  class space    used 3294K, capacity 3553K, committed 3584K, reserved 385024K
}
Event: 336.382 GC heap before
{Heap before GC invocations=4 (full 0):
 garbage-first heap   total 262144K, used 149010K [0x00000000e0000000, 0x0000000100000000)
  region size 1024K, 127 young (130048K), 3 survivors (3072K)
 Metaspace       used 32041K, capacity 32900K, committed 32944K, reserved 413696K
  class space    used 4256K, capacity 4582K, committed 4608K, reserved 385024K
}
Event: 336.427 GC heap after
{Heap after GC invocations=5 (full 0):
 garbage-first heap   total 262144K, used 24218K [0x00000000e0000000, 0x0000000100000000)
  region size 1024K, 5 young (5120K), 5 survivors (5120K)
 Metaspace       used 32041K, capacity 32900K, committed 32944K, reserved 413696K
  class space    used 4256K, capacity 4582K, committed 4608K, reserved 385024K
}
Event: 338.999 GC heap before
{Heap before GC invocations=5 (full 0):
 garbage-first heap   total 262144K, used 59034K [0x00000000e0000000, 0x0000000100000000)
  region size 1024K, 40 young (40960K), 5 survivors (5120K)
 Metaspace       used 34850K, capacity 35787K, committed 35920K, reserved 417792K
  class space    used 4686K, capacity 5060K, committed 5120K, reserved 385024K
}
Event: 339.010 GC heap after
{Heap after GC invocations=6 (full 0):
 garbage-first heap   total 262144K, used 24883K [0x00000000e0000000, 0x0000000100000000)
  region size 1024K, 6 young (6144K), 6 survivors (6144K)
 Metaspace       used 34850K, capacity 35787K, committed 35920K, reserved 417792K
  class space    used 4686K, capacity 5060K, committed 5120K, reserved 385024K
}

Deoptimization events (10 events):
Event: 339.236 Thread 0x000001e4d67cc800 Uncommon trap: reason=class_check action=maybe_recompile pc=0x000001e4c9de8cd8 method=jdk.internal.loader.URLClassPath.getResource(Ljava/lang/String;Z)Ljdk/internal/loader/Resource; @ 53 c2
Event: 339.237 Thread 0x000001e4d67cc800 Uncommon trap: reason=unstable_if action=reinterpret pc=0x000001e4c9e67924 method=java.lang.String.regionMatches(ZILjava/lang/String;II)Z @ 36 c2
Event: 339.239 Thread 0x000001e4d67cc800 Uncommon trap: reason=unstable_if action=reinterpret pc=0x000001e4c9dd5e3c method=java.lang.ClassLoader.getClassLoadingLock(Ljava/lang/String;)Ljava/lang/Object; @ 6 c2
Event: 339.241 Thread 0x000001e4d67cc800 Uncommon trap: reason=unstable_if action=reinterpret pc=0x000001e4c9e5cad8 method=java.lang.Class.getPackageName()Ljava/lang/String; @ 55 c2
Event: 339.536 Thread 0x000001e4d67cc800 Uncommon trap: reason=class_check action=maybe_recompile pc=0x000001e4c9e0d9dc method=java.io.BufferedInputStream.read([BII)I @ 101 c2
Event: 339.536 Thread 0x000001e4d67cc800 Uncommon trap: reason=class_check action=maybe_recompile pc=0x000001e4c9e0d9dc method=java.io.BufferedInputStream.read([BII)I @ 101 c2
Event: 339.537 Thread 0x000001e4d67cc800 Uncommon trap: reason=class_check action=maybe_recompile pc=0x000001e4c9e0d9dc method=java.io.BufferedInputStream.read([BII)I @ 101 c2
Event: 339.538 Thread 0x000001e4d67cc800 Uncommon trap: reason=class_check action=maybe_recompile pc=0x000001e4c9e0d9dc method=java.io.BufferedInputStream.read([BII)I @ 101 c2
Event: 339.541 Thread 0x000001e4d67cc800 Uncommon trap: reason=bimorphic_or_optimized_type_check action=maybe_recompile pc=0x000001e4c9ea1a20 method=java.io.BufferedInputStream.read([BII)I @ 101 c2
Event: 339.542 Thread 0x000001e4d67cc800 Uncommon trap: reason=bimorphic_or_optimized_type_check action=maybe_recompile pc=0x000001e4c9ea1a20 method=java.io.BufferedInputStream.read([BII)I @ 101 c2

Classes redefined (0 events):
No events

Internal exceptions (10 events):
Event: 339.016 Thread 0x000001e4d67cc800 Exception <a 'java/lang/NoSuchMethodError'{0x00000000eff211d0}: java.lang.invoke.DirectMethodHandle$Holder.invokeStatic(Ljava/lang/Object;Ljava/lang/Object;Ljava/lang/Object;Ljava/lang/Object;Ljava/lang/Object;)I> (0x00000000eff211d0) thrown at [./open/sr
Event: 339.084 Thread 0x000001e4d67cc800 Exception <a 'java/lang/NoSuchMethodError'{0x00000000efe8cd60}: java.lang.invoke.DirectMethodHandle$Holder.invokeInterface(Ljava/lang/Object;Ljava/lang/Object;)I> (0x00000000efe8cd60) thrown at [./open/src/hotspot/share/interpreter/linkResolver.cpp, line 
Event: 339.095 Thread 0x000001e4d67cc800 Exception <a 'java/lang/NoSuchMethodError'{0x00000000efd4cc68}: java.lang.invoke.DirectMethodHandle$Holder.invokeVirtual(Ljava/lang/Object;Ljava/lang/Object;I)Ljava/lang/Object;> (0x00000000efd4cc68) thrown at [./open/src/hotspot/share/interpreter/linkRes
Event: 339.103 Thread 0x000001e4d67cc800 Exception <a 'java/lang/NoSuchMethodError'{0x00000000efd8b3a0}: java.lang.invoke.DirectMethodHandle$Holder.invokeStatic(Ljava/lang/Object;Ljava/lang/Object;Ljava/lang/Object;I)V> (0x00000000efd8b3a0) thrown at [./open/src/hotspot/share/interpreter/linkRes
Event: 339.136 Thread 0x000001e4d67cc800 Exception <a 'java/lang/NoSuchMethodError'{0x00000000efc99700}: java.lang.invoke.DirectMethodHandle$Holder.invokeStatic(Ljava/lang/Object;Ljava/lang/Object;ILjava/lang/Object;)Ljava/lang/Object;> (0x00000000efc99700) thrown at [./open/src/hotspot/share/in
Event: 339.137 Thread 0x000001e4d67cc800 Exception <a 'java/lang/NoSuchMethodError'{0x00000000efca3b20}: java.lang.invoke.Invokers$Holder.linkToTargetMethod(Ljava/lang/Object;ILjava/lang/Object;Ljava/lang/Object;)Ljava/lang/Object;> (0x00000000efca3b20) thrown at [./open/src/hotspot/share/interp
Event: 339.622 Thread 0x000001e4d67cc800 Exception <a 'java/lang/NoSuchMethodError'{0x00000000eed3ea40}: java.lang.invoke.DirectMethodHandle$Holder.invokeStaticInit(Ljava/lang/Object;Ljava/lang/Object;Ljava/lang/Object;)V> (0x00000000eed3ea40) thrown at [./open/src/hotspot/share/interpreter/link
Event: 339.623 Thread 0x000001e4d67cc800 Exception <a 'java/lang/NoSuchMethodError'{0x00000000eed45c50}: java.lang.invoke.DirectMethodHandle$Holder.invokeStaticInit(Ljava/lang/Object;Ljava/lang/Object;Ljava/lang/Object;Ljava/lang/Object;)V> (0x00000000eed45c50) thrown at [./open/src/hotspot/shar
Event: 339.627 Thread 0x000001e4d67cc800 Exception <a 'java/lang/NoSuchMethodError'{0x00000000eed675b0}: java.lang.invoke.DirectMethodHandle$Holder.invokeStaticInit(Ljava/lang/Object;Ljava/lang/Object;Ljava/lang/Object;Ljava/lang/Object;Ljava/lang/Object;)V> (0x00000000eed675b0) thrown at [./ope
Event: 339.687 Thread 0x000001e4d67cc800 Exception <a 'java/lang/NoSuchMethodError'{0x00000000eedcd138}: java.lang.invoke.DirectMethodHandle$Holder.invokeStaticInit(Ljava/lang/Object;Ljava/lang/Object;Ljava/lang/Object;Ljava/lang/Object;)I> (0x00000000eedcd138) thrown at [./open/src/hotspot/shar

Events (10 events):
Event: 339.965 loading class org/gradle/cache/internal/DefaultMultiProcessSafeIndexedCache
Event: 339.965 loading class org/gradle/cache/internal/DefaultMultiProcessSafeIndexedCache done
Event: 339.966 loading class com/google/common/cache/RemovalCause
Event: 339.966 loading class com/google/common/cache/RemovalCause done
Event: 339.967 loading class com/google/common/cache/RemovalCause$1
Event: 339.967 loading class com/google/common/cache/RemovalCause$1 done
Event: 339.967 loading class com/google/common/cache/RemovalCause$2
Event: 339.967 loading class com/google/common/cache/RemovalCause$2 done
Event: 339.967 loading class com/google/common/cache/RemovalCause$3
Event: 339.967 loading class com/google/common/cache/RemovalCause$3 done


Dynamic libraries:
0x00007ff78d2f0000 - 0x00007ff78d2ff000 	D:\developementTools\jdk11\bin\java.exe
0x00007ffadfbb0000 - 0x00007ffadfda8000 	C:\Windows\SYSTEM32\ntdll.dll
0x00007ffadf2c0000 - 0x00007ffadf381000 	C:\Windows\System32\KERNEL32.DLL
0x00007ffadd6e0000 - 0x00007ffadd9dd000 	C:\Windows\System32\KERNELBASE.dll
0x00007ffadd5e0000 - 0x00007ffadd6e0000 	C:\Windows\System32\ucrtbase.dll
0x00007ffac3fe0000 - 0x00007ffac3ff8000 	D:\developementTools\jdk11\bin\jli.dll
0x00007ffac2d10000 - 0x00007ffac2d25000 	D:\developementTools\jdk11\bin\VCRUNTIME140.dll
0x00007ffadf6f0000 - 0x00007ffadf7a0000 	C:\Windows\System32\ADVAPI32.dll
0x00007ffadf980000 - 0x00007ffadfa1e000 	C:\Windows\System32\msvcrt.dll
0x00007ffadf5f0000 - 0x00007ffadf690000 	C:\Windows\System32\sechost.dll
0x00007ffadf0c0000 - 0x00007ffadf1e3000 	C:\Windows\System32\RPCRT4.dll
0x00007ffadd3b0000 - 0x00007ffadd3d7000 	C:\Windows\System32\bcrypt.dll
0x00007ffadf390000 - 0x00007ffadf52d000 	C:\Windows\System32\USER32.dll
0x00007ffaddb40000 - 0x00007ffaddb62000 	C:\Windows\System32\win32u.dll
0x00007ffadf690000 - 0x00007ffadf6bb000 	C:\Windows\System32\GDI32.dll
0x00007ffadd3e0000 - 0x00007ffadd4f7000 	C:\Windows\System32\gdi32full.dll
0x00007ffadd260000 - 0x00007ffadd2fd000 	C:\Windows\System32\msvcp_win.dll
0x00007ffacfd50000 - 0x00007ffacffea000 	C:\Windows\WinSxS\amd64_microsoft.windows.common-controls_6595b64144ccf1df_6.0.19041.4355_none_60b8b9eb71f62e16\COMCTL32.dll
0x00007ffad45b0000 - 0x00007ffad45ba000 	C:\Windows\SYSTEM32\VERSION.dll
0x00007ffadf6c0000 - 0x00007ffadf6ef000 	C:\Windows\System32\IMM32.DLL
0x00007ffabf300000 - 0x00007ffabf39b000 	D:\developementTools\jdk11\bin\msvcp140.dll
0x00007ffa85d00000 - 0x00007ffa86816000 	D:\developementTools\jdk11\bin\server\jvm.dll
0x00007ffadf970000 - 0x00007ffadf978000 	C:\Windows\System32\PSAPI.DLL
0x00007ffac5a00000 - 0x00007ffac5a09000 	C:\Windows\SYSTEM32\WSOCK32.dll
0x00007ffad07e0000 - 0x00007ffad0807000 	C:\Windows\SYSTEM32\WINMM.dll
0x00007ffadeae0000 - 0x00007ffadeb4b000 	C:\Windows\System32\WS2_32.dll
0x00007ffadba80000 - 0x00007ffadba92000 	C:\Windows\SYSTEM32\kernel.appcore.dll
0x00007ffad8df0000 - 0x00007ffad8e00000 	D:\developementTools\jdk11\bin\verify.dll
0x00007ffadae90000 - 0x00007ffadb074000 	C:\Windows\SYSTEM32\DBGHELP.DLL
0x00007ffac23b0000 - 0x00007ffac23e4000 	C:\Windows\SYSTEM32\dbgcore.DLL
0x00007ffadd550000 - 0x00007ffadd5d2000 	C:\Windows\System32\bcryptPrimitives.dll
0x00007ffac1bd0000 - 0x00007ffac1bf8000 	D:\developementTools\jdk11\bin\java.dll
0x00007ffacb2f0000 - 0x00007ffacb2fa000 	D:\developementTools\jdk11\bin\jimage.dll
0x00007ffac73e0000 - 0x00007ffac73ee000 	D:\developementTools\jdk11\bin\instrument.dll
0x00007ffac20a0000 - 0x00007ffac20b6000 	D:\developementTools\jdk11\bin\zip.dll
0x00007ffade230000 - 0x00007ffade99f000 	C:\Windows\System32\SHELL32.dll
0x00007ffadb2c0000 - 0x00007ffadba63000 	C:\Windows\SYSTEM32\windows.storage.dll
0x00007ffadeb50000 - 0x00007ffadeea3000 	C:\Windows\System32\combase.dll
0x00007ffadcc90000 - 0x00007ffadccbe000 	C:\Windows\SYSTEM32\Wldp.dll
0x00007ffadf1f0000 - 0x00007ffadf2bd000 	C:\Windows\System32\OLEAUT32.dll
0x00007ffadf530000 - 0x00007ffadf5dd000 	C:\Windows\System32\SHCORE.dll
0x00007ffaddd60000 - 0x00007ffadddb5000 	C:\Windows\System32\shlwapi.dll
0x00007ffadd190000 - 0x00007ffadd1b4000 	C:\Windows\SYSTEM32\profapi.dll
0x00007ffac1b10000 - 0x00007ffac1b29000 	D:\developementTools\jdk11\bin\net.dll
0x00007ffad45e0000 - 0x00007ffad46ed000 	C:\Windows\SYSTEM32\WINHTTP.dll
0x00007ffadc9f0000 - 0x00007ffadca5a000 	C:\Windows\system32\mswsock.dll
0x00007ffac0ac0000 - 0x00007ffac0ad2000 	D:\developementTools\jdk11\bin\nio.dll
0x00007ffac4030000 - 0x00007ffac4057000 	C:\Users\josep\.gradle\native\c067742578af261105cb4f569cf0c3c89f3d7b1fecec35dd04571415982c5e48\windows-amd64\native-platform.dll
0x00007ffab1240000 - 0x00007ffab1384000 	C:\Users\josep\.gradle\native\100fb08df4bc3b14c8652ba06237920a3bd2aa13389f12d3474272988ae205f9\windows-amd64\native-platform-file-events.dll
0x00007ffac6e90000 - 0x00007ffac6e99000 	D:\developementTools\jdk11\bin\management.dll
0x00007ffac5fe0000 - 0x00007ffac5feb000 	D:\developementTools\jdk11\bin\management_ext.dll
0x00007ffadcbf0000 - 0x00007ffadcc08000 	C:\Windows\SYSTEM32\CRYPTSP.dll
0x00007ffadc2a0000 - 0x00007ffadc2d4000 	C:\Windows\system32\rsaenh.dll
0x00007ffadd150000 - 0x00007ffadd17e000 	C:\Windows\SYSTEM32\USERENV.dll
0x00007ffadcbe0000 - 0x00007ffadcbec000 	C:\Windows\SYSTEM32\CRYPTBASE.dll
0x00007ffadc680000 - 0x00007ffadc6bb000 	C:\Windows\SYSTEM32\IPHLPAPI.DLL
0x00007ffadfb60000 - 0x00007ffadfb68000 	C:\Windows\System32\NSI.dll
0x00007ffad7280000 - 0x00007ffad7297000 	C:\Windows\SYSTEM32\dhcpcsvc6.DLL
0x00007ffad71d0000 - 0x00007ffad71ed000 	C:\Windows\SYSTEM32\dhcpcsvc.DLL
0x00007ffadc6c0000 - 0x00007ffadc78a000 	C:\Windows\SYSTEM32\DNSAPI.dll

dbghelp: loaded successfully - version: 4.0.5 - missing functions: none
symbol engine: initialized successfully - sym options: 0x614 - pdb path: .;D:\developementTools\jdk11\bin;C:\Windows\SYSTEM32;C:\Windows\WinSxS\amd64_microsoft.windows.common-controls_6595b64144ccf1df_6.0.19041.4355_none_60b8b9eb71f62e16;D:\developementTools\jdk11\bin\server;C:\Users\josep\.gradle\native\c067742578af261105cb4f569cf0c3c89f3d7b1fecec35dd04571415982c5e48\windows-amd64;C:\Users\josep\.gradle\native\100fb08df4bc3b14c8652ba06237920a3bd2aa13389f12d3474272988ae205f9\windows-amd64

VM Arguments:
jvm_args: --add-opens=java.base/java.util=ALL-UNNAMED --add-opens=java.base/java.lang=ALL-UNNAMED --add-opens=java.base/java.lang.invoke=ALL-UNNAMED --add-opens=java.prefs/java.util.prefs=ALL-UNNAMED --add-opens=java.base/java.nio.charset=ALL-UNNAMED --add-opens=java.base/java.net=ALL-UNNAMED --add-opens=java.base/java.util.concurrent.atomic=ALL-UNNAMED -XX:MaxMetaspaceSize=384m -XX:+HeapDumpOnOutOfMemoryError -Xms256m -Xmx512m -Dfile.encoding=UTF-8 -Duser.country=KR -Duser.language=ko -Duser.variant -javaagent:C:\Users\josep\.gradle\wrapper\dists\gradle-8.8-bin\dl7vupf4psengwqhwktix4v1\gradle-8.8\lib\agents\gradle-instrumentation-agent-8.8.jar 
java_command: org.gradle.launcher.daemon.bootstrap.GradleDaemon 8.8
java_class_path (initial): C:\Users\josep\.gradle\wrapper\dists\gradle-8.8-bin\dl7vupf4psengwqhwktix4v1\gradle-8.8\lib\gradle-launcher-8.8.jar
Launcher Type: SUN_STANDARD

[Global flags]
     intx CICompilerCount                          = 4                                         {product} {ergonomic}
   size_t CompressedClassSpaceSize                 = 394264576                                 {product} {ergonomic}
     uint ConcGCThreads                            = 3                                         {product} {ergonomic}
     uint G1ConcRefinementThreads                  = 10                                        {product} {ergonomic}
   size_t G1HeapRegionSize                         = 1048576                                   {product} {ergonomic}
    uintx GCDrainStackTargetSize                   = 64                                        {product} {ergonomic}
     bool HeapDumpOnOutOfMemoryError               = true                                   {manageable} {command line}
   size_t InitialHeapSize                          = 268435456                                 {product} {command line}
   size_t MarkStackSize                            = 4194304                                   {product} {ergonomic}
   size_t MaxHeapSize                              = 536870912                                 {product} {command line}
   size_t MaxMetaspaceSize                         = 402653184                                 {product} {command line}
   size_t MaxNewSize                               = 321912832                                 {product} {ergonomic}
   size_t MinHeapDeltaBytes                        = 1048576                                   {product} {ergonomic}
    uintx NonNMethodCodeHeapSize                   = 5836300                                {pd product} {ergonomic}
    uintx NonProfiledCodeHeapSize                  = 122910970                              {pd product} {ergonomic}
    uintx ProfiledCodeHeapSize                     = 122910970                              {pd product} {ergonomic}
    uintx ReservedCodeCacheSize                    = 251658240                              {pd product} {ergonomic}
     bool SegmentedCodeCache                       = true                                      {product} {ergonomic}
     bool UseCompressedClassPointers               = true                                 {lp64_product} {ergonomic}
     bool UseCompressedOops                        = true                                 {lp64_product} {ergonomic}
     bool UseG1GC                                  = true                                      {product} {ergonomic}
     bool UseLargePagesIndividualAllocation        = false                                  {pd product} {ergonomic}

Logging:
Log output configuration:
 #0: stdout all=warning uptime,level,tags
 #1: stderr all=off uptime,level,tags

Environment Variables:
JAVA_HOME=D:\developementTools\jdk11
CLASSPATH=D:\developementTools\jdk11\lib
PATH=C:\Python312\Scripts\;C:\Python312\;D:\app\josep\product\11.2.0\dbhome_1\bin;C:\oraclexe\app\oracle\product\11.2.0\server\bin;D:\developementTools\jdk11\bin;C:\Program Files\Common Files\Oracle\Java\javapath;C:\Windows\system32;C:\Windows;C:\Windows\System32\Wbem;C:\Windows\System32\WindowsPowerShell\v1.0\;C:\Windows\System32\OpenSSH\;C:\Program Files\NVIDIA Corporation\NVIDIA NvDLISR;C:\Program Files (x86)\NVIDIA Corporation\PhysX\Common;C:\Program Files\Git\cmd;C:\Program Files\Bandizip\;C:\ProgramData\chocolatey\bin;C:\Program Files\nodejs\;D:\developementTools\apache-maven-3.9.9\bin;C:\Program Files\MySQL\MySQL Server 8.0\bin;C:\Program Files\MariaDB 11.4\bin;C:\Users\josep\AppData\Local\Microsoft\WindowsApps;C:\Users\josep\AppData\Local\Programs\Microsoft VS Code\bin;C:\Users\josep\AppData\Roaming\npm
USERNAME=josep
OS=Windows_NT
PROCESSOR_IDENTIFIER=Intel64 Family 6 Model 158 Stepping 10, GenuineIntel



---------------  S Y S T E M  ---------------

OS: Windows 10 , 64 bit Build 19041 (10.0.19041.4842)

CPU:total 12 (initial active 12) (6 cores per cpu, 2 threads per core) family 6 model 158 stepping 10 microcode 0xde, cmov, cx8, fxsr, mmx, sse, sse2, sse3, ssse3, sse4.1, sse4.2, popcnt, avx, avx2, aes, clmul, erms, 3dnowpref, lzcnt, ht, tsc, tscinvbit, bmi1, bmi2, adx, fma

Memory: 4k page, system-wide physical 16257M (200M free)
TotalPageFile size 46633M (AvailPageFile size 3M)
current process WorkingSet (physical memory assigned to process): 221M, peak: 274M
current process commit charge ("private bytes"): 440M, peak: 441M

vm_info: Java HotSpot(TM) 64-Bit Server VM (11.0.14+8-LTS-263) for windows-amd64 JRE (11.0.14+8-LTS-263), built on Dec  7 2021 21:53:57 by "mach5one" with MS VC++ 15.9 (VS2017)

END.
