#
# There is insufficient memory for the Java Runtime Environment to continue.
# Native memory allocation (malloc) failed to allocate 1263696 bytes for Chunk::new
# Possible reasons:
#   The system is out of physical RAM or swap space
#   The process is running with CompressedOops enabled, and the Java Heap may be blocking the growth of the native heap
# Possible solutions:
#   Reduce memory load on the system
#   Increase physical memory or swap space
#   Check if swap backing store is full
#   Decrease Java heap size (-Xmx/-Xms)
#   Decrease number of Java threads
#   Decrease Java thread stack sizes (-Xss)
#   Set larger code cache with -XX:ReservedCodeCacheSize=
#   JVM is running with Unscaled Compressed Oops mode in which the Java heap is
#     placed in the first 4GB address space. The Java Heap base address is the
#     maximum limit for the native heap growth. Please use -XX:HeapBaseMinAddress
#     to set the Java Heap base and to place the Java Heap above 4GB virtual address.
# This output file may be truncated or incomplete.
#
#  Out of Memory Error (./open/src/hotspot/share/memory/arena.cpp:197), pid=32232, tid=31924
#
# JRE version: Java(TM) SE Runtime Environment 18.9 (11.0.14+8) (build 11.0.14+8-LTS-263)
# Java VM: Java HotSpot(TM) 64-Bit Server VM 18.9 (11.0.14+8-LTS-263, mixed mode, tiered, compressed oops, g1 gc, windows-amd64)
# No core dump will be written. Minidumps are not enabled by default on client versions of Windows
#

---------------  S U M M A R Y ------------

Command Line: --add-opens=java.base/java.util=ALL-UNNAMED --add-opens=java.base/java.lang=ALL-UNNAMED --add-opens=java.base/java.lang.invoke=ALL-UNNAMED --add-opens=java.prefs/java.util.prefs=ALL-UNNAMED --add-opens=java.base/java.nio.charset=ALL-UNNAMED --add-opens=java.base/java.net=ALL-UNNAMED --add-opens=java.base/java.util.concurrent.atomic=ALL-UNNAMED -XX:MaxMetaspaceSize=384m -XX:+HeapDumpOnOutOfMemoryError -Xms256m -Xmx512m -Dfile.encoding=UTF-8 -Duser.country=KR -Duser.language=ko -Duser.variant -javaagent:C:\Users\josep\.gradle\wrapper\dists\gradle-8.8-bin\dl7vupf4psengwqhwktix4v1\gradle-8.8\lib\agents\gradle-instrumentation-agent-8.8.jar org.gradle.launcher.daemon.bootstrap.GradleDaemon 8.8

Host: Intel(R) Core(TM) i7-8750H CPU @ 2.20GHz, 12 cores, 15G,  Windows 10 , 64 bit Build 19041 (10.0.19041.4842)
Time: Thu Sep 19 00:46:16 2024 대한민국 표준시 elapsed time: 138.663852 seconds (0d 0h 2m 18s)

---------------  T H R E A D  ---------------

Current thread (0x0000021e4e510800):  JavaThread "C2 CompilerThread0" daemon [_thread_in_native, id=31924, stack(0x000000b997d00000,0x000000b997e00000)]


Current CompileTask:
C2: 138663 4218       4       org.codehaus.groovy.runtime.metaclass.MetaMethodIndex::addMethodToList (128 bytes)

Stack: [0x000000b997d00000,0x000000b997e00000]
Native frames: (J=compiled Java code, j=interpreted, Vv=VM code, C=native code)
V  [jvm.dll+0x6296da]
V  [jvm.dll+0x76323f]
V  [jvm.dll+0x7648e9]
V  [jvm.dll+0x764f73]
V  [jvm.dll+0x23d7c8]
V  [jvm.dll+0xb297c]
V  [jvm.dll+0xb2f3c]
V  [jvm.dll+0x340e52]
V  [jvm.dll+0x30e803]
V  [jvm.dll+0x30db4a]
V  [jvm.dll+0x1f8365]
V  [jvm.dll+0x1f754d]
V  [jvm.dll+0x177b21]
V  [jvm.dll+0x206e26]
V  [jvm.dll+0x204fbb]
V  [jvm.dll+0x729170]
V  [jvm.dll+0x721d44]
V  [jvm.dll+0x6285d6]
C  [ucrtbase.dll+0x21bb2]
C  [KERNEL32.DLL+0x17374]
C  [ntdll.dll+0x4cc91]


---------------  P R O C E S S  ---------------

Threads class SMR info:
_java_thread_list=0x0000021e53ade120, length=39, elements={
0x0000021e3113f800, 0x0000021e4dbe1800, 0x0000021e4dc04000, 0x0000021e4e50b000,
0x0000021e4e50c000, 0x0000021e4e50f000, 0x0000021e4e510800, 0x0000021e4e571800,
0x0000021e4e574000, 0x0000021e4e67a800, 0x0000021e5098e800, 0x0000021e4e8f8000,
0x0000021e4f651000, 0x0000021e5067f800, 0x0000021e4f62d000, 0x0000021e4e89a800,
0x0000021e4f4b1000, 0x0000021e4f6d6000, 0x0000021e4f554000, 0x0000021e4f53e800,
0x0000021e4f53f800, 0x0000021e4f540000, 0x0000021e4f53d800, 0x0000021e4f541000,
0x0000021e4f53c000, 0x0000021e4f541800, 0x0000021e4f542800, 0x0000021e4f53d000,
0x0000021e4e9cd000, 0x0000021e4e9d1000, 0x0000021e4e9d2000, 0x0000021e4e9cd800,
0x0000021e4e9cc000, 0x0000021e4e9d2800, 0x0000021e4e9ce800, 0x0000021e4fb12000,
0x0000021e4fb13800, 0x0000021e4fb0e000, 0x0000021e4fb0f800
}

Java Threads: ( => current thread )
  0x0000021e3113f800 JavaThread "main" [_thread_blocked, id=3796, stack(0x000000b997000000,0x000000b997100000)]
  0x0000021e4dbe1800 JavaThread "Reference Handler" daemon [_thread_blocked, id=1556, stack(0x000000b997800000,0x000000b997900000)]
  0x0000021e4dc04000 JavaThread "Finalizer" daemon [_thread_blocked, id=22260, stack(0x000000b997900000,0x000000b997a00000)]
  0x0000021e4e50b000 JavaThread "Signal Dispatcher" daemon [_thread_blocked, id=22004, stack(0x000000b997a00000,0x000000b997b00000)]
  0x0000021e4e50c000 JavaThread "Attach Listener" daemon [_thread_blocked, id=29936, stack(0x000000b997b00000,0x000000b997c00000)]
  0x0000021e4e50f000 JavaThread "Service Thread" daemon [_thread_blocked, id=25228, stack(0x000000b997c00000,0x000000b997d00000)]
=>0x0000021e4e510800 JavaThread "C2 CompilerThread0" daemon [_thread_in_native, id=31924, stack(0x000000b997d00000,0x000000b997e00000)]
  0x0000021e4e571800 JavaThread "C1 CompilerThread0" daemon [_thread_blocked, id=4196, stack(0x000000b997e00000,0x000000b997f00000)]
  0x0000021e4e574000 JavaThread "Sweeper thread" daemon [_thread_blocked, id=30152, stack(0x000000b997f00000,0x000000b998000000)]
  0x0000021e4e67a800 JavaThread "Common-Cleaner" daemon [_thread_blocked, id=29500, stack(0x000000b998000000,0x000000b998100000)]
  0x0000021e5098e800 JavaThread "Daemon health stats" [_thread_blocked, id=32724, stack(0x000000b998800000,0x000000b998900000)]
  0x0000021e4e8f8000 JavaThread "Incoming local TCP Connector on port 63316" [_thread_in_native, id=32312, stack(0x000000b998200000,0x000000b998300000)]
  0x0000021e4f651000 JavaThread "Daemon periodic checks" [_thread_blocked, id=32372, stack(0x000000b998900000,0x000000b998a00000)]
  0x0000021e5067f800 JavaThread "Daemon" [_thread_blocked, id=32344, stack(0x000000b998a00000,0x000000b998b00000)]
  0x0000021e4f62d000 JavaThread "Handler for socket connection from /127.0.0.1:63316 to /127.0.0.1:63317" [_thread_in_native, id=32416, stack(0x000000b998b00000,0x000000b998c00000)]
  0x0000021e4e89a800 JavaThread "Cancel handler" [_thread_blocked, id=32276, stack(0x000000b998c00000,0x000000b998d00000)]
  0x0000021e4f4b1000 JavaThread "Daemon worker" [_thread_in_native, id=32436, stack(0x000000b998d00000,0x000000b998e00000)]
  0x0000021e4f6d6000 JavaThread "Asynchronous log dispatcher for DefaultDaemonConnection: socket connection from /127.0.0.1:63316 to /127.0.0.1:63317" [_thread_blocked, id=32320, stack(0x000000b998e00000,0x000000b998f00000)]
  0x0000021e4f554000 JavaThread "Stdin handler" [_thread_blocked, id=32452, stack(0x000000b998f00000,0x000000b999000000)]
  0x0000021e4f53e800 JavaThread "Daemon client event forwarder" [_thread_blocked, id=28452, stack(0x000000b999000000,0x000000b999100000)]
  0x0000021e4f53f800 JavaThread "Cache worker for journal cache (C:\Users\josep\.gradle\caches\journal-1)" [_thread_blocked, id=2440, stack(0x000000b999700000,0x000000b999800000)]
  0x0000021e4f540000 JavaThread "File lock request listener" [_thread_in_native, id=27992, stack(0x000000b999800000,0x000000b999900000)]
  0x0000021e4f53d800 JavaThread "Cache worker for file hash cache (C:\Users\josep\.gradle\caches\8.8\fileHashes)" [_thread_blocked, id=32772, stack(0x000000b999900000,0x000000b999a00000)]
  0x0000021e4f541000 JavaThread "Cache worker for file hash cache (D:\StudyGroups\BE Study\Spring\project\.gradle\8.8\fileHashes)" [_thread_blocked, id=32840, stack(0x000000b999b00000,0x000000b999c00000)]
  0x0000021e4f53c000 JavaThread "Daemon Thread 2" [_thread_blocked, id=9288, stack(0x000000b999e00000,0x000000b999f00000)]
  0x0000021e4f541800 JavaThread "File lock release action executor Thread 2" [_thread_blocked, id=36560, stack(0x000000b996f00000,0x000000b997000000)]
  0x0000021e4f542800 JavaThread "File watcher server" daemon [_thread_in_native, id=20888, stack(0x000000b997100000,0x000000b997200000)]
  0x0000021e4f53d000 JavaThread "File watcher consumer" daemon [_thread_blocked, id=33956, stack(0x000000b999a00000,0x000000b999b00000)]
  0x0000021e4e9cd000 JavaThread "Cache worker for checksums cache (D:\StudyGroups\BE Study\Spring\project\.gradle\8.8\checksums)" [_thread_blocked, id=34936, stack(0x000000b999f00000,0x000000b99a000000)]
  0x0000021e4e9d1000 JavaThread "Cache worker for file content cache (C:\Users\josep\.gradle\caches\8.8\fileContent)" [_thread_blocked, id=36612, stack(0x000000b99a000000,0x000000b99a100000)]
  0x0000021e4e9d2000 JavaThread "Cache worker for cache directory md-rule (C:\Users\josep\.gradle\caches\8.8\md-rule)" [_thread_blocked, id=26168, stack(0x000000b99a100000,0x000000b99a200000)]
  0x0000021e4e9cd800 JavaThread "Cache worker for cache directory md-supplier (C:\Users\josep\.gradle\caches\8.8\md-supplier)" [_thread_blocked, id=35032, stack(0x000000b99a200000,0x000000b99a300000)]
  0x0000021e4e9cc000 JavaThread "jar transforms" [_thread_blocked, id=34980, stack(0x000000b99a300000,0x000000b99a400000)]
  0x0000021e4e9d2800 JavaThread "jar transforms Thread 2" [_thread_blocked, id=34940, stack(0x000000b99a400000,0x000000b99a500000)]
  0x0000021e4e9ce800 JavaThread "File lock release action executor Thread 3" [_thread_blocked, id=35752, stack(0x000000b999c00000,0x000000b999d00000)]
  0x0000021e4fb12000 JavaThread "jar transforms Thread 3" [_thread_blocked, id=35268, stack(0x000000b99a500000,0x000000b99a600000)]
  0x0000021e4fb13800 JavaThread "jar transforms Thread 4" [_thread_blocked, id=34928, stack(0x000000b99a600000,0x000000b99a700000)]
  0x0000021e4fb0e000 JavaThread "jar transforms Thread 5" [_thread_blocked, id=35280, stack(0x000000b99a700000,0x000000b99a800000)]
  0x0000021e4fb0f800 JavaThread "jar transforms Thread 6" [_thread_blocked, id=35288, stack(0x000000b99a800000,0x000000b99a900000)]

Other Threads:
  0x0000021e4dbdf000 VMThread "VM Thread" [stack: 0x000000b997700000,0x000000b997800000] [id=7100]
  0x0000021e4e68c000 WatcherThread [stack: 0x000000b998100000,0x000000b998200000] [id=25348]
  0x0000021e31152800 GCTaskThread "GC Thread#0" [stack: 0x000000b997200000,0x000000b997300000] [id=12664]
  0x0000021e4e820800 GCTaskThread "GC Thread#1" [stack: 0x000000b998300000,0x000000b998400000] [id=32284]
  0x0000021e4f0fd000 GCTaskThread "GC Thread#2" [stack: 0x000000b998400000,0x000000b998500000] [id=32496]
  0x0000021e4f4b9800 GCTaskThread "GC Thread#3" [stack: 0x000000b998500000,0x000000b998600000] [id=32492]
  0x0000021e4ed32000 GCTaskThread "GC Thread#4" [stack: 0x000000b998600000,0x000000b998700000] [id=32488]
  0x0000021e4ed33000 GCTaskThread "GC Thread#5" [stack: 0x000000b998700000,0x000000b998800000] [id=32564]
  0x0000021e505de000 GCTaskThread "GC Thread#6" [stack: 0x000000b999100000,0x000000b999200000] [id=32120]
  0x0000021e50b54800 GCTaskThread "GC Thread#7" [stack: 0x000000b999200000,0x000000b999300000] [id=32032]
  0x0000021e505a8800 GCTaskThread "GC Thread#8" [stack: 0x000000b999300000,0x000000b999400000] [id=9468]
  0x0000021e505fa800 GCTaskThread "GC Thread#9" [stack: 0x000000b999400000,0x000000b999500000] [id=32136]
  0x0000021e31168000 ConcurrentGCThread "G1 Main Marker" [stack: 0x000000b997300000,0x000000b997400000] [id=21176]
  0x0000021e3116c000 ConcurrentGCThread "G1 Conc#0" [stack: 0x000000b997400000,0x000000b997500000] [id=16460]
  0x0000021e4fb04800 ConcurrentGCThread "G1 Conc#1" [stack: 0x000000b999500000,0x000000b999600000] [id=19200]
  0x0000021e50593800 ConcurrentGCThread "G1 Conc#2" [stack: 0x000000b999600000,0x000000b999700000] [id=8556]
  0x0000021e3121e000 ConcurrentGCThread "G1 Refine#0" [stack: 0x000000b997500000,0x000000b997600000] [id=30012]
  0x0000021e4da74800 ConcurrentGCThread "G1 Young RemSet Sampling" [stack: 0x000000b997600000,0x000000b997700000] [id=22024]

Threads with active compile tasks:
C2 CompilerThread0 138725 4218       4       org.codehaus.groovy.runtime.metaclass.MetaMethodIndex::addMethodToList (128 bytes)

VM state:not at safepoint (normal execution)

VM Mutex/Monitor currently owned by a thread: None

Heap address: 0x00000000e0000000, size: 512 MB, Compressed Oops mode: 32-bit
Narrow klass base: 0x0000000000000000, Narrow klass shift: 3
Compressed class space size: 394264576 Address: 0x0000000100000000

Heap:
 garbage-first heap   total 262144K, used 112782K [0x00000000e0000000, 0x0000000100000000)
  region size 1024K, 89 young (91136K), 6 survivors (6144K)
 Metaspace       used 43752K, capacity 44986K, committed 45264K, reserved 425984K
  class space    used 5651K, capacity 6147K, committed 6272K, reserved 385024K
Heap Regions: E=young(eden), S=young(survivor), O=old, HS=humongous(starts), HC=humongous(continues), CS=collection set, F=free, A=archive, TAMS=top-at-mark-start (previous, next)
|   0|0x00000000e0000000, 0x00000000e0100000, 0x00000000e0100000|100%|HS|  |TAMS 0x00000000e0100000, 0x00000000e0000000| Complete 
|   1|0x00000000e0100000, 0x00000000e0200000, 0x00000000e0200000|100%|HC|  |TAMS 0x00000000e0200000, 0x00000000e0100000| Complete 
|   2|0x00000000e0200000, 0x00000000e0300000, 0x00000000e0300000|100%|HC|  |TAMS 0x00000000e0300000, 0x00000000e0200000| Complete 
|   3|0x00000000e0300000, 0x00000000e0400000, 0x00000000e0400000|100%|HC|  |TAMS 0x00000000e0400000, 0x00000000e0300000| Complete 
|   4|0x00000000e0400000, 0x00000000e0500000, 0x00000000e0500000|100%| O|  |TAMS 0x00000000e0500000, 0x00000000e0400000| Untracked 
|   5|0x00000000e0500000, 0x00000000e0600000, 0x00000000e0600000|100%| O|  |TAMS 0x00000000e0600000, 0x00000000e0500000| Untracked 
|   6|0x00000000e0600000, 0x00000000e0700000, 0x00000000e0700000|100%| O|  |TAMS 0x00000000e0700000, 0x00000000e0600000| Untracked 
|   7|0x00000000e0700000, 0x00000000e0800000, 0x00000000e0800000|100%| O|  |TAMS 0x00000000e0800000, 0x00000000e0700000| Untracked 
|   8|0x00000000e0800000, 0x00000000e0900000, 0x00000000e0900000|100%|HS|  |TAMS 0x00000000e0900000, 0x00000000e0800000| Complete 
|   9|0x00000000e0900000, 0x00000000e0a00000, 0x00000000e0a00000|100%| O|  |TAMS 0x00000000e0a00000, 0x00000000e0900000| Untracked 
|  10|0x00000000e0a00000, 0x00000000e0b00000, 0x00000000e0b00000|100%| O|  |TAMS 0x00000000e0b00000, 0x00000000e0a00000| Untracked 
|  11|0x00000000e0b00000, 0x00000000e0c00000, 0x00000000e0c00000|100%| O|  |TAMS 0x00000000e0c00000, 0x00000000e0b00000| Untracked 
|  12|0x00000000e0c00000, 0x00000000e0d00000, 0x00000000e0d00000|100%| O|  |TAMS 0x00000000e0d00000, 0x00000000e0c00000| Untracked 
|  13|0x00000000e0d00000, 0x00000000e0e00000, 0x00000000e0e00000|100%| O|  |TAMS 0x00000000e0e00000, 0x00000000e0d00000| Untracked 
|  14|0x00000000e0e00000, 0x00000000e0f00000, 0x00000000e0f00000|100%| O|  |TAMS 0x00000000e0f00000, 0x00000000e0e00000| Untracked 
|  15|0x00000000e0f00000, 0x00000000e1000000, 0x00000000e1000000|100%| O|  |TAMS 0x00000000e1000000, 0x00000000e0f00000| Untracked 
|  16|0x00000000e1000000, 0x00000000e1100000, 0x00000000e1100000|100%| O|  |TAMS 0x00000000e1100000, 0x00000000e1000000| Untracked 
|  17|0x00000000e1100000, 0x00000000e1200000, 0x00000000e1200000|100%| O|  |TAMS 0x00000000e1200000, 0x00000000e1100000| Untracked 
|  18|0x00000000e1200000, 0x00000000e12e7e00, 0x00000000e1300000| 90%| O|  |TAMS 0x00000000e12e7e00, 0x00000000e1200000| Untracked 
|  19|0x00000000e1300000, 0x00000000e1400000, 0x00000000e1400000|100%|HS|  |TAMS 0x00000000e1300000, 0x00000000e1300000| Complete 
|  20|0x00000000e1400000, 0x00000000e1500000, 0x00000000e1500000|100%|HS|  |TAMS 0x00000000e1400000, 0x00000000e1400000| Complete 
|  21|0x00000000e1500000, 0x00000000e1600000, 0x00000000e1600000|100%|HC|  |TAMS 0x00000000e1500000, 0x00000000e1500000| Complete 
|  22|0x00000000e1600000, 0x00000000e1700000, 0x00000000e1700000|100%|HS|  |TAMS 0x00000000e1600000, 0x00000000e1600000| Complete 
|  23|0x00000000e1700000, 0x00000000e1800000, 0x00000000e1800000|100%|HC|  |TAMS 0x00000000e1700000, 0x00000000e1700000| Complete 
|  24|0x00000000e1800000, 0x00000000e1800000, 0x00000000e1900000|  0%| F|  |TAMS 0x00000000e1800000, 0x00000000e1800000| Untracked 
|  25|0x00000000e1900000, 0x00000000e1900000, 0x00000000e1a00000|  0%| F|  |TAMS 0x00000000e1900000, 0x00000000e1900000| Untracked 
|  26|0x00000000e1a00000, 0x00000000e1a00000, 0x00000000e1b00000|  0%| F|  |TAMS 0x00000000e1a00000, 0x00000000e1a00000| Untracked 
|  27|0x00000000e1b00000, 0x00000000e1b00000, 0x00000000e1c00000|  0%| F|  |TAMS 0x00000000e1b00000, 0x00000000e1b00000| Untracked 
|  28|0x00000000e1c00000, 0x00000000e1c00000, 0x00000000e1d00000|  0%| F|  |TAMS 0x00000000e1c00000, 0x00000000e1c00000| Untracked 
|  29|0x00000000e1d00000, 0x00000000e1d00000, 0x00000000e1e00000|  0%| F|  |TAMS 0x00000000e1d00000, 0x00000000e1d00000| Untracked 
|  30|0x00000000e1e00000, 0x00000000e1e00000, 0x00000000e1f00000|  0%| F|  |TAMS 0x00000000e1e00000, 0x00000000e1e00000| Untracked 
|  31|0x00000000e1f00000, 0x00000000e1f00000, 0x00000000e2000000|  0%| F|  |TAMS 0x00000000e1f00000, 0x00000000e1f00000| Untracked 
|  32|0x00000000e2000000, 0x00000000e2000000, 0x00000000e2100000|  0%| F|  |TAMS 0x00000000e2000000, 0x00000000e2000000| Untracked 
|  33|0x00000000e2100000, 0x00000000e2100000, 0x00000000e2200000|  0%| F|  |TAMS 0x00000000e2100000, 0x00000000e2100000| Untracked 
|  34|0x00000000e2200000, 0x00000000e2200000, 0x00000000e2300000|  0%| F|  |TAMS 0x00000000e2200000, 0x00000000e2200000| Untracked 
|  35|0x00000000e2300000, 0x00000000e2300000, 0x00000000e2400000|  0%| F|  |TAMS 0x00000000e2300000, 0x00000000e2300000| Untracked 
|  36|0x00000000e2400000, 0x00000000e2400000, 0x00000000e2500000|  0%| F|  |TAMS 0x00000000e2400000, 0x00000000e2400000| Untracked 
|  37|0x00000000e2500000, 0x00000000e2500000, 0x00000000e2600000|  0%| F|  |TAMS 0x00000000e2500000, 0x00000000e2500000| Untracked 
|  38|0x00000000e2600000, 0x00000000e2600000, 0x00000000e2700000|  0%| F|  |TAMS 0x00000000e2600000, 0x00000000e2600000| Untracked 
|  39|0x00000000e2700000, 0x00000000e2700000, 0x00000000e2800000|  0%| F|  |TAMS 0x00000000e2700000, 0x00000000e2700000| Untracked 
|  40|0x00000000e2800000, 0x00000000e2800000, 0x00000000e2900000|  0%| F|  |TAMS 0x00000000e2800000, 0x00000000e2800000| Untracked 
|  41|0x00000000e2900000, 0x00000000e2900000, 0x00000000e2a00000|  0%| F|  |TAMS 0x00000000e2900000, 0x00000000e2900000| Untracked 
|  42|0x00000000e2a00000, 0x00000000e2a00000, 0x00000000e2b00000|  0%| F|  |TAMS 0x00000000e2a00000, 0x00000000e2a00000| Untracked 
|  43|0x00000000e2b00000, 0x00000000e2b00000, 0x00000000e2c00000|  0%| F|  |TAMS 0x00000000e2b00000, 0x00000000e2b00000| Untracked 
|  44|0x00000000e2c00000, 0x00000000e2c00000, 0x00000000e2d00000|  0%| F|  |TAMS 0x00000000e2c00000, 0x00000000e2c00000| Untracked 
|  45|0x00000000e2d00000, 0x00000000e2d00000, 0x00000000e2e00000|  0%| F|  |TAMS 0x00000000e2d00000, 0x00000000e2d00000| Untracked 
|  46|0x00000000e2e00000, 0x00000000e2e00000, 0x00000000e2f00000|  0%| F|  |TAMS 0x00000000e2e00000, 0x00000000e2e00000| Untracked 
|  47|0x00000000e2f00000, 0x00000000e2f00000, 0x00000000e3000000|  0%| F|  |TAMS 0x00000000e2f00000, 0x00000000e2f00000| Untracked 
|  48|0x00000000e3000000, 0x00000000e3000000, 0x00000000e3100000|  0%| F|  |TAMS 0x00000000e3000000, 0x00000000e3000000| Untracked 
|  49|0x00000000e3100000, 0x00000000e3100000, 0x00000000e3200000|  0%| F|  |TAMS 0x00000000e3100000, 0x00000000e3100000| Untracked 
|  50|0x00000000e3200000, 0x00000000e3200000, 0x00000000e3300000|  0%| F|  |TAMS 0x00000000e3200000, 0x00000000e3200000| Untracked 
|  51|0x00000000e3300000, 0x00000000e3300000, 0x00000000e3400000|  0%| F|  |TAMS 0x00000000e3300000, 0x00000000e3300000| Untracked 
|  52|0x00000000e3400000, 0x00000000e3400000, 0x00000000e3500000|  0%| F|  |TAMS 0x00000000e3400000, 0x00000000e3400000| Untracked 
|  53|0x00000000e3500000, 0x00000000e3500000, 0x00000000e3600000|  0%| F|  |TAMS 0x00000000e3500000, 0x00000000e3500000| Untracked 
|  54|0x00000000e3600000, 0x00000000e3600000, 0x00000000e3700000|  0%| F|  |TAMS 0x00000000e3600000, 0x00000000e3600000| Untracked 
|  55|0x00000000e3700000, 0x00000000e3700000, 0x00000000e3800000|  0%| F|  |TAMS 0x00000000e3700000, 0x00000000e3700000| Untracked 
|  56|0x00000000e3800000, 0x00000000e3800000, 0x00000000e3900000|  0%| F|  |TAMS 0x00000000e3800000, 0x00000000e3800000| Untracked 
|  57|0x00000000e3900000, 0x00000000e3900000, 0x00000000e3a00000|  0%| F|  |TAMS 0x00000000e3900000, 0x00000000e3900000| Untracked 
|  58|0x00000000e3a00000, 0x00000000e3a00000, 0x00000000e3b00000|  0%| F|  |TAMS 0x00000000e3a00000, 0x00000000e3a00000| Untracked 
|  59|0x00000000e3b00000, 0x00000000e3b00000, 0x00000000e3c00000|  0%| F|  |TAMS 0x00000000e3b00000, 0x00000000e3b00000| Untracked 
|  60|0x00000000e3c00000, 0x00000000e3c00000, 0x00000000e3d00000|  0%| F|  |TAMS 0x00000000e3c00000, 0x00000000e3c00000| Untracked 
|  61|0x00000000e3d00000, 0x00000000e3d00000, 0x00000000e3e00000|  0%| F|  |TAMS 0x00000000e3d00000, 0x00000000e3d00000| Untracked 
|  62|0x00000000e3e00000, 0x00000000e3e00000, 0x00000000e3f00000|  0%| F|  |TAMS 0x00000000e3e00000, 0x00000000e3e00000| Untracked 
|  63|0x00000000e3f00000, 0x00000000e3f00000, 0x00000000e4000000|  0%| F|  |TAMS 0x00000000e3f00000, 0x00000000e3f00000| Untracked 
|  64|0x00000000e4000000, 0x00000000e4000000, 0x00000000e4100000|  0%| F|  |TAMS 0x00000000e4000000, 0x00000000e4000000| Untracked 
|  65|0x00000000e4100000, 0x00000000e4100000, 0x00000000e4200000|  0%| F|  |TAMS 0x00000000e4100000, 0x00000000e4100000| Untracked 
|  66|0x00000000e4200000, 0x00000000e4200000, 0x00000000e4300000|  0%| F|  |TAMS 0x00000000e4200000, 0x00000000e4200000| Untracked 
|  67|0x00000000e4300000, 0x00000000e4300000, 0x00000000e4400000|  0%| F|  |TAMS 0x00000000e4300000, 0x00000000e4300000| Untracked 
|  68|0x00000000e4400000, 0x00000000e4400000, 0x00000000e4500000|  0%| F|  |TAMS 0x00000000e4400000, 0x00000000e4400000| Untracked 
|  69|0x00000000e4500000, 0x00000000e4500000, 0x00000000e4600000|  0%| F|  |TAMS 0x00000000e4500000, 0x00000000e4500000| Untracked 
|  70|0x00000000e4600000, 0x00000000e4600000, 0x00000000e4700000|  0%| F|  |TAMS 0x00000000e4600000, 0x00000000e4600000| Untracked 
|  71|0x00000000e4700000, 0x00000000e4700000, 0x00000000e4800000|  0%| F|  |TAMS 0x00000000e4700000, 0x00000000e4700000| Untracked 
|  72|0x00000000e4800000, 0x00000000e4800000, 0x00000000e4900000|  0%| F|  |TAMS 0x00000000e4800000, 0x00000000e4800000| Untracked 
|  73|0x00000000e4900000, 0x00000000e4900000, 0x00000000e4a00000|  0%| F|  |TAMS 0x00000000e4900000, 0x00000000e4900000| Untracked 
|  74|0x00000000e4a00000, 0x00000000e4a00000, 0x00000000e4b00000|  0%| F|  |TAMS 0x00000000e4a00000, 0x00000000e4a00000| Untracked 
|  75|0x00000000e4b00000, 0x00000000e4b00000, 0x00000000e4c00000|  0%| F|  |TAMS 0x00000000e4b00000, 0x00000000e4b00000| Untracked 
|  76|0x00000000e4c00000, 0x00000000e4c00000, 0x00000000e4d00000|  0%| F|  |TAMS 0x00000000e4c00000, 0x00000000e4c00000| Untracked 
|  77|0x00000000e4d00000, 0x00000000e4d00000, 0x00000000e4e00000|  0%| F|  |TAMS 0x00000000e4d00000, 0x00000000e4d00000| Untracked 
|  78|0x00000000e4e00000, 0x00000000e4e00000, 0x00000000e4f00000|  0%| F|  |TAMS 0x00000000e4e00000, 0x00000000e4e00000| Untracked 
|  79|0x00000000e4f00000, 0x00000000e4f00000, 0x00000000e5000000|  0%| F|  |TAMS 0x00000000e4f00000, 0x00000000e4f00000| Untracked 
|  80|0x00000000e5000000, 0x00000000e5000000, 0x00000000e5100000|  0%| F|  |TAMS 0x00000000e5000000, 0x00000000e5000000| Untracked 
|  81|0x00000000e5100000, 0x00000000e5100000, 0x00000000e5200000|  0%| F|  |TAMS 0x00000000e5100000, 0x00000000e5100000| Untracked 
|  82|0x00000000e5200000, 0x00000000e5200000, 0x00000000e5300000|  0%| F|  |TAMS 0x00000000e5200000, 0x00000000e5200000| Untracked 
|  83|0x00000000e5300000, 0x00000000e5300000, 0x00000000e5400000|  0%| F|  |TAMS 0x00000000e5300000, 0x00000000e5300000| Untracked 
|  84|0x00000000e5400000, 0x00000000e5400000, 0x00000000e5500000|  0%| F|  |TAMS 0x00000000e5400000, 0x00000000e5400000| Untracked 
|  85|0x00000000e5500000, 0x00000000e5500000, 0x00000000e5600000|  0%| F|  |TAMS 0x00000000e5500000, 0x00000000e5500000| Untracked 
|  86|0x00000000e5600000, 0x00000000e5600000, 0x00000000e5700000|  0%| F|  |TAMS 0x00000000e5600000, 0x00000000e5600000| Untracked 
|  87|0x00000000e5700000, 0x00000000e5700000, 0x00000000e5800000|  0%| F|  |TAMS 0x00000000e5700000, 0x00000000e5700000| Untracked 
|  88|0x00000000e5800000, 0x00000000e5800000, 0x00000000e5900000|  0%| F|  |TAMS 0x00000000e5800000, 0x00000000e5800000| Untracked 
|  89|0x00000000e5900000, 0x00000000e5900000, 0x00000000e5a00000|  0%| F|  |TAMS 0x00000000e5900000, 0x00000000e5900000| Untracked 
|  90|0x00000000e5a00000, 0x00000000e5a00000, 0x00000000e5b00000|  0%| F|  |TAMS 0x00000000e5a00000, 0x00000000e5a00000| Untracked 
|  91|0x00000000e5b00000, 0x00000000e5b00000, 0x00000000e5c00000|  0%| F|  |TAMS 0x00000000e5b00000, 0x00000000e5b00000| Untracked 
|  92|0x00000000e5c00000, 0x00000000e5c00000, 0x00000000e5d00000|  0%| F|  |TAMS 0x00000000e5c00000, 0x00000000e5c00000| Untracked 
|  93|0x00000000e5d00000, 0x00000000e5d00000, 0x00000000e5e00000|  0%| F|  |TAMS 0x00000000e5d00000, 0x00000000e5d00000| Untracked 
|  94|0x00000000e5e00000, 0x00000000e5e00000, 0x00000000e5f00000|  0%| F|  |TAMS 0x00000000e5e00000, 0x00000000e5e00000| Untracked 
|  95|0x00000000e5f00000, 0x00000000e5f00000, 0x00000000e6000000|  0%| F|  |TAMS 0x00000000e5f00000, 0x00000000e5f00000| Untracked 
|  96|0x00000000e6000000, 0x00000000e6000000, 0x00000000e6100000|  0%| F|  |TAMS 0x00000000e6000000, 0x00000000e6000000| Untracked 
|  97|0x00000000e6100000, 0x00000000e6100000, 0x00000000e6200000|  0%| F|  |TAMS 0x00000000e6100000, 0x00000000e6100000| Untracked 
|  98|0x00000000e6200000, 0x00000000e6200000, 0x00000000e6300000|  0%| F|  |TAMS 0x00000000e6200000, 0x00000000e6200000| Untracked 
|  99|0x00000000e6300000, 0x00000000e6300000, 0x00000000e6400000|  0%| F|  |TAMS 0x00000000e6300000, 0x00000000e6300000| Untracked 
| 100|0x00000000e6400000, 0x00000000e6400000, 0x00000000e6500000|  0%| F|  |TAMS 0x00000000e6400000, 0x00000000e6400000| Untracked 
| 101|0x00000000e6500000, 0x00000000e6500000, 0x00000000e6600000|  0%| F|  |TAMS 0x00000000e6500000, 0x00000000e6500000| Untracked 
| 102|0x00000000e6600000, 0x00000000e6600000, 0x00000000e6700000|  0%| F|  |TAMS 0x00000000e6600000, 0x00000000e6600000| Untracked 
| 103|0x00000000e6700000, 0x00000000e6700000, 0x00000000e6800000|  0%| F|  |TAMS 0x00000000e6700000, 0x00000000e6700000| Untracked 
| 104|0x00000000e6800000, 0x00000000e6800000, 0x00000000e6900000|  0%| F|  |TAMS 0x00000000e6800000, 0x00000000e6800000| Untracked 
| 105|0x00000000e6900000, 0x00000000e6900000, 0x00000000e6a00000|  0%| F|  |TAMS 0x00000000e6900000, 0x00000000e6900000| Untracked 
| 106|0x00000000e6a00000, 0x00000000e6a00000, 0x00000000e6b00000|  0%| F|  |TAMS 0x00000000e6a00000, 0x00000000e6a00000| Untracked 
| 107|0x00000000e6b00000, 0x00000000e6b00000, 0x00000000e6c00000|  0%| F|  |TAMS 0x00000000e6b00000, 0x00000000e6b00000| Untracked 
| 108|0x00000000e6c00000, 0x00000000e6c00000, 0x00000000e6d00000|  0%| F|  |TAMS 0x00000000e6c00000, 0x00000000e6c00000| Untracked 
| 109|0x00000000e6d00000, 0x00000000e6d00000, 0x00000000e6e00000|  0%| F|  |TAMS 0x00000000e6d00000, 0x00000000e6d00000| Untracked 
| 110|0x00000000e6e00000, 0x00000000e6e00000, 0x00000000e6f00000|  0%| F|  |TAMS 0x00000000e6e00000, 0x00000000e6e00000| Untracked 
| 111|0x00000000e6f00000, 0x00000000e6f00000, 0x00000000e7000000|  0%| F|  |TAMS 0x00000000e6f00000, 0x00000000e6f00000| Untracked 
| 112|0x00000000e7000000, 0x00000000e7000000, 0x00000000e7100000|  0%| F|  |TAMS 0x00000000e7000000, 0x00000000e7000000| Untracked 
| 113|0x00000000e7100000, 0x00000000e7100000, 0x00000000e7200000|  0%| F|  |TAMS 0x00000000e7100000, 0x00000000e7100000| Untracked 
| 114|0x00000000e7200000, 0x00000000e7200000, 0x00000000e7300000|  0%| F|  |TAMS 0x00000000e7200000, 0x00000000e7200000| Untracked 
| 115|0x00000000e7300000, 0x00000000e7300000, 0x00000000e7400000|  0%| F|  |TAMS 0x00000000e7300000, 0x00000000e7300000| Untracked 
| 116|0x00000000e7400000, 0x00000000e7400000, 0x00000000e7500000|  0%| F|  |TAMS 0x00000000e7400000, 0x00000000e7400000| Untracked 
| 117|0x00000000e7500000, 0x00000000e7500000, 0x00000000e7600000|  0%| F|  |TAMS 0x00000000e7500000, 0x00000000e7500000| Untracked 
| 118|0x00000000e7600000, 0x00000000e7600000, 0x00000000e7700000|  0%| F|  |TAMS 0x00000000e7600000, 0x00000000e7600000| Untracked 
| 119|0x00000000e7700000, 0x00000000e7700000, 0x00000000e7800000|  0%| F|  |TAMS 0x00000000e7700000, 0x00000000e7700000| Untracked 
| 120|0x00000000e7800000, 0x00000000e7800000, 0x00000000e7900000|  0%| F|  |TAMS 0x00000000e7800000, 0x00000000e7800000| Untracked 
| 121|0x00000000e7900000, 0x00000000e7900000, 0x00000000e7a00000|  0%| F|  |TAMS 0x00000000e7900000, 0x00000000e7900000| Untracked 
| 122|0x00000000e7a00000, 0x00000000e7a00000, 0x00000000e7b00000|  0%| F|  |TAMS 0x00000000e7a00000, 0x00000000e7a00000| Untracked 
| 123|0x00000000e7b00000, 0x00000000e7b00000, 0x00000000e7c00000|  0%| F|  |TAMS 0x00000000e7b00000, 0x00000000e7b00000| Untracked 
| 124|0x00000000e7c00000, 0x00000000e7c00000, 0x00000000e7d00000|  0%| F|  |TAMS 0x00000000e7c00000, 0x00000000e7c00000| Untracked 
| 125|0x00000000e7d00000, 0x00000000e7d00000, 0x00000000e7e00000|  0%| F|  |TAMS 0x00000000e7d00000, 0x00000000e7d00000| Untracked 
| 126|0x00000000e7e00000, 0x00000000e7e00000, 0x00000000e7f00000|  0%| F|  |TAMS 0x00000000e7e00000, 0x00000000e7e00000| Untracked 
| 127|0x00000000e7f00000, 0x00000000e7f00000, 0x00000000e8000000|  0%| F|  |TAMS 0x00000000e7f00000, 0x00000000e7f00000| Untracked 
| 128|0x00000000e8000000, 0x00000000e8000000, 0x00000000e8100000|  0%| F|  |TAMS 0x00000000e8000000, 0x00000000e8000000| Untracked 
| 129|0x00000000e8100000, 0x00000000e8100000, 0x00000000e8200000|  0%| F|  |TAMS 0x00000000e8100000, 0x00000000e8100000| Untracked 
| 130|0x00000000e8200000, 0x00000000e8200000, 0x00000000e8300000|  0%| F|  |TAMS 0x00000000e8200000, 0x00000000e8200000| Untracked 
| 131|0x00000000e8300000, 0x00000000e8300000, 0x00000000e8400000|  0%| F|  |TAMS 0x00000000e8300000, 0x00000000e8300000| Untracked 
| 132|0x00000000e8400000, 0x00000000e8400000, 0x00000000e8500000|  0%| F|  |TAMS 0x00000000e8400000, 0x00000000e8400000| Untracked 
| 133|0x00000000e8500000, 0x00000000e8500000, 0x00000000e8600000|  0%| F|  |TAMS 0x00000000e8500000, 0x00000000e8500000| Untracked 
| 134|0x00000000e8600000, 0x00000000e8600000, 0x00000000e8700000|  0%| F|  |TAMS 0x00000000e8600000, 0x00000000e8600000| Untracked 
| 135|0x00000000e8700000, 0x00000000e8700000, 0x00000000e8800000|  0%| F|  |TAMS 0x00000000e8700000, 0x00000000e8700000| Untracked 
| 136|0x00000000e8800000, 0x00000000e8800000, 0x00000000e8900000|  0%| F|  |TAMS 0x00000000e8800000, 0x00000000e8800000| Untracked 
| 137|0x00000000e8900000, 0x00000000e8900000, 0x00000000e8a00000|  0%| F|  |TAMS 0x00000000e8900000, 0x00000000e8900000| Untracked 
| 138|0x00000000e8a00000, 0x00000000e8a00000, 0x00000000e8b00000|  0%| F|  |TAMS 0x00000000e8a00000, 0x00000000e8a00000| Untracked 
| 139|0x00000000e8b00000, 0x00000000e8b00000, 0x00000000e8c00000|  0%| F|  |TAMS 0x00000000e8b00000, 0x00000000e8b00000| Untracked 
| 140|0x00000000e8c00000, 0x00000000e8c00000, 0x00000000e8d00000|  0%| F|  |TAMS 0x00000000e8c00000, 0x00000000e8c00000| Untracked 
| 141|0x00000000e8d00000, 0x00000000e8d00000, 0x00000000e8e00000|  0%| F|  |TAMS 0x00000000e8d00000, 0x00000000e8d00000| Untracked 
| 142|0x00000000e8e00000, 0x00000000e8e00000, 0x00000000e8f00000|  0%| F|  |TAMS 0x00000000e8e00000, 0x00000000e8e00000| Untracked 
| 143|0x00000000e8f00000, 0x00000000e8f00000, 0x00000000e9000000|  0%| F|  |TAMS 0x00000000e8f00000, 0x00000000e8f00000| Untracked 
| 144|0x00000000e9000000, 0x00000000e9000000, 0x00000000e9100000|  0%| F|  |TAMS 0x00000000e9000000, 0x00000000e9000000| Untracked 
| 145|0x00000000e9100000, 0x00000000e9100000, 0x00000000e9200000|  0%| F|  |TAMS 0x00000000e9100000, 0x00000000e9100000| Untracked 
| 146|0x00000000e9200000, 0x00000000e9200000, 0x00000000e9300000|  0%| F|  |TAMS 0x00000000e9200000, 0x00000000e9200000| Untracked 
| 147|0x00000000e9300000, 0x00000000e9300000, 0x00000000e9400000|  0%| F|  |TAMS 0x00000000e9300000, 0x00000000e9300000| Untracked 
| 148|0x00000000e9400000, 0x00000000e9400000, 0x00000000e9500000|  0%| F|  |TAMS 0x00000000e9400000, 0x00000000e9400000| Untracked 
| 149|0x00000000e9500000, 0x00000000e9500000, 0x00000000e9600000|  0%| F|  |TAMS 0x00000000e9500000, 0x00000000e9500000| Untracked 
| 150|0x00000000e9600000, 0x00000000e9600000, 0x00000000e9700000|  0%| F|  |TAMS 0x00000000e9600000, 0x00000000e9600000| Untracked 
| 151|0x00000000e9700000, 0x00000000e9700000, 0x00000000e9800000|  0%| F|  |TAMS 0x00000000e9700000, 0x00000000e9700000| Untracked 
| 152|0x00000000e9800000, 0x00000000e9800000, 0x00000000e9900000|  0%| F|  |TAMS 0x00000000e9800000, 0x00000000e9800000| Untracked 
| 153|0x00000000e9900000, 0x00000000e9900000, 0x00000000e9a00000|  0%| F|  |TAMS 0x00000000e9900000, 0x00000000e9900000| Untracked 
| 154|0x00000000e9a00000, 0x00000000e9a00000, 0x00000000e9b00000|  0%| F|  |TAMS 0x00000000e9a00000, 0x00000000e9a00000| Untracked 
| 155|0x00000000e9b00000, 0x00000000e9b00000, 0x00000000e9c00000|  0%| F|  |TAMS 0x00000000e9b00000, 0x00000000e9b00000| Untracked 
| 156|0x00000000e9c00000, 0x00000000e9c00000, 0x00000000e9d00000|  0%| F|  |TAMS 0x00000000e9c00000, 0x00000000e9c00000| Untracked 
| 157|0x00000000e9d00000, 0x00000000e9d00000, 0x00000000e9e00000|  0%| F|  |TAMS 0x00000000e9d00000, 0x00000000e9d00000| Untracked 
| 158|0x00000000e9e00000, 0x00000000e9e00000, 0x00000000e9f00000|  0%| F|  |TAMS 0x00000000e9e00000, 0x00000000e9e00000| Untracked 
| 159|0x00000000e9f00000, 0x00000000e9f00000, 0x00000000ea000000|  0%| F|  |TAMS 0x00000000e9f00000, 0x00000000e9f00000| Untracked 
| 160|0x00000000ea000000, 0x00000000ea000000, 0x00000000ea100000|  0%| F|  |TAMS 0x00000000ea000000, 0x00000000ea000000| Untracked 
| 161|0x00000000ea100000, 0x00000000ea100000, 0x00000000ea200000|  0%| F|  |TAMS 0x00000000ea100000, 0x00000000ea100000| Untracked 
| 162|0x00000000ea200000, 0x00000000ea200000, 0x00000000ea300000|  0%| F|  |TAMS 0x00000000ea200000, 0x00000000ea200000| Untracked 
| 163|0x00000000ea300000, 0x00000000ea300000, 0x00000000ea400000|  0%| F|  |TAMS 0x00000000ea300000, 0x00000000ea300000| Untracked 
| 164|0x00000000ea400000, 0x00000000ea400000, 0x00000000ea500000|  0%| F|  |TAMS 0x00000000ea400000, 0x00000000ea400000| Untracked 
| 165|0x00000000ea500000, 0x00000000ea500000, 0x00000000ea600000|  0%| F|  |TAMS 0x00000000ea500000, 0x00000000ea500000| Untracked 
| 166|0x00000000ea600000, 0x00000000ea600800, 0x00000000ea700000|  0%| E|  |TAMS 0x00000000ea600000, 0x00000000ea600000| Complete 
| 167|0x00000000ea700000, 0x00000000ea800000, 0x00000000ea800000|100%| E|CS|TAMS 0x00000000ea700000, 0x00000000ea700000| Complete 
| 168|0x00000000ea800000, 0x00000000ea900000, 0x00000000ea900000|100%| E|CS|TAMS 0x00000000ea800000, 0x00000000ea800000| Complete 
| 169|0x00000000ea900000, 0x00000000eaa00000, 0x00000000eaa00000|100%| E|CS|TAMS 0x00000000ea900000, 0x00000000ea900000| Complete 
| 170|0x00000000eaa00000, 0x00000000eab00000, 0x00000000eab00000|100%| E|CS|TAMS 0x00000000eaa00000, 0x00000000eaa00000| Complete 
| 171|0x00000000eab00000, 0x00000000eac00000, 0x00000000eac00000|100%| E|CS|TAMS 0x00000000eab00000, 0x00000000eab00000| Complete 
| 172|0x00000000eac00000, 0x00000000ead00000, 0x00000000ead00000|100%| E|CS|TAMS 0x00000000eac00000, 0x00000000eac00000| Complete 
| 173|0x00000000ead00000, 0x00000000eae00000, 0x00000000eae00000|100%| E|CS|TAMS 0x00000000ead00000, 0x00000000ead00000| Complete 
| 174|0x00000000eae00000, 0x00000000eaf00000, 0x00000000eaf00000|100%| E|CS|TAMS 0x00000000eae00000, 0x00000000eae00000| Complete 
| 175|0x00000000eaf00000, 0x00000000eb000000, 0x00000000eb000000|100%| E|CS|TAMS 0x00000000eaf00000, 0x00000000eaf00000| Complete 
| 176|0x00000000eb000000, 0x00000000eb100000, 0x00000000eb100000|100%| E|CS|TAMS 0x00000000eb000000, 0x00000000eb000000| Complete 
| 177|0x00000000eb100000, 0x00000000eb200000, 0x00000000eb200000|100%| E|CS|TAMS 0x00000000eb100000, 0x00000000eb100000| Complete 
| 178|0x00000000eb200000, 0x00000000eb300000, 0x00000000eb300000|100%| E|CS|TAMS 0x00000000eb200000, 0x00000000eb200000| Complete 
| 179|0x00000000eb300000, 0x00000000eb400000, 0x00000000eb400000|100%| E|CS|TAMS 0x00000000eb300000, 0x00000000eb300000| Complete 
| 180|0x00000000eb400000, 0x00000000eb500000, 0x00000000eb500000|100%| E|CS|TAMS 0x00000000eb400000, 0x00000000eb400000| Complete 
| 181|0x00000000eb500000, 0x00000000eb600000, 0x00000000eb600000|100%| E|CS|TAMS 0x00000000eb500000, 0x00000000eb500000| Complete 
| 182|0x00000000eb600000, 0x00000000eb700000, 0x00000000eb700000|100%| E|CS|TAMS 0x00000000eb600000, 0x00000000eb600000| Complete 
| 183|0x00000000eb700000, 0x00000000eb800000, 0x00000000eb800000|100%| E|CS|TAMS 0x00000000eb700000, 0x00000000eb700000| Complete 
| 184|0x00000000eb800000, 0x00000000eb900000, 0x00000000eb900000|100%| E|CS|TAMS 0x00000000eb800000, 0x00000000eb800000| Complete 
| 185|0x00000000eb900000, 0x00000000eba00000, 0x00000000eba00000|100%| E|CS|TAMS 0x00000000eb900000, 0x00000000eb900000| Complete 
| 186|0x00000000eba00000, 0x00000000ebb00000, 0x00000000ebb00000|100%| E|CS|TAMS 0x00000000eba00000, 0x00000000eba00000| Complete 
| 187|0x00000000ebb00000, 0x00000000ebc00000, 0x00000000ebc00000|100%| E|CS|TAMS 0x00000000ebb00000, 0x00000000ebb00000| Complete 
| 188|0x00000000ebc00000, 0x00000000ebd00000, 0x00000000ebd00000|100%| E|CS|TAMS 0x00000000ebc00000, 0x00000000ebc00000| Complete 
| 189|0x00000000ebd00000, 0x00000000ebe00000, 0x00000000ebe00000|100%| E|CS|TAMS 0x00000000ebd00000, 0x00000000ebd00000| Complete 
| 190|0x00000000ebe00000, 0x00000000ebf00000, 0x00000000ebf00000|100%| E|CS|TAMS 0x00000000ebe00000, 0x00000000ebe00000| Complete 
| 191|0x00000000ebf00000, 0x00000000ec000000, 0x00000000ec000000|100%| E|CS|TAMS 0x00000000ebf00000, 0x00000000ebf00000| Complete 
| 192|0x00000000ec000000, 0x00000000ec100000, 0x00000000ec100000|100%| E|CS|TAMS 0x00000000ec000000, 0x00000000ec000000| Complete 
| 193|0x00000000ec100000, 0x00000000ec200000, 0x00000000ec200000|100%| E|CS|TAMS 0x00000000ec100000, 0x00000000ec100000| Complete 
| 194|0x00000000ec200000, 0x00000000ec300000, 0x00000000ec300000|100%| E|CS|TAMS 0x00000000ec200000, 0x00000000ec200000| Complete 
| 195|0x00000000ec300000, 0x00000000ec400000, 0x00000000ec400000|100%| E|CS|TAMS 0x00000000ec300000, 0x00000000ec300000| Complete 
| 196|0x00000000ec400000, 0x00000000ec500000, 0x00000000ec500000|100%| E|CS|TAMS 0x00000000ec400000, 0x00000000ec400000| Complete 
| 197|0x00000000ec500000, 0x00000000ec600000, 0x00000000ec600000|100%| E|CS|TAMS 0x00000000ec500000, 0x00000000ec500000| Complete 
| 198|0x00000000ec600000, 0x00000000ec700000, 0x00000000ec700000|100%| E|CS|TAMS 0x00000000ec600000, 0x00000000ec600000| Complete 
| 199|0x00000000ec700000, 0x00000000ec800000, 0x00000000ec800000|100%| E|CS|TAMS 0x00000000ec700000, 0x00000000ec700000| Complete 
| 200|0x00000000ec800000, 0x00000000ec900000, 0x00000000ec900000|100%| E|CS|TAMS 0x00000000ec800000, 0x00000000ec800000| Complete 
| 201|0x00000000ec900000, 0x00000000eca00000, 0x00000000eca00000|100%| E|CS|TAMS 0x00000000ec900000, 0x00000000ec900000| Complete 
| 202|0x00000000eca00000, 0x00000000ecb00000, 0x00000000ecb00000|100%| E|CS|TAMS 0x00000000eca00000, 0x00000000eca00000| Complete 
| 203|0x00000000ecb00000, 0x00000000ecc00000, 0x00000000ecc00000|100%| E|CS|TAMS 0x00000000ecb00000, 0x00000000ecb00000| Complete 
| 204|0x00000000ecc00000, 0x00000000ecd00000, 0x00000000ecd00000|100%| E|CS|TAMS 0x00000000ecc00000, 0x00000000ecc00000| Complete 
| 205|0x00000000ecd00000, 0x00000000ece00000, 0x00000000ece00000|100%| E|CS|TAMS 0x00000000ecd00000, 0x00000000ecd00000| Complete 
| 206|0x00000000ece00000, 0x00000000ecf00000, 0x00000000ecf00000|100%| E|CS|TAMS 0x00000000ece00000, 0x00000000ece00000| Complete 
| 207|0x00000000ecf00000, 0x00000000ed000000, 0x00000000ed000000|100%| E|CS|TAMS 0x00000000ecf00000, 0x00000000ecf00000| Complete 
| 208|0x00000000ed000000, 0x00000000ed100000, 0x00000000ed100000|100%| E|CS|TAMS 0x00000000ed000000, 0x00000000ed000000| Complete 
| 209|0x00000000ed100000, 0x00000000ed200000, 0x00000000ed200000|100%| E|CS|TAMS 0x00000000ed100000, 0x00000000ed100000| Complete 
| 210|0x00000000ed200000, 0x00000000ed300000, 0x00000000ed300000|100%| E|CS|TAMS 0x00000000ed200000, 0x00000000ed200000| Complete 
| 211|0x00000000ed300000, 0x00000000ed400000, 0x00000000ed400000|100%| E|  |TAMS 0x00000000ed300000, 0x00000000ed300000| Complete 
| 212|0x00000000ed400000, 0x00000000ed500000, 0x00000000ed500000|100%| E|CS|TAMS 0x00000000ed400000, 0x00000000ed400000| Complete 
| 213|0x00000000ed500000, 0x00000000ed600000, 0x00000000ed600000|100%| E|CS|TAMS 0x00000000ed500000, 0x00000000ed500000| Complete 
| 214|0x00000000ed600000, 0x00000000ed700000, 0x00000000ed700000|100%| E|CS|TAMS 0x00000000ed600000, 0x00000000ed600000| Complete 
| 215|0x00000000ed700000, 0x00000000ed800000, 0x00000000ed800000|100%| E|CS|TAMS 0x00000000ed700000, 0x00000000ed700000| Complete 
| 216|0x00000000ed800000, 0x00000000ed900000, 0x00000000ed900000|100%| E|CS|TAMS 0x00000000ed800000, 0x00000000ed800000| Complete 
| 217|0x00000000ed900000, 0x00000000eda00000, 0x00000000eda00000|100%| E|CS|TAMS 0x00000000ed900000, 0x00000000ed900000| Complete 
| 218|0x00000000eda00000, 0x00000000edb00000, 0x00000000edb00000|100%| E|CS|TAMS 0x00000000eda00000, 0x00000000eda00000| Complete 
| 219|0x00000000edb00000, 0x00000000edc00000, 0x00000000edc00000|100%| E|CS|TAMS 0x00000000edb00000, 0x00000000edb00000| Complete 
| 220|0x00000000edc00000, 0x00000000edd00000, 0x00000000edd00000|100%| E|CS|TAMS 0x00000000edc00000, 0x00000000edc00000| Complete 
| 221|0x00000000edd00000, 0x00000000ede00000, 0x00000000ede00000|100%| E|CS|TAMS 0x00000000edd00000, 0x00000000edd00000| Complete 
| 222|0x00000000ede00000, 0x00000000edf00000, 0x00000000edf00000|100%| E|CS|TAMS 0x00000000ede00000, 0x00000000ede00000| Complete 
| 223|0x00000000edf00000, 0x00000000ee000000, 0x00000000ee000000|100%| E|CS|TAMS 0x00000000edf00000, 0x00000000edf00000| Complete 
| 224|0x00000000ee000000, 0x00000000ee100000, 0x00000000ee100000|100%| E|CS|TAMS 0x00000000ee000000, 0x00000000ee000000| Complete 
| 225|0x00000000ee100000, 0x00000000ee200000, 0x00000000ee200000|100%| E|CS|TAMS 0x00000000ee100000, 0x00000000ee100000| Complete 
| 226|0x00000000ee200000, 0x00000000ee300000, 0x00000000ee300000|100%| E|CS|TAMS 0x00000000ee200000, 0x00000000ee200000| Complete 
| 227|0x00000000ee300000, 0x00000000ee400000, 0x00000000ee400000|100%| E|CS|TAMS 0x00000000ee300000, 0x00000000ee300000| Complete 
| 228|0x00000000ee400000, 0x00000000ee500000, 0x00000000ee500000|100%| E|CS|TAMS 0x00000000ee400000, 0x00000000ee400000| Complete 
| 229|0x00000000ee500000, 0x00000000ee600000, 0x00000000ee600000|100%| E|CS|TAMS 0x00000000ee500000, 0x00000000ee500000| Complete 
| 230|0x00000000ee600000, 0x00000000ee700000, 0x00000000ee700000|100%| E|CS|TAMS 0x00000000ee600000, 0x00000000ee600000| Complete 
| 231|0x00000000ee700000, 0x00000000ee800000, 0x00000000ee800000|100%| E|CS|TAMS 0x00000000ee700000, 0x00000000ee700000| Complete 
| 232|0x00000000ee800000, 0x00000000ee900000, 0x00000000ee900000|100%| E|CS|TAMS 0x00000000ee800000, 0x00000000ee800000| Complete 
| 233|0x00000000ee900000, 0x00000000eea00000, 0x00000000eea00000|100%| E|CS|TAMS 0x00000000ee900000, 0x00000000ee900000| Complete 
| 234|0x00000000eea00000, 0x00000000eeb00000, 0x00000000eeb00000|100%| E|CS|TAMS 0x00000000eea00000, 0x00000000eea00000| Complete 
| 235|0x00000000eeb00000, 0x00000000eec00000, 0x00000000eec00000|100%| E|CS|TAMS 0x00000000eeb00000, 0x00000000eeb00000| Complete 
| 236|0x00000000eec00000, 0x00000000eed00000, 0x00000000eed00000|100%| E|CS|TAMS 0x00000000eec00000, 0x00000000eec00000| Complete 
| 237|0x00000000eed00000, 0x00000000eee00000, 0x00000000eee00000|100%| E|CS|TAMS 0x00000000eed00000, 0x00000000eed00000| Complete 
| 238|0x00000000eee00000, 0x00000000eef00000, 0x00000000eef00000|100%| E|CS|TAMS 0x00000000eee00000, 0x00000000eee00000| Complete 
| 239|0x00000000eef00000, 0x00000000ef000000, 0x00000000ef000000|100%| E|CS|TAMS 0x00000000eef00000, 0x00000000eef00000| Complete 
| 240|0x00000000ef000000, 0x00000000ef100000, 0x00000000ef100000|100%| E|CS|TAMS 0x00000000ef000000, 0x00000000ef000000| Complete 
| 241|0x00000000ef100000, 0x00000000ef13bbc8, 0x00000000ef200000| 23%| S|CS|TAMS 0x00000000ef100000, 0x00000000ef100000| Complete 
| 242|0x00000000ef200000, 0x00000000ef300000, 0x00000000ef300000|100%| S|CS|TAMS 0x00000000ef200000, 0x00000000ef200000| Complete 
| 243|0x00000000ef300000, 0x00000000ef400000, 0x00000000ef400000|100%| S|CS|TAMS 0x00000000ef300000, 0x00000000ef300000| Complete 
| 244|0x00000000ef400000, 0x00000000ef500000, 0x00000000ef500000|100%| S|CS|TAMS 0x00000000ef400000, 0x00000000ef400000| Complete 
| 245|0x00000000ef500000, 0x00000000ef600000, 0x00000000ef600000|100%| S|CS|TAMS 0x00000000ef500000, 0x00000000ef500000| Complete 
| 246|0x00000000ef600000, 0x00000000ef700000, 0x00000000ef700000|100%| S|CS|TAMS 0x00000000ef600000, 0x00000000ef600000| Complete 
| 247|0x00000000ef700000, 0x00000000ef800000, 0x00000000ef800000|100%| E|CS|TAMS 0x00000000ef700000, 0x00000000ef700000| Complete 
| 248|0x00000000ef800000, 0x00000000ef900000, 0x00000000ef900000|100%| E|CS|TAMS 0x00000000ef800000, 0x00000000ef800000| Complete 
| 249|0x00000000ef900000, 0x00000000efa00000, 0x00000000efa00000|100%| E|CS|TAMS 0x00000000ef900000, 0x00000000ef900000| Complete 
| 250|0x00000000efa00000, 0x00000000efb00000, 0x00000000efb00000|100%| E|CS|TAMS 0x00000000efa00000, 0x00000000efa00000| Complete 
| 251|0x00000000efb00000, 0x00000000efc00000, 0x00000000efc00000|100%| E|CS|TAMS 0x00000000efb00000, 0x00000000efb00000| Complete 
| 252|0x00000000efc00000, 0x00000000efd00000, 0x00000000efd00000|100%| E|CS|TAMS 0x00000000efc00000, 0x00000000efc00000| Complete 
| 253|0x00000000efd00000, 0x00000000efe00000, 0x00000000efe00000|100%| E|CS|TAMS 0x00000000efd00000, 0x00000000efd00000| Complete 
| 254|0x00000000efe00000, 0x00000000eff00000, 0x00000000eff00000|100%| E|CS|TAMS 0x00000000efe00000, 0x00000000efe00000| Complete 
| 255|0x00000000eff00000, 0x00000000f0000000, 0x00000000f0000000|100%| E|CS|TAMS 0x00000000eff00000, 0x00000000eff00000| Complete 

Card table byte_map: [0x0000021e49d70000,0x0000021e49e70000] _byte_map_base: 0x0000021e49670000

Marking Bits (Prev, Next): (CMBitMap*) 0x0000021e31165218, (CMBitMap*) 0x0000021e31165250
 Prev Bits: [0x0000021e49f70000, 0x0000021e4a770000)
 Next Bits: [0x0000021e4a770000, 0x0000021e4af70000)

Polling page: 0x0000021e31220000

Metaspace:

Usage:
  Non-class:     37.93 MB capacity,    37.23 MB ( 98%) used,   588.62 KB (  2%) free+waste,   122.75 KB ( <1%) overhead. 
      Class:      6.00 MB capacity,     5.52 MB ( 92%) used,   430.15 KB (  7%) free+waste,    61.81 KB (  1%) overhead. 
       Both:     43.93 MB capacity,    42.76 MB ( 97%) used,  1018.77 KB (  2%) free+waste,   184.56 KB ( <1%) overhead. 

Virtual space:
  Non-class space:       40.00 MB reserved,      38.08 MB ( 95%) committed 
      Class space:      376.00 MB reserved,       6.13 MB (  2%) committed 
             Both:      416.00 MB reserved,      44.20 MB ( 11%) committed 

Chunk freelists:
   Non-Class:  3.00 KB
       Class:  0 bytes
        Both:  3.00 KB

CodeHeap 'non-profiled nmethods': size=120000Kb used=2250Kb max_used=2250Kb free=117749Kb
 bounds [0x0000021e41ab0000, 0x0000021e41d20000, 0x0000021e48fe0000]
CodeHeap 'profiled nmethods': size=120000Kb used=8980Kb max_used=8980Kb free=111019Kb
 bounds [0x0000021e3a580000, 0x0000021e3ae50000, 0x0000021e41ab0000]
CodeHeap 'non-nmethods': size=5760Kb used=2211Kb max_used=2231Kb free=3548Kb
 bounds [0x0000021e39fe0000, 0x0000021e3a250000, 0x0000021e3a580000]
 total_blobs=5043 nmethods=4262 adapters=692
 compilation: enabled
              stopped_count=0, restarted_count=0
 full_count=0

Compilation events (10 events):
Event: 138.569 Thread 0x0000021e4e571800 4225       3       java.lang.reflect.ProxyGenerator$ProxyMethod::generateMethod (733 bytes)
Event: 138.582 Thread 0x0000021e4e571800 nmethod 4225 0x0000021e3ae17a90 code [0x0000021e3ae18820, 0x0000021e3ae21308]
Event: 138.582 Thread 0x0000021e4e571800 4224       3       java.lang.reflect.ProxyGenerator$FieldInfo::<init> (44 bytes)
Event: 138.582 Thread 0x0000021e4e571800 nmethod 4224 0x0000021e3ae24a10 code [0x0000021e3ae24c20, 0x0000021e3ae251f8]
Event: 138.582 Thread 0x0000021e4e571800 4226       3       java.lang.reflect.ProxyGenerator$ConstantPool::getInterfaceMethodRef (33 bytes)
Event: 138.583 Thread 0x0000021e4e571800 nmethod 4226 0x0000021e3ae25490 code [0x0000021e3ae25740, 0x0000021e3ae263a8]
Event: 138.600 Thread 0x0000021e4e571800 4228  s    3       java.beans.MethodDescriptor::setParams (74 bytes)
Event: 138.600 Thread 0x0000021e4e571800 nmethod 4228 0x0000021e3ae26910 code [0x0000021e3ae26b60, 0x0000021e3ae277c8]
Event: 138.600 Thread 0x0000021e4e571800 4229  s    3       java.beans.MethodDescriptor::setMethod (41 bytes)
Event: 138.602 Thread 0x0000021e4e571800 nmethod 4229 0x0000021e3ae27b10 code [0x0000021e3ae27e60, 0x0000021e3ae29678]

GC Heap History (10 events):
Event: 13.583 GC heap before
{Heap before GC invocations=1 (full 0):
 garbage-first heap   total 262144K, used 138646K [0x00000000e0000000, 0x0000000100000000)
  region size 1024K, 127 young (130048K), 3 survivors (3072K)
 Metaspace       used 20679K, capacity 21145K, committed 21296K, reserved 405504K
  class space    used 2472K, capacity 2636K, committed 2688K, reserved 385024K
}
Event: 13.592 GC heap after
{Heap after GC invocations=2 (full 0):
 garbage-first heap   total 262144K, used 19807K [0x00000000e0000000, 0x0000000100000000)
  region size 1024K, 11 young (11264K), 11 survivors (11264K)
 Metaspace       used 20679K, capacity 21145K, committed 21296K, reserved 405504K
  class space    used 2472K, capacity 2636K, committed 2688K, reserved 385024K
}
Event: 14.302 GC heap before
{Heap before GC invocations=3 (full 0):
 garbage-first heap   total 262144K, used 42335K [0x00000000e0000000, 0x0000000100000000)
  region size 1024K, 34 young (34816K), 11 survivors (11264K)
 Metaspace       used 22630K, capacity 23264K, committed 23472K, reserved 405504K
  class space    used 2770K, capacity 3030K, committed 3072K, reserved 385024K
}
Event: 14.307 GC heap after
{Heap after GC invocations=4 (full 0):
 garbage-first heap   total 262144K, used 20382K [0x00000000e0000000, 0x0000000100000000)
  region size 1024K, 1 young (1024K), 1 survivors (1024K)
 Metaspace       used 22630K, capacity 23264K, committed 23472K, reserved 405504K
  class space    used 2770K, capacity 3030K, committed 3072K, reserved 385024K
}
Event: 15.077 GC heap before
{Heap before GC invocations=4 (full 0):
 garbage-first heap   total 262144K, used 93086K [0x00000000e0000000, 0x0000000100000000)
  region size 1024K, 72 young (73728K), 1 survivors (1024K)
 Metaspace       used 27169K, capacity 27836K, committed 28080K, reserved 409600K
  class space    used 3531K, capacity 3766K, committed 3840K, reserved 385024K
}
Event: 15.080 GC heap after
{Heap after GC invocations=5 (full 0):
 garbage-first heap   total 262144K, used 22026K [0x00000000e0000000, 0x0000000100000000)
  region size 1024K, 3 young (3072K), 3 survivors (3072K)
 Metaspace       used 27169K, capacity 27836K, committed 28080K, reserved 409600K
  class space    used 3531K, capacity 3766K, committed 3840K, reserved 385024K
}
Event: 132.202 GC heap before
{Heap before GC invocations=5 (full 0):
 garbage-first heap   total 262144K, used 125450K [0x00000000e0000000, 0x0000000100000000)
  region size 1024K, 104 young (106496K), 3 survivors (3072K)
 Metaspace       used 33922K, capacity 34843K, committed 35120K, reserved 415744K
  class space    used 4549K, capacity 4894K, committed 4992K, reserved 385024K
}
Event: 132.220 GC heap after
{Heap after GC invocations=6 (full 0):
 garbage-first heap   total 262144K, used 24383K [0x00000000e0000000, 0x0000000100000000)
  region size 1024K, 5 young (5120K), 5 survivors (5120K)
 Metaspace       used 33922K, capacity 34843K, committed 35120K, reserved 415744K
  class space    used 4549K, capacity 4894K, committed 4992K, reserved 385024K
}
Event: 132.613 GC heap before
{Heap before GC invocations=6 (full 0):
 garbage-first heap   total 262144K, used 32575K [0x00000000e0000000, 0x0000000100000000)
  region size 1024K, 14 young (14336K), 5 survivors (5120K)
 Metaspace       used 34855K, capacity 35811K, committed 35920K, reserved 417792K
  class space    used 4698K, capacity 5070K, committed 5120K, reserved 385024K
}
Event: 132.620 GC heap after
{Heap after GC invocations=7 (full 0):
 garbage-first heap   total 262144K, used 24718K [0x00000000e0000000, 0x0000000100000000)
  region size 1024K, 6 young (6144K), 6 survivors (6144K)
 Metaspace       used 34855K, capacity 35811K, committed 35920K, reserved 417792K
  class space    used 4698K, capacity 5070K, committed 5120K, reserved 385024K
}

Deoptimization events (10 events):
Event: 136.470 Thread 0x0000021e4f4b1000 Uncommon trap: reason=unstable_if action=reinterpret pc=0x0000021e41b45f24 method=sun.nio.fs.WindowsPathParser.isSlash(C)Z @ 9 c2
Event: 136.471 Thread 0x0000021e4f4b1000 Uncommon trap: reason=unstable_if action=reinterpret pc=0x0000021e41ad1fbc method=sun.nio.fs.WindowsPathParser.isSlash(C)Z @ 9 c2
Event: 137.627 Thread 0x0000021e4f4b1000 Uncommon trap: reason=unstable_if action=reinterpret pc=0x0000021e41b7728c method=java.lang.String.regionMatches(ZILjava/lang/String;II)Z @ 36 c2
Event: 137.638 Thread 0x0000021e4f4b1000 Uncommon trap: reason=class_check action=maybe_recompile pc=0x0000021e41cc01f0 method=java.util.regex.Pattern$Start.match(Ljava/util/regex/Matcher;ILjava/lang/CharSequence;)Z @ 44 c2
Event: 137.656 Thread 0x0000021e4f4b1000 Uncommon trap: reason=class_check action=maybe_recompile pc=0x0000021e41cc01f0 method=java.util.regex.Pattern$Start.match(Ljava/util/regex/Matcher;ILjava/lang/CharSequence;)Z @ 44 c2
Event: 138.198 Thread 0x0000021e4f4b1000 Uncommon trap: reason=speculate_null_assert action=make_not_entrant pc=0x0000021e41ca9a88 method=java.lang.ClassLoader.checkCerts(Ljava/lang/String;Ljava/security/CodeSource;)V @ 71 c2
Event: 138.241 Thread 0x0000021e4f4b1000 Uncommon trap: reason=class_check action=maybe_recompile pc=0x0000021e41cc01f0 method=java.util.regex.Pattern$Start.match(Ljava/util/regex/Matcher;ILjava/lang/CharSequence;)Z @ 44 c2
Event: 138.242 Thread 0x0000021e4f4b1000 Uncommon trap: reason=class_check action=maybe_recompile pc=0x0000021e41cc01f0 method=java.util.regex.Pattern$Start.match(Ljava/util/regex/Matcher;ILjava/lang/CharSequence;)Z @ 44 c2
Event: 138.242 Thread 0x0000021e4f4b1000 Uncommon trap: reason=class_check action=maybe_recompile pc=0x0000021e41cb43cc method=java.util.regex.Pattern$Start.match(Ljava/util/regex/Matcher;ILjava/lang/CharSequence;)Z @ 44 c2
Event: 138.573 Thread 0x0000021e4f4b1000 Uncommon trap: reason=speculate_null_assert action=make_not_entrant pc=0x0000021e41ccec38 method=java.lang.ClassLoader.checkCerts(Ljava/lang/String;Ljava/security/CodeSource;)V @ 71 c2

Classes redefined (0 events):
No events

Internal exceptions (10 events):
Event: 137.895 Thread 0x0000021e4f4b1000 Exception <a 'java/lang/ClassNotFoundException'{0x00000000eb64d968}: org/gradle/invocation/DefaultGradleCustomizer> (0x00000000eb64d968) thrown at [./open/src/hotspot/share/classfile/systemDictionary.cpp, line 226]
Event: 137.907 Thread 0x0000021e4f4b1000 Exception <a 'java/lang/ClassNotFoundException'{0x00000000eb6a7f10}: org/gradle/invocation/DefaultGradle_DecoratedCustomizer> (0x00000000eb6a7f10) thrown at [./open/src/hotspot/share/classfile/systemDictionary.cpp, line 226]
Event: 138.232 Thread 0x0000021e4f4b1000 Exception <a 'java/lang/ClassNotFoundException'{0x00000000eb1517e8}: groovy/lang/Closure$1BeanInfo> (0x00000000eb1517e8) thrown at [./open/src/hotspot/share/classfile/systemDictionary.cpp, line 226]
Event: 138.236 Thread 0x0000021e4f4b1000 Exception <a 'java/lang/ClassNotFoundException'{0x00000000eb1821a0}: groovy/lang/ClosureBeanInfo> (0x00000000eb1821a0) thrown at [./open/src/hotspot/share/classfile/systemDictionary.cpp, line 226]
Event: 138.239 Thread 0x0000021e4f4b1000 Exception <a 'java/lang/ClassNotFoundException'{0x00000000eb1b2c38}: groovy/lang/ClosureCustomizer> (0x00000000eb1b2c38) thrown at [./open/src/hotspot/share/classfile/systemDictionary.cpp, line 226]
Event: 138.255 Thread 0x0000021e4f4b1000 Exception <a 'java/lang/ClassNotFoundException'{0x00000000eb0063d8}: groovy/lang/Closure$1Customizer> (0x00000000eb0063d8) thrown at [./open/src/hotspot/share/classfile/systemDictionary.cpp, line 226]
Event: 138.535 Thread 0x0000021e4f4b1000 Exception <a 'java/lang/ClassNotFoundException'{0x00000000ead69d30}: ijresolvers1_4cj1vzqoo7k2gw86b8u9ycx6hBeanInfo> (0x00000000ead69d30) thrown at [./open/src/hotspot/share/classfile/systemDictionary.cpp, line 226]
Event: 138.535 Thread 0x0000021e4f4b1000 Exception <a 'java/lang/ClassNotFoundException'{0x00000000ead78758}: ijresolvers1_4cj1vzqoo7k2gw86b8u9ycx6hCustomizer> (0x00000000ead78758) thrown at [./open/src/hotspot/share/classfile/systemDictionary.cpp, line 226]
Event: 138.595 Thread 0x0000021e4f4b1000 Exception <a 'java/lang/ClassNotFoundException'{0x00000000eac87ed8}: org/gradle/execution/taskgraph/DefaultTaskExecutionGraphBeanInfo> (0x00000000eac87ed8) thrown at [./open/src/hotspot/share/classfile/systemDictionary.cpp, line 226]
Event: 138.598 Thread 0x0000021e4f4b1000 Exception <a 'java/lang/ClassNotFoundException'{0x00000000eacb67b0}: org/gradle/execution/taskgraph/DefaultTaskExecutionGraphCustomizer> (0x00000000eacb67b0) thrown at [./open/src/hotspot/share/classfile/systemDictionary.cpp, line 226]

Events (10 events):
Event: 138.632 loading class org/codehaus/groovy/util/AbstractConcurrentMapBase$Segment
Event: 138.632 loading class org/codehaus/groovy/util/AbstractConcurrentMapBase$Segment done
Event: 138.636 loading class org/codehaus/groovy/util/AbstractConcurrentMap$Segment
Event: 138.636 loading class org/codehaus/groovy/util/AbstractConcurrentMap$Segment done
Event: 138.640 loading class org/codehaus/groovy/util/ManagedConcurrentMap$Segment
Event: 138.640 loading class org/codehaus/groovy/util/ManagedConcurrentMap$Segment done
Event: 138.642 loading class org/codehaus/groovy/util/AbstractConcurrentMap$Entry
Event: 138.642 loading class org/codehaus/groovy/util/AbstractConcurrentMap$Entry done
Event: 138.642 loading class org/codehaus/groovy/util/AbstractConcurrentMapBase$Entry
Event: 138.642 loading class org/codehaus/groovy/util/AbstractConcurrentMapBase$Entry done


Dynamic libraries:
0x00007ff78d2f0000 - 0x00007ff78d2ff000 	D:\developementTools\jdk11\bin\java.exe
0x00007ffadfbb0000 - 0x00007ffadfda8000 	C:\Windows\SYSTEM32\ntdll.dll
0x00007ffadf2c0000 - 0x00007ffadf381000 	C:\Windows\System32\KERNEL32.DLL
0x00007ffadd6e0000 - 0x00007ffadd9dd000 	C:\Windows\System32\KERNELBASE.dll
0x00007ffadd5e0000 - 0x00007ffadd6e0000 	C:\Windows\System32\ucrtbase.dll
0x00007ffac3fe0000 - 0x00007ffac3ff8000 	D:\developementTools\jdk11\bin\jli.dll
0x00007ffadf6f0000 - 0x00007ffadf7a0000 	C:\Windows\System32\ADVAPI32.dll
0x00007ffadf980000 - 0x00007ffadfa1e000 	C:\Windows\System32\msvcrt.dll
0x00007ffadf5f0000 - 0x00007ffadf690000 	C:\Windows\System32\sechost.dll
0x00007ffadf0c0000 - 0x00007ffadf1e3000 	C:\Windows\System32\RPCRT4.dll
0x00007ffadd3b0000 - 0x00007ffadd3d7000 	C:\Windows\System32\bcrypt.dll
0x00007ffadf390000 - 0x00007ffadf52d000 	C:\Windows\System32\USER32.dll
0x00007ffaddb40000 - 0x00007ffaddb62000 	C:\Windows\System32\win32u.dll
0x00007ffadf690000 - 0x00007ffadf6bb000 	C:\Windows\System32\GDI32.dll
0x00007ffadd3e0000 - 0x00007ffadd4f7000 	C:\Windows\System32\gdi32full.dll
0x00007ffadd260000 - 0x00007ffadd2fd000 	C:\Windows\System32\msvcp_win.dll
0x00007ffac2d10000 - 0x00007ffac2d25000 	D:\developementTools\jdk11\bin\VCRUNTIME140.dll
0x00007ffacfd50000 - 0x00007ffacffea000 	C:\Windows\WinSxS\amd64_microsoft.windows.common-controls_6595b64144ccf1df_6.0.19041.4355_none_60b8b9eb71f62e16\COMCTL32.dll
0x00007ffad45b0000 - 0x00007ffad45ba000 	C:\Windows\SYSTEM32\VERSION.dll
0x00007ffadf6c0000 - 0x00007ffadf6ef000 	C:\Windows\System32\IMM32.DLL
0x00007ffabf300000 - 0x00007ffabf39b000 	D:\developementTools\jdk11\bin\msvcp140.dll
0x00007ffa85d00000 - 0x00007ffa86816000 	D:\developementTools\jdk11\bin\server\jvm.dll
0x00007ffadf970000 - 0x00007ffadf978000 	C:\Windows\System32\PSAPI.DLL
0x00007ffac5a00000 - 0x00007ffac5a09000 	C:\Windows\SYSTEM32\WSOCK32.dll
0x00007ffadeae0000 - 0x00007ffadeb4b000 	C:\Windows\System32\WS2_32.dll
0x00007ffad07e0000 - 0x00007ffad0807000 	C:\Windows\SYSTEM32\WINMM.dll
0x00007ffadba80000 - 0x00007ffadba92000 	C:\Windows\SYSTEM32\kernel.appcore.dll
0x00007ffad8df0000 - 0x00007ffad8e00000 	D:\developementTools\jdk11\bin\verify.dll
0x00007ffadae90000 - 0x00007ffadb074000 	C:\Windows\SYSTEM32\DBGHELP.DLL
0x00007ffac23b0000 - 0x00007ffac23e4000 	C:\Windows\SYSTEM32\dbgcore.DLL
0x00007ffadd550000 - 0x00007ffadd5d2000 	C:\Windows\System32\bcryptPrimitives.dll
0x00007ffac1bd0000 - 0x00007ffac1bf8000 	D:\developementTools\jdk11\bin\java.dll
0x00007ffacb2f0000 - 0x00007ffacb2fa000 	D:\developementTools\jdk11\bin\jimage.dll
0x00007ffac73e0000 - 0x00007ffac73ee000 	D:\developementTools\jdk11\bin\instrument.dll
0x00007ffac20a0000 - 0x00007ffac20b6000 	D:\developementTools\jdk11\bin\zip.dll
0x00007ffade230000 - 0x00007ffade99f000 	C:\Windows\System32\SHELL32.dll
0x00007ffadb2c0000 - 0x00007ffadba63000 	C:\Windows\SYSTEM32\windows.storage.dll
0x00007ffadeb50000 - 0x00007ffadeea3000 	C:\Windows\System32\combase.dll
0x00007ffadcc90000 - 0x00007ffadccbe000 	C:\Windows\SYSTEM32\Wldp.dll
0x00007ffadf1f0000 - 0x00007ffadf2bd000 	C:\Windows\System32\OLEAUT32.dll
0x00007ffadf530000 - 0x00007ffadf5dd000 	C:\Windows\System32\SHCORE.dll
0x00007ffaddd60000 - 0x00007ffadddb5000 	C:\Windows\System32\shlwapi.dll
0x00007ffadd190000 - 0x00007ffadd1b4000 	C:\Windows\SYSTEM32\profapi.dll
0x00007ffac1b10000 - 0x00007ffac1b29000 	D:\developementTools\jdk11\bin\net.dll
0x00007ffad45e0000 - 0x00007ffad46ed000 	C:\Windows\SYSTEM32\WINHTTP.dll
0x00007ffadc9f0000 - 0x00007ffadca5a000 	C:\Windows\system32\mswsock.dll
0x00007ffac0ac0000 - 0x00007ffac0ad2000 	D:\developementTools\jdk11\bin\nio.dll
0x00007ffac4030000 - 0x00007ffac4057000 	C:\Users\josep\.gradle\native\c067742578af261105cb4f569cf0c3c89f3d7b1fecec35dd04571415982c5e48\windows-amd64\native-platform.dll
0x00007ffab1240000 - 0x00007ffab1384000 	C:\Users\josep\.gradle\native\100fb08df4bc3b14c8652ba06237920a3bd2aa13389f12d3474272988ae205f9\windows-amd64\native-platform-file-events.dll
0x00007ffac6e90000 - 0x00007ffac6e99000 	D:\developementTools\jdk11\bin\management.dll
0x00007ffac5fe0000 - 0x00007ffac5feb000 	D:\developementTools\jdk11\bin\management_ext.dll
0x00007ffadcbf0000 - 0x00007ffadcc08000 	C:\Windows\SYSTEM32\CRYPTSP.dll
0x00007ffadc2a0000 - 0x00007ffadc2d4000 	C:\Windows\system32\rsaenh.dll
0x00007ffadd150000 - 0x00007ffadd17e000 	C:\Windows\SYSTEM32\USERENV.dll
0x00007ffadcbe0000 - 0x00007ffadcbec000 	C:\Windows\SYSTEM32\CRYPTBASE.dll
0x00007ffadc680000 - 0x00007ffadc6bb000 	C:\Windows\SYSTEM32\IPHLPAPI.DLL
0x00007ffadfb60000 - 0x00007ffadfb68000 	C:\Windows\System32\NSI.dll
0x00007ffad7280000 - 0x00007ffad7297000 	C:\Windows\SYSTEM32\dhcpcsvc6.DLL
0x00007ffad71d0000 - 0x00007ffad71ed000 	C:\Windows\SYSTEM32\dhcpcsvc.DLL
0x00007ffadc6c0000 - 0x00007ffadc78a000 	C:\Windows\SYSTEM32\DNSAPI.dll

dbghelp: loaded successfully - version: 4.0.5 - missing functions: none
symbol engine: initialized successfully - sym options: 0x614 - pdb path: .;D:\developementTools\jdk11\bin;C:\Windows\SYSTEM32;C:\Windows\WinSxS\amd64_microsoft.windows.common-controls_6595b64144ccf1df_6.0.19041.4355_none_60b8b9eb71f62e16;D:\developementTools\jdk11\bin\server;C:\Users\josep\.gradle\native\c067742578af261105cb4f569cf0c3c89f3d7b1fecec35dd04571415982c5e48\windows-amd64;C:\Users\josep\.gradle\native\100fb08df4bc3b14c8652ba06237920a3bd2aa13389f12d3474272988ae205f9\windows-amd64

VM Arguments:
jvm_args: --add-opens=java.base/java.util=ALL-UNNAMED --add-opens=java.base/java.lang=ALL-UNNAMED --add-opens=java.base/java.lang.invoke=ALL-UNNAMED --add-opens=java.prefs/java.util.prefs=ALL-UNNAMED --add-opens=java.base/java.nio.charset=ALL-UNNAMED --add-opens=java.base/java.net=ALL-UNNAMED --add-opens=java.base/java.util.concurrent.atomic=ALL-UNNAMED -XX:MaxMetaspaceSize=384m -XX:+HeapDumpOnOutOfMemoryError -Xms256m -Xmx512m -Dfile.encoding=UTF-8 -Duser.country=KR -Duser.language=ko -Duser.variant -javaagent:C:\Users\josep\.gradle\wrapper\dists\gradle-8.8-bin\dl7vupf4psengwqhwktix4v1\gradle-8.8\lib\agents\gradle-instrumentation-agent-8.8.jar 
java_command: org.gradle.launcher.daemon.bootstrap.GradleDaemon 8.8
java_class_path (initial): C:\Users\josep\.gradle\wrapper\dists\gradle-8.8-bin\dl7vupf4psengwqhwktix4v1\gradle-8.8\lib\gradle-launcher-8.8.jar
Launcher Type: SUN_STANDARD

[Global flags]
     intx CICompilerCount                          = 4                                         {product} {ergonomic}
   size_t CompressedClassSpaceSize                 = 394264576                                 {product} {ergonomic}
     uint ConcGCThreads                            = 3                                         {product} {ergonomic}
     uint G1ConcRefinementThreads                  = 10                                        {product} {ergonomic}
   size_t G1HeapRegionSize                         = 1048576                                   {product} {ergonomic}
    uintx GCDrainStackTargetSize                   = 64                                        {product} {ergonomic}
     bool HeapDumpOnOutOfMemoryError               = true                                   {manageable} {command line}
   size_t InitialHeapSize                          = 268435456                                 {product} {command line}
   size_t MarkStackSize                            = 4194304                                   {product} {ergonomic}
   size_t MaxHeapSize                              = 536870912                                 {product} {command line}
   size_t MaxMetaspaceSize                         = 402653184                                 {product} {command line}
   size_t MaxNewSize                               = 321912832                                 {product} {ergonomic}
   size_t MinHeapDeltaBytes                        = 1048576                                   {product} {ergonomic}
    uintx NonNMethodCodeHeapSize                   = 5836300                                {pd product} {ergonomic}
    uintx NonProfiledCodeHeapSize                  = 122910970                              {pd product} {ergonomic}
    uintx ProfiledCodeHeapSize                     = 122910970                              {pd product} {ergonomic}
    uintx ReservedCodeCacheSize                    = 251658240                              {pd product} {ergonomic}
     bool SegmentedCodeCache                       = true                                      {product} {ergonomic}
     bool UseCompressedClassPointers               = true                                 {lp64_product} {ergonomic}
     bool UseCompressedOops                        = true                                 {lp64_product} {ergonomic}
     bool UseG1GC                                  = true                                      {product} {ergonomic}
     bool UseLargePagesIndividualAllocation        = false                                  {pd product} {ergonomic}

Logging:
Log output configuration:
 #0: stdout all=warning uptime,level,tags
 #1: stderr all=off uptime,level,tags

Environment Variables:
JAVA_HOME=D:\developementTools\jdk11
CLASSPATH=D:\developementTools\jdk11\lib
PATH=C:\Python312\Scripts\;C:\Python312\;D:\app\josep\product\11.2.0\dbhome_1\bin;C:\oraclexe\app\oracle\product\11.2.0\server\bin;D:\developementTools\jdk11\bin;C:\Program Files\Common Files\Oracle\Java\javapath;C:\Windows\system32;C:\Windows;C:\Windows\System32\Wbem;C:\Windows\System32\WindowsPowerShell\v1.0\;C:\Windows\System32\OpenSSH\;C:\Program Files\NVIDIA Corporation\NVIDIA NvDLISR;C:\Program Files (x86)\NVIDIA Corporation\PhysX\Common;C:\Program Files\Git\cmd;C:\Program Files\Bandizip\;C:\ProgramData\chocolatey\bin;C:\Program Files\nodejs\;D:\developementTools\apache-maven-3.9.9\bin;C:\Program Files\MySQL\MySQL Server 8.0\bin;C:\Program Files\MariaDB 11.4\bin;C:\Users\josep\AppData\Local\Microsoft\WindowsApps;C:\Users\josep\AppData\Local\Programs\Microsoft VS Code\bin;C:\Users\josep\AppData\Roaming\npm
USERNAME=josep
OS=Windows_NT
PROCESSOR_IDENTIFIER=Intel64 Family 6 Model 158 Stepping 10, GenuineIntel



---------------  S Y S T E M  ---------------

OS: Windows 10 , 64 bit Build 19041 (10.0.19041.4842)

CPU:total 12 (initial active 12) (6 cores per cpu, 2 threads per core) family 6 model 158 stepping 10 microcode 0xde, cmov, cx8, fxsr, mmx, sse, sse2, sse3, ssse3, sse4.1, sse4.2, popcnt, avx, avx2, aes, clmul, erms, 3dnowpref, lzcnt, ht, tsc, tscinvbit, bmi1, bmi2, adx, fma

Memory: 4k page, system-wide physical 16257M (199M free)
TotalPageFile size 46633M (AvailPageFile size 3M)
current process WorkingSet (physical memory assigned to process): 229M, peak: 285M
current process commit charge ("private bytes"): 439M, peak: 440M

vm_info: Java HotSpot(TM) 64-Bit Server VM (11.0.14+8-LTS-263) for windows-amd64 JRE (11.0.14+8-LTS-263), built on Dec  7 2021 21:53:57 by "mach5one" with MS VC++ 15.9 (VS2017)

END.
